11:49:24 ----------------------------------------
11:49:24 Initiating move generation test on depth: 3
11:49:24 FEN of position to be brute forced:r3k2r/p1ppqpb1/bn2pnp1/3PN3/1p2P3/2N2Q1p/PPPBBPPP/R3K2R w KQkq - 0 0
11:49:24 r3k2r/p1ppqpb1/bn2pnp1/3PN3/Pp2P3/2N2Q1p/1PPBBPPP/R3K2R b KQkq a3 0 0
11:49:24 r3k2r/p1ppqpb1/bn2pnp1/3PN3/Pp2P3/2N2Q1p/1PPBBPPP/R3K2R b KQkq a3 0 1
11:49:24 ['a2a4']
11:49:24 r3k2r/p1ppqpb1/bn2pnp1/3PN3/1p2P3/P1N2Q1p/1PPBBPPP/R3K2R b KQkq - 0 0
11:49:24 r3k2r/p1ppqpb1/bn2pnp1/3PN3/1p2P3/P1N2Q1p/1PPBBPPP/R3K2R b KQkq - 0 1
11:49:24 ['a2a3']
11:49:24 r3k2r/p1ppqpb1/bn2pnp1/3PN3/1p2P3/2N2Q1p/PPPBBPPP/1R2K2R b Kkq - 1 0
11:49:24 r3k2r/p1ppqpb1/bn2pnp1/3PN3/1p2P3/2N2Q1p/PPPBBPPP/1R2K2R b Kkq - 1 1
11:49:24 ['a1b1']
11:49:24 r3k2r/p1ppqpb1/bn2pnp1/3PN3/1p2P3/2N2Q1p/PPPBBPPP/2R1K2R b Kkq - 1 0
11:49:24 r3k2r/p1ppqpb1/bn2pnp1/3PN3/1p2P3/2N2Q1p/PPPBBPPP/2R1K2R b Kkq - 1 1
11:49:24 ['a1c1']
11:49:24 r3k2r/p1ppqpb1/bn2pnp1/3PN3/1p2P3/2N2Q1p/PPPBBPPP/3RK2R b Kkq - 1 0
11:49:24 r3k2r/p1ppqpb1/bn2pnp1/3PN3/1p2P3/2N2Q1p/PPPBBPPP/3RK2R b Kkq - 1 1
11:49:24 ['a1d1']
11:49:24 r3k2r/p1ppqpb1/bn2pnp1/3PN3/1p2P3/1PN2Q1p/P1PBBPPP/R3K2R b KQkq - 0 0
11:49:24 r3k2r/p1ppqpb1/bn2pnp1/3PN3/1p2P3/1PN2Q1p/P1PBBPPP/R3K2R b KQkq - 0 1
11:49:24 ['b2b3']
11:49:24 r3k2r/p1ppqpb1/bn2pnp1/3PN3/Np2P3/5Q1p/PPPBBPPP/R3K2R b KQkq - 1 0
11:49:24 r3k2r/p1ppqpb1/bn2pnp1/3PN3/Np2P3/5Q1p/PPPBBPPP/R3K2R b KQkq - 1 1
11:49:24 ['c3a4']
11:49:24 r3k2r/p1ppqpb1/bn2pnp1/3PN3/1p2P3/5Q1p/PPPBBPPP/R2NK2R b KQkq - 1 0
11:49:24 r3k2r/p1ppqpb1/bn2pnp1/3PN3/1p2P3/5Q1p/PPPBBPPP/R2NK2R b KQkq - 1 1
11:49:24 ['c3d1']
11:49:24 r3k2r/p1ppqpb1/bn2pnp1/3PN3/1p2P3/5Q1p/PPPBBPPP/RN2K2R b KQkq - 1 0
11:49:24 r3k2r/p1ppqpb1/bn2pnp1/3PN3/1p2P3/5Q1p/PPPBBPPP/RN2K2R b KQkq - 1 1
11:49:24 ['c3b1']
11:49:24 r3k2r/p1ppqpb1/bn2pnp1/1N1PN3/1p2P3/5Q1p/PPPBBPPP/R3K2R b KQkq - 1 0
11:49:24 r3k2r/p1ppqpb1/bn2pnp1/1N1PN3/1p2P3/5Q1p/PPPBBPPP/R3K2R b KQkq - 1 1
11:49:24 ['c3b5']
11:49:24 r3k2r/p1ppqpb1/bn1Ppnp1/4N3/1p2P3/2N2Q1p/PPPBBPPP/R3K2R b KQkq - 0 0
11:49:24 r3k2r/p1ppqpb1/bn1Ppnp1/4N3/1p2P3/2N2Q1p/PPPBBPPP/R3K2R b KQkq - 0 1
11:49:24 ['d5d6']
11:49:24 r3k2r/p1ppqpb1/bn2Pnp1/4N3/1p2P3/2N2Q1p/PPPBBPPP/R3K2R b KQkq - 0 0
11:49:24 r3k2r/p1ppqpb1/bn2Pnp1/4N3/1p2P3/2N2Q1p/PPPBBPPP/R3K2R b KQkq - 0 1
11:49:24 ['d5e6']
11:49:24 r3k2r/p1ppqpb1/bn2pnp1/3PN3/1p2P3/2N2Q1p/PPP1BPPP/R1B1K2R b KQkq - 1 0
11:49:24 r3k2r/p1ppqpb1/bn2pnp1/3PN3/1p2P3/2N2Q1p/PPP1BPPP/R1B1K2R b KQkq - 1 1
11:49:24 ['d2c1']
11:49:24 r3k2r/p1ppqpb1/bn2pnp1/3PN3/1p2PB2/2N2Q1p/PPP1BPPP/R3K2R b KQkq - 1 0
11:49:24 r3k2r/p1ppqpb1/bn2pnp1/3PN3/1p2PB2/2N2Q1p/PPP1BPPP/R3K2R b KQkq - 1 1
11:49:24 ['d2f4']
11:49:24 r3k2r/p1ppqpb1/bn2pnp1/3PN3/1p2P3/2N1BQ1p/PPP1BPPP/R3K2R b KQkq - 1 0
11:49:24 r3k2r/p1ppqpb1/bn2pnp1/3PN3/1p2P3/2N1BQ1p/PPP1BPPP/R3K2R b KQkq - 1 1
11:49:24 ['d2e3']
11:49:24 r3k2r/p1ppqpb1/bn2pnp1/3PN1B1/1p2P3/2N2Q1p/PPP1BPPP/R3K2R b KQkq - 1 0
11:49:24 r3k2r/p1ppqpb1/bn2pnp1/3PN1B1/1p2P3/2N2Q1p/PPP1BPPP/R3K2R b KQkq - 1 1
11:49:24 ['d2g5']
11:49:24 r3k2r/p1ppqpb1/bn2pnpB/3PN3/1p2P3/2N2Q1p/PPP1BPPP/R3K2R b KQkq - 1 0
11:49:24 r3k2r/p1ppqpb1/bn2pnpB/3PN3/1p2P3/2N2Q1p/PPP1BPPP/R3K2R b KQkq - 1 1
11:49:24 ['d2h6']
11:49:24 r3k2r/p1ppqpb1/bn2pnp1/3P4/1p2P1N1/2N2Q1p/PPPBBPPP/R3K2R b KQkq - 1 0
11:49:24 r3k2r/p1ppqpb1/bn2pnp1/3P4/1p2P1N1/2N2Q1p/PPPBBPPP/R3K2R b KQkq - 1 1
11:49:24 ['e5g4']
11:49:24 r3k2r/p1ppqpb1/bn2pnN1/3P4/1p2P3/2N2Q1p/PPPBBPPP/R3K2R b KQkq - 0 0
11:49:24 r3k2r/p1ppqpb1/bn2pnN1/3P4/1p2P3/2N2Q1p/PPPBBPPP/R3K2R b KQkq - 0 1
11:49:24 ['e5g6']
11:49:24 r3k2r/p1ppqpb1/bn2pnp1/3P4/1pN1P3/2N2Q1p/PPPBBPPP/R3K2R b KQkq - 1 0
11:49:24 r3k2r/p1ppqpb1/bn2pnp1/3P4/1pN1P3/2N2Q1p/PPPBBPPP/R3K2R b KQkq - 1 1
11:49:24 ['e5c4']
11:49:24 r3k2r/p1ppqpb1/bnN1pnp1/3P4/1p2P3/2N2Q1p/PPPBBPPP/R3K2R b KQkq - 1 0
11:49:24 r3k2r/p1ppqpb1/bnN1pnp1/3P4/1p2P3/2N2Q1p/PPPBBPPP/R3K2R b KQkq - 1 1
11:49:24 ['e5c6']
11:49:24 r3k2r/p1ppqNb1/bn2pnp1/3P4/1p2P3/2N2Q1p/PPPBBPPP/R3K2R b KQkq - 0 0
11:49:24 r3k2r/p1ppqNb1/bn2pnp1/3P4/1p2P3/2N2Q1p/PPPBBPPP/R3K2R b KQkq - 0 1
11:49:24 ['e5f7']
11:49:24 r3k2r/p1ppqpb1/bn2pnp1/3P4/1p2P3/2NN1Q1p/PPPBBPPP/R3K2R b KQkq - 1 0
11:49:24 r3k2r/p1ppqpb1/bn2pnp1/3P4/1p2P3/2NN1Q1p/PPPBBPPP/R3K2R b KQkq - 1 1
11:49:24 ['e5d3']
11:49:24 r3k2r/p1pNqpb1/bn2pnp1/3P4/1p2P3/2N2Q1p/PPPBBPPP/R3K2R b KQkq - 0 0
11:49:24 r3k2r/p1pNqpb1/bn2pnp1/3P4/1p2P3/2N2Q1p/PPPBBPPP/R3K2R b KQkq - 0 1
11:49:24 ['e5d7']
11:49:24 r3k2r/p1ppqpb1/bn2pnp1/1B1PN3/1p2P3/2N2Q1p/PPPB1PPP/R3K2R b KQkq - 1 0
11:49:24 r3k2r/p1ppqpb1/bn2pnp1/1B1PN3/1p2P3/2N2Q1p/PPPB1PPP/R3K2R b KQkq - 1 1
11:49:24 ['e2b5']
11:49:24 r3k2r/p1ppqpb1/bn2pnp1/3PN3/1p2P3/2N2Q1p/PPPB1PPP/R3KB1R b KQkq - 1 0
11:49:24 r3k2r/p1ppqpb1/bn2pnp1/3PN3/1p2P3/2N2Q1p/PPPB1PPP/R3KB1R b KQkq - 1 1
11:49:24 ['e2f1']
11:49:24 r3k2r/p1ppqpb1/bn2pnp1/3PN3/1pB1P3/2N2Q1p/PPPB1PPP/R3K2R b KQkq - 1 0
11:49:24 r3k2r/p1ppqpb1/bn2pnp1/3PN3/1pB1P3/2N2Q1p/PPPB1PPP/R3K2R b KQkq - 1 1
11:49:24 ['e2c4']
11:49:24 r3k2r/p1ppqpb1/bn2pnp1/3PN3/1p2P3/2N2Q1p/PPPB1PPP/R2BK2R b KQkq - 1 0
11:49:24 r3k2r/p1ppqpb1/bn2pnp1/3PN3/1p2P3/2N2Q1p/PPPB1PPP/R2BK2R b KQkq - 1 1
11:49:24 ['e2d1']
11:49:24 r3k2r/p1ppqpb1/Bn2pnp1/3PN3/1p2P3/2N2Q1p/PPPB1PPP/R3K2R b KQkq - 0 0
11:49:24 r3k2r/p1ppqpb1/Bn2pnp1/3PN3/1p2P3/2N2Q1p/PPPB1PPP/R3K2R b KQkq - 0 1
11:49:24 ['e2a6']
11:49:24 r3k2r/p1ppqpb1/bn2pnp1/3PN3/1p2P3/2NB1Q1p/PPPB1PPP/R3K2R b KQkq - 1 0
11:49:24 r3k2r/p1ppqpb1/bn2pnp1/3PN3/1p2P3/2NB1Q1p/PPPB1PPP/R3K2R b KQkq - 1 1
11:49:24 ['e2d3']
11:49:24 r3k2r/p1ppqpb1/bn2pnp1/3PN3/1p2P3/2N2Q1p/PPPBBPPP/R4K1R b kq - 1 0
11:49:24 r3k2r/p1ppqpb1/bn2pnp1/3PN3/1p2P3/2N2Q1p/PPPBBPPP/R4K1R b kq - 1 1
11:49:24 ['e1f1']
11:49:24 r3k2r/p1ppqpb1/bn2pnp1/3PN3/1p2P3/2N2Q1p/PPPBBPPP/R2K3R b kq - 1 0
11:49:24 r3k2r/p1ppqpb1/bn2pnp1/3PN3/1p2P3/2N2Q1p/PPPBBPPP/R2K3R b kq - 1 1
11:49:24 ['e1d1']
11:49:24 r3k2r/p1ppqpb1/bn2pnp1/3PN3/1p2P3/2N2Q1p/PPPBBPPP/2KR3R b kq - 1 0
11:49:24 r3k2r/p1ppqpb1/bn2pnp1/3PN3/1p2P3/2N2Q1p/PPPBBPPP/2KR3R b kq - 1 1
11:49:24 ['e1c1']
11:49:24 r3k2r/p1ppqpb1/bn2pnp1/3PN3/1p2P3/2N2Q1p/PPPBBPPP/R4RK1 b kq - 1 0
11:49:24 r3k2r/p1ppqpb1/bn2pnp1/3PN3/1p2P3/2N2Q1p/PPPBBPPP/R4RK1 b kq - 1 1
11:49:24 ['e1g1']
11:49:24 r3k2r/p1ppqpb1/bn2pnp1/3PN3/1p2P1Q1/2N4p/PPPBBPPP/R3K2R b KQkq - 1 0
11:49:24 r3k2r/p1ppqpb1/bn2pnp1/3PN3/1p2P1Q1/2N4p/PPPBBPPP/R3K2R b KQkq - 1 1
11:49:24 ['f3g4']
11:49:24 r3k2r/p1ppqpb1/bn2pnp1/3PN2Q/1p2P3/2N4p/PPPBBPPP/R3K2R b KQkq - 1 0
11:49:24 r3k2r/p1ppqpb1/bn2pnp1/3PN2Q/1p2P3/2N4p/PPPBBPPP/R3K2R b KQkq - 1 1
11:49:24 ['f3h5']
11:49:24 r3k2r/p1ppqpb1/bn2pnp1/3PN3/1p2P3/2N3Qp/PPPBBPPP/R3K2R b KQkq - 1 0
11:49:24 r3k2r/p1ppqpb1/bn2pnp1/3PN3/1p2P3/2N3Qp/PPPBBPPP/R3K2R b KQkq - 1 1
11:49:24 ['f3g3']
11:49:24 r3k2r/p1ppqpb1/bn2pnp1/3PN3/1p2P3/2N4Q/PPPBBPPP/R3K2R b KQkq - 0 0
11:49:24 r3k2r/p1ppqpb1/bn2pnp1/3PN3/1p2P3/2N4Q/PPPBBPPP/R3K2R b KQkq - 0 1
11:49:24 ['f3h3']
11:49:25 r3k2r/p1ppqpb1/bn2pnp1/3PN3/1p2PQ2/2N4p/PPPBBPPP/R3K2R b KQkq - 1 0
11:49:25 r3k2r/p1ppqpb1/bn2pnp1/3PN3/1p2PQ2/2N4p/PPPBBPPP/R3K2R b KQkq - 1 1
11:49:25 ['f3f4']
11:49:25 r3k2r/p1ppqpb1/bn2pnp1/3PNQ2/1p2P3/2N4p/PPPBBPPP/R3K2R b KQkq - 1 0
11:49:25 r3k2r/p1ppqpb1/bn2pnp1/3PNQ2/1p2P3/2N4p/PPPBBPPP/R3K2R b KQkq - 1 1
11:49:25 ['f3f5']
11:49:25 r3k2r/p1ppqpb1/bn2pQp1/3PN3/1p2P3/2N4p/PPPBBPPP/R3K2R b KQkq - 0 0
11:49:25 r3k2r/p1ppqpb1/bn2pQp1/3PN3/1p2P3/2N4p/PPPBBPPP/R3K2R b KQkq - 0 1
11:49:25 ['f3f6']
11:49:25 r3k2r/p1ppqpb1/bn2pnp1/3PN3/1p2P3/2N1Q2p/PPPBBPPP/R3K2R b KQkq - 1 0
11:49:25 r3k2r/p1ppqpb1/bn2pnp1/3PN3/1p2P3/2N1Q2p/PPPBBPPP/R3K2R b KQkq - 1 1
11:49:25 ['f3e3']
11:49:25 r3k2r/p1ppqpb1/bn2pnp1/3PN3/1p2P3/2NQ3p/PPPBBPPP/R3K2R b KQkq - 1 0
11:49:25 r3k2r/p1ppqpb1/bn2pnp1/3PN3/1p2P3/2NQ3p/PPPBBPPP/R3K2R b KQkq - 1 1
11:49:25 ['f3d3']
11:49:25 r3k2r/p1ppqpb1/bn2pnp1/3PN3/1p2P1P1/2N2Q1p/PPPBBP1P/R3K2R b KQkq g3 0 0
11:49:25 r3k2r/p1ppqpb1/bn2pnp1/3PN3/1p2P1P1/2N2Q1p/PPPBBP1P/R3K2R b KQkq - 0 1
11:49:25 ['g2g4']
11:49:25 r3k2r/p1ppqpb1/bn2pnp1/3PN3/1p2P3/2N2QPp/PPPBBP1P/R3K2R b KQkq - 0 0
11:49:25 r3k2r/p1ppqpb1/bn2pnp1/3PN3/1p2P3/2N2QPp/PPPBBP1P/R3K2R b KQkq - 0 1
11:49:25 ['g2g3']
11:49:25 r3k2r/p1ppqpb1/bn2pnp1/3PN3/1p2P3/2N2Q1P/PPPBBP1P/R3K2R b KQkq - 0 0
11:49:25 r3k2r/p1ppqpb1/bn2pnp1/3PN3/1p2P3/2N2Q1P/PPPBBP1P/R3K2R b KQkq - 0 1
11:49:25 ['g2h3']
11:49:25 r3k2r/p1ppqpb1/bn2pnp1/3PN3/1p2P3/2N2Q1p/PPPBBPPP/R3K1R1 b Qkq - 1 0
11:49:25 r3k2r/p1ppqpb1/bn2pnp1/3PN3/1p2P3/2N2Q1p/PPPBBPPP/R3K1R1 b Qkq - 1 1
11:49:25 ['h1g1']
11:49:25 r3k2r/p1ppqpb1/bn2pnp1/3PN3/1p2P3/2N2Q1p/PPPBBPPP/R3KR2 b Qkq - 1 0
11:49:25 r3k2r/p1ppqpb1/bn2pnp1/3PN3/1p2P3/2N2Q1p/PPPBBPPP/R3KR2 b Qkq - 1 1
11:49:25 ['h1f1']
11:49:25 Result of possible games with 1 ply: 48/48 - OK
11:49:25 Elapsed time in 1 ply: 00h00m00s seconds
11:49:25 r3k2r/p1ppqpb1/bn2pnp1/3PN3/Pp2P3/2N2Q1p/1PPBBPPP/R3K2R b KQkq a3 0 0
11:49:25 r3k2r/p1ppqpb1/bn2pnp1/3PN3/Pp2P3/2N2Q1p/1PPBBPPP/R3K2R b KQkq a3 0 1
11:49:25 ['a2a4']
11:49:25 1r2k2r/p1ppqpb1/bn2pnp1/3PN3/Pp2P3/2N2Q1p/1PPBBPPP/R3K2R w KQk - 1 1
11:49:25 1r2k2r/p1ppqpb1/bn2pnp1/3PN3/Pp2P3/2N2Q1p/1PPBBPPP/R3K2R w KQk - 1 2
11:49:25 ['a2a4', 'a8b8']
11:49:25 2r1k2r/p1ppqpb1/bn2pnp1/3PN3/Pp2P3/2N2Q1p/1PPBBPPP/R3K2R w KQk - 1 1
11:49:25 2r1k2r/p1ppqpb1/bn2pnp1/3PN3/Pp2P3/2N2Q1p/1PPBBPPP/R3K2R w KQk - 1 2
11:49:25 ['a2a4', 'a8c8']
11:49:25 3rk2r/p1ppqpb1/bn2pnp1/3PN3/Pp2P3/2N2Q1p/1PPBBPPP/R3K2R w KQk - 1 1
11:49:25 3rk2r/p1ppqpb1/bn2pnp1/3PN3/Pp2P3/2N2Q1p/1PPBBPPP/R3K2R w KQk - 1 2
11:49:25 ['a2a4', 'a8d8']
11:49:25 r3k2r/p1ppqpb1/1n2pnp1/1b1PN3/Pp2P3/2N2Q1p/1PPBBPPP/R3K2R w KQkq - 1 1
11:49:25 r3k2r/p1ppqpb1/1n2pnp1/1b1PN3/Pp2P3/2N2Q1p/1PPBBPPP/R3K2R w KQkq - 1 2
11:49:25 ['a2a4', 'a6b5']
11:49:25 r3k2r/p1ppqpb1/1n2pnp1/3PN3/Pp2P3/2N2Q1p/1PPBbPPP/R3K2R w KQkq - 0 1
11:49:25 r3k2r/p1ppqpb1/1n2pnp1/3PN3/Pp2P3/2N2Q1p/1PPBbPPP/R3K2R w KQkq - 0 2
11:49:25 ['a2a4', 'a6e2']
11:49:25 r1b1k2r/p1ppqpb1/1n2pnp1/3PN3/Pp2P3/2N2Q1p/1PPBBPPP/R3K2R w KQkq - 1 1
11:49:25 r1b1k2r/p1ppqpb1/1n2pnp1/3PN3/Pp2P3/2N2Q1p/1PPBBPPP/R3K2R w KQkq - 1 2
11:49:25 ['a2a4', 'a6c8']
11:49:25 r3k2r/p1ppqpb1/1n2pnp1/3PN3/Ppb1P3/2N2Q1p/1PPBBPPP/R3K2R w KQkq - 1 1
11:49:25 r3k2r/p1ppqpb1/1n2pnp1/3PN3/Ppb1P3/2N2Q1p/1PPBBPPP/R3K2R w KQkq - 1 2
11:49:25 ['a2a4', 'a6c4']
11:49:25 r3k2r/pbppqpb1/1n2pnp1/3PN3/Pp2P3/2N2Q1p/1PPBBPPP/R3K2R w KQkq - 1 1
11:49:25 r3k2r/pbppqpb1/1n2pnp1/3PN3/Pp2P3/2N2Q1p/1PPBBPPP/R3K2R w KQkq - 1 2
11:49:25 ['a2a4', 'a6b7']
11:49:25 r3k2r/p1ppqpb1/1n2pnp1/3PN3/Pp2P3/2Nb1Q1p/1PPBBPPP/R3K2R w KQkq - 1 1
11:49:25 r3k2r/p1ppqpb1/1n2pnp1/3PN3/Pp2P3/2Nb1Q1p/1PPBBPPP/R3K2R w KQkq - 1 2
11:49:25 ['a2a4', 'a6d3']
11:49:25 r3k2r/p1ppqpb1/b3pnp1/3nN3/Pp2P3/2N2Q1p/1PPBBPPP/R3K2R w KQkq - 0 1
11:49:25 r3k2r/p1ppqpb1/b3pnp1/3nN3/Pp2P3/2N2Q1p/1PPBBPPP/R3K2R w KQkq - 0 2
11:49:25 ['a2a4', 'b6d5']
11:49:25 r3k2r/p1ppqpb1/b3pnp1/3PN3/Ppn1P3/2N2Q1p/1PPBBPPP/R3K2R w KQkq - 1 1
11:49:25 r3k2r/p1ppqpb1/b3pnp1/3PN3/Ppn1P3/2N2Q1p/1PPBBPPP/R3K2R w KQkq - 1 2
11:49:25 ['a2a4', 'b6c4']
11:49:25 r1n1k2r/p1ppqpb1/b3pnp1/3PN3/Pp2P3/2N2Q1p/1PPBBPPP/R3K2R w KQkq - 1 1
11:49:25 r1n1k2r/p1ppqpb1/b3pnp1/3PN3/Pp2P3/2N2Q1p/1PPBBPPP/R3K2R w KQkq - 1 2
11:49:25 ['a2a4', 'b6c8']
11:49:25 r3k2r/p1ppqpb1/b3pnp1/3PN3/np2P3/2N2Q1p/1PPBBPPP/R3K2R w KQkq - 0 1
11:49:25 r3k2r/p1ppqpb1/b3pnp1/3PN3/np2P3/2N2Q1p/1PPBBPPP/R3K2R w KQkq - 0 2
11:49:25 ['a2a4', 'b6a4']
11:49:25 r3k2r/p1ppqpb1/bn2pnp1/3PN3/P3P3/1pN2Q1p/1PPBBPPP/R3K2R w KQkq - 0 1
11:49:25 r3k2r/p1ppqpb1/bn2pnp1/3PN3/P3P3/1pN2Q1p/1PPBBPPP/R3K2R w KQkq - 0 2
11:49:25 ['a2a4', 'b4b3']
11:49:25 r3k2r/p1ppqpb1/bn2pnp1/3PN3/P3P3/2p2Q1p/1PPBBPPP/R3K2R w KQkq - 0 1
11:49:25 r3k2r/p1ppqpb1/bn2pnp1/3PN3/P3P3/2p2Q1p/1PPBBPPP/R3K2R w KQkq - 0 2
11:49:25 ['a2a4', 'b4c3']
11:49:25 r3k2r/p1ppqpb1/bn2pnp1/3PN3/4P3/p1N2Q1p/1PPBBPPP/R3K2R w KQkq - 0 1
11:49:25 r3k2r/p1ppqpb1/bn2pnp1/3PN3/4P3/p1N2Q1p/1PPBBPPP/R3K2R w KQkq - 0 2
11:49:25 ['a2a4', 'b4a3']
11:49:25 r3k2r/p2pqpb1/bn2pnp1/2pPN3/Pp2P3/2N2Q1p/1PPBBPPP/R3K2R w KQkq c6 0 1
11:49:25 r3k2r/p2pqpb1/bn2pnp1/2pPN3/Pp2P3/2N2Q1p/1PPBBPPP/R3K2R w KQkq c6 0 2
11:49:25 ['a2a4', 'c7c5']
11:49:25 r3k2r/p2pqpb1/bnp1pnp1/3PN3/Pp2P3/2N2Q1p/1PPBBPPP/R3K2R w KQkq - 0 1
11:49:25 r3k2r/p2pqpb1/bnp1pnp1/3PN3/Pp2P3/2N2Q1p/1PPBBPPP/R3K2R w KQkq - 0 2
11:49:25 ['a2a4', 'c7c6']
11:49:25 r3k2r/p1p1qpb1/bn1ppnp1/3PN3/Pp2P3/2N2Q1p/1PPBBPPP/R3K2R w KQkq - 0 1
11:49:25 r3k2r/p1p1qpb1/bn1ppnp1/3PN3/Pp2P3/2N2Q1p/1PPBBPPP/R3K2R w KQkq - 0 2
11:49:25 ['a2a4', 'd7d6']
11:49:25 r4k1r/p1ppqpb1/bn2pnp1/3PN3/Pp2P3/2N2Q1p/1PPBBPPP/R3K2R w KQ - 1 1
11:49:25 r4k1r/p1ppqpb1/bn2pnp1/3PN3/Pp2P3/2N2Q1p/1PPBBPPP/R3K2R w KQ - 1 2
11:49:25 ['a2a4', 'e8f8']
11:49:25 r2k3r/p1ppqpb1/bn2pnp1/3PN3/Pp2P3/2N2Q1p/1PPBBPPP/R3K2R w KQ - 1 1
11:49:25 r2k3r/p1ppqpb1/bn2pnp1/3PN3/Pp2P3/2N2Q1p/1PPBBPPP/R3K2R w KQ - 1 2
11:49:25 ['a2a4', 'e8d8']
11:49:25 2kr3r/p1ppqpb1/bn2pnp1/3PN3/Pp2P3/2N2Q1p/1PPBBPPP/R3K2R w KQ - 1 1
11:49:25 2kr3r/p1ppqpb1/bn2pnp1/3PN3/Pp2P3/2N2Q1p/1PPBBPPP/R3K2R w KQ - 1 2
11:49:25 ['a2a4', 'e8c8']
11:49:25 r4rk1/p1ppqpb1/bn2pnp1/3PN3/Pp2P3/2N2Q1p/1PPBBPPP/R3K2R w KQ - 1 1
11:49:25 r4rk1/p1ppqpb1/bn2pnp1/3PN3/Pp2P3/2N2Q1p/1PPBBPPP/R3K2R w KQ - 1 2
11:49:25 ['a2a4', 'e8g8']
11:49:25 r2qk2r/p1pp1pb1/bn2pnp1/3PN3/Pp2P3/2N2Q1p/1PPBBPPP/R3K2R w KQkq - 1 1
11:49:25 r2qk2r/p1pp1pb1/bn2pnp1/3PN3/Pp2P3/2N2Q1p/1PPBBPPP/R3K2R w KQkq - 1 2
11:49:25 ['a2a4', 'e7d8']
11:49:25 r3k2r/p1pp1pb1/bn1qpnp1/3PN3/Pp2P3/2N2Q1p/1PPBBPPP/R3K2R w KQkq - 1 1
11:49:25 r3k2r/p1pp1pb1/bn1qpnp1/3PN3/Pp2P3/2N2Q1p/1PPBBPPP/R3K2R w KQkq - 1 2
11:49:25 ['a2a4', 'e7d6']
11:49:25 r3k2r/p1pp1pb1/bn2pnp1/2qPN3/Pp2P3/2N2Q1p/1PPBBPPP/R3K2R w KQkq - 1 1
11:49:25 r3k2r/p1pp1pb1/bn2pnp1/2qPN3/Pp2P3/2N2Q1p/1PPBBPPP/R3K2R w KQkq - 1 2
11:49:25 ['a2a4', 'e7c5']
11:49:25 r3kq1r/p1pp1pb1/bn2pnp1/3PN3/Pp2P3/2N2Q1p/1PPBBPPP/R3K2R w KQkq - 1 1
11:49:25 r3kq1r/p1pp1pb1/bn2pnp1/3PN3/Pp2P3/2N2Q1p/1PPBBPPP/R3K2R w KQkq - 1 2
11:49:25 ['a2a4', 'e7f8']
11:49:25 r3k2r/p1ppqpb1/bn3np1/3pN3/Pp2P3/2N2Q1p/1PPBBPPP/R3K2R w KQkq - 0 1
11:49:25 r3k2r/p1ppqpb1/bn3np1/3pN3/Pp2P3/2N2Q1p/1PPBBPPP/R3K2R w KQkq - 0 2
11:49:25 ['a2a4', 'e6d5']
11:49:25 r3k2r/p1ppqpb1/bn2p1p1/3PN2n/Pp2P3/2N2Q1p/1PPBBPPP/R3K2R w KQkq - 1 1
11:49:25 r3k2r/p1ppqpb1/bn2p1p1/3PN2n/Pp2P3/2N2Q1p/1PPBBPPP/R3K2R w KQkq - 1 2
11:49:25 ['a2a4', 'f6h5']
11:49:25 r3k2r/p1ppqpbn/bn2p1p1/3PN3/Pp2P3/2N2Q1p/1PPBBPPP/R3K2R w KQkq - 1 1
11:49:25 r3k2r/p1ppqpbn/bn2p1p1/3PN3/Pp2P3/2N2Q1p/1PPBBPPP/R3K2R w KQkq - 1 2
11:49:25 ['a2a4', 'f6h7']
11:49:25 r3k2r/p1ppqpb1/bn2p1p1/3nN3/Pp2P3/2N2Q1p/1PPBBPPP/R3K2R w KQkq - 0 1
11:49:25 r3k2r/p1ppqpb1/bn2p1p1/3nN3/Pp2P3/2N2Q1p/1PPBBPPP/R3K2R w KQkq - 0 2
11:49:25 ['a2a4', 'f6d5']
11:49:25 r3k2r/p1ppqpb1/bn2p1p1/3PN3/Pp2P1n1/2N2Q1p/1PPBBPPP/R3K2R w KQkq - 1 1
11:49:25 r3k2r/p1ppqpb1/bn2p1p1/3PN3/Pp2P1n1/2N2Q1p/1PPBBPPP/R3K2R w KQkq - 1 2
11:49:25 ['a2a4', 'f6g4']
11:49:25 r3k1nr/p1ppqpb1/bn2p1p1/3PN3/Pp2P3/2N2Q1p/1PPBBPPP/R3K2R w KQkq - 1 1
11:49:25 r3k1nr/p1ppqpb1/bn2p1p1/3PN3/Pp2P3/2N2Q1p/1PPBBPPP/R3K2R w KQkq - 1 2
11:49:25 ['a2a4', 'f6g8']
11:49:25 r3k2r/p1ppqpb1/bn2p1p1/3PN3/Pp2n3/2N2Q1p/1PPBBPPP/R3K2R w KQkq - 0 1
11:49:25 r3k2r/p1ppqpb1/bn2p1p1/3PN3/Pp2n3/2N2Q1p/1PPBBPPP/R3K2R w KQkq - 0 2
11:49:25 ['a2a4', 'f6e4']
11:49:25 r3k2r/p1ppqp2/bn2pnpb/3PN3/Pp2P3/2N2Q1p/1PPBBPPP/R3K2R w KQkq - 1 1
11:49:25 r3k2r/p1ppqp2/bn2pnpb/3PN3/Pp2P3/2N2Q1p/1PPBBPPP/R3K2R w KQkq - 1 2
11:49:25 ['a2a4', 'g7h6']
11:49:25 r3kb1r/p1ppqp2/bn2pnp1/3PN3/Pp2P3/2N2Q1p/1PPBBPPP/R3K2R w KQkq - 1 1
11:49:25 r3kb1r/p1ppqp2/bn2pnp1/3PN3/Pp2P3/2N2Q1p/1PPBBPPP/R3K2R w KQkq - 1 2
11:49:25 ['a2a4', 'g7f8']
11:49:25 r3k2r/p1ppqpb1/bn2pn2/3PN1p1/Pp2P3/2N2Q1p/1PPBBPPP/R3K2R w KQkq - 0 1
11:49:25 r3k2r/p1ppqpb1/bn2pn2/3PN1p1/Pp2P3/2N2Q1p/1PPBBPPP/R3K2R w KQkq - 0 2
11:49:25 ['a2a4', 'g6g5']
11:49:25 r3k3/p1ppqpbr/bn2pnp1/3PN3/Pp2P3/2N2Q1p/1PPBBPPP/R3K2R w KQq - 1 1
11:49:25 r3k3/p1ppqpbr/bn2pnp1/3PN3/Pp2P3/2N2Q1p/1PPBBPPP/R3K2R w KQq - 1 2
11:49:25 ['a2a4', 'h8h7']
11:49:25 r3k3/p1ppqpb1/bn2pnpr/3PN3/Pp2P3/2N2Q1p/1PPBBPPP/R3K2R w KQq - 1 1
11:49:25 r3k3/p1ppqpb1/bn2pnpr/3PN3/Pp2P3/2N2Q1p/1PPBBPPP/R3K2R w KQq - 1 2
11:49:25 ['a2a4', 'h8h6']
11:49:25 r3k3/p1ppqpb1/bn2pnp1/3PN2r/Pp2P3/2N2Q1p/1PPBBPPP/R3K2R w KQq - 1 1
11:49:25 r3k3/p1ppqpb1/bn2pnp1/3PN2r/Pp2P3/2N2Q1p/1PPBBPPP/R3K2R w KQq - 1 2
11:49:25 ['a2a4', 'h8h5']
11:49:25 r3k3/p1ppqpb1/bn2pnp1/3PN3/Pp2P2r/2N2Q1p/1PPBBPPP/R3K2R w KQq - 1 1
11:49:25 r3k3/p1ppqpb1/bn2pnp1/3PN3/Pp2P2r/2N2Q1p/1PPBBPPP/R3K2R w KQq - 1 2
11:49:25 ['a2a4', 'h8h4']
11:49:25 r3k1r1/p1ppqpb1/bn2pnp1/3PN3/Pp2P3/2N2Q1p/1PPBBPPP/R3K2R w KQq - 1 1
11:49:25 r3k1r1/p1ppqpb1/bn2pnp1/3PN3/Pp2P3/2N2Q1p/1PPBBPPP/R3K2R w KQq - 1 2
11:49:25 ['a2a4', 'h8g8']
11:49:25 r3kr2/p1ppqpb1/bn2pnp1/3PN3/Pp2P3/2N2Q1p/1PPBBPPP/R3K2R w KQq - 1 1
11:49:25 r3kr2/p1ppqpb1/bn2pnp1/3PN3/Pp2P3/2N2Q1p/1PPBBPPP/R3K2R w KQq - 1 2
11:49:25 ['a2a4', 'h8f8']
11:49:25 r3k2r/p1ppqpb1/bn2pnp1/3PN3/Pp2P3/2N2Q2/1PPBBPpP/R3K2R w KQkq - 0 1
11:49:25 r3k2r/p1ppqpb1/bn2pnp1/3PN3/Pp2P3/2N2Q2/1PPBBPpP/R3K2R w KQkq - 0 2
11:49:25 ['a2a4', 'h3g2']
11:49:25 r3k2r/p1ppqpb1/bn2pnp1/3PN3/1p2P3/P1N2Q1p/1PPBBPPP/R3K2R b KQkq - 0 0
11:49:25 r3k2r/p1ppqpb1/bn2pnp1/3PN3/1p2P3/P1N2Q1p/1PPBBPPP/R3K2R b KQkq - 0 1
11:49:25 ['a2a3']
11:49:25 1r2k2r/p1ppqpb1/bn2pnp1/3PN3/1p2P3/P1N2Q1p/1PPBBPPP/R3K2R w KQk - 1 1
11:49:25 1r2k2r/p1ppqpb1/bn2pnp1/3PN3/1p2P3/P1N2Q1p/1PPBBPPP/R3K2R w KQk - 1 2
11:49:25 ['a2a3', 'a8b8']
11:49:25 2r1k2r/p1ppqpb1/bn2pnp1/3PN3/1p2P3/P1N2Q1p/1PPBBPPP/R3K2R w KQk - 1 1
11:49:25 2r1k2r/p1ppqpb1/bn2pnp1/3PN3/1p2P3/P1N2Q1p/1PPBBPPP/R3K2R w KQk - 1 2
11:49:25 ['a2a3', 'a8c8']
11:49:25 3rk2r/p1ppqpb1/bn2pnp1/3PN3/1p2P3/P1N2Q1p/1PPBBPPP/R3K2R w KQk - 1 1
11:49:25 3rk2r/p1ppqpb1/bn2pnp1/3PN3/1p2P3/P1N2Q1p/1PPBBPPP/R3K2R w KQk - 1 2
11:49:25 ['a2a3', 'a8d8']
11:49:25 r3k2r/p1ppqpb1/1n2pnp1/1b1PN3/1p2P3/P1N2Q1p/1PPBBPPP/R3K2R w KQkq - 1 1
11:49:25 r3k2r/p1ppqpb1/1n2pnp1/1b1PN3/1p2P3/P1N2Q1p/1PPBBPPP/R3K2R w KQkq - 1 2
11:49:25 ['a2a3', 'a6b5']
11:49:25 r3k2r/p1ppqpb1/1n2pnp1/3PN3/1p2P3/P1N2Q1p/1PPBbPPP/R3K2R w KQkq - 0 1
11:49:25 r3k2r/p1ppqpb1/1n2pnp1/3PN3/1p2P3/P1N2Q1p/1PPBbPPP/R3K2R w KQkq - 0 2
11:49:25 ['a2a3', 'a6e2']
11:49:25 r1b1k2r/p1ppqpb1/1n2pnp1/3PN3/1p2P3/P1N2Q1p/1PPBBPPP/R3K2R w KQkq - 1 1
11:49:25 r1b1k2r/p1ppqpb1/1n2pnp1/3PN3/1p2P3/P1N2Q1p/1PPBBPPP/R3K2R w KQkq - 1 2
11:49:25 ['a2a3', 'a6c8']
11:49:25 r3k2r/p1ppqpb1/1n2pnp1/3PN3/1pb1P3/P1N2Q1p/1PPBBPPP/R3K2R w KQkq - 1 1
11:49:25 r3k2r/p1ppqpb1/1n2pnp1/3PN3/1pb1P3/P1N2Q1p/1PPBBPPP/R3K2R w KQkq - 1 2
11:49:25 ['a2a3', 'a6c4']
11:49:25 r3k2r/pbppqpb1/1n2pnp1/3PN3/1p2P3/P1N2Q1p/1PPBBPPP/R3K2R w KQkq - 1 1
11:49:25 r3k2r/pbppqpb1/1n2pnp1/3PN3/1p2P3/P1N2Q1p/1PPBBPPP/R3K2R w KQkq - 1 2
11:49:25 ['a2a3', 'a6b7']
11:49:25 r3k2r/p1ppqpb1/1n2pnp1/3PN3/1p2P3/P1Nb1Q1p/1PPBBPPP/R3K2R w KQkq - 1 1
11:49:25 r3k2r/p1ppqpb1/1n2pnp1/3PN3/1p2P3/P1Nb1Q1p/1PPBBPPP/R3K2R w KQkq - 1 2
11:49:25 ['a2a3', 'a6d3']
11:49:25 r3k2r/p1ppqpb1/b3pnp1/3nN3/1p2P3/P1N2Q1p/1PPBBPPP/R3K2R w KQkq - 0 1
11:49:25 r3k2r/p1ppqpb1/b3pnp1/3nN3/1p2P3/P1N2Q1p/1PPBBPPP/R3K2R w KQkq - 0 2
11:49:25 ['a2a3', 'b6d5']
11:49:25 r3k2r/p1ppqpb1/b3pnp1/3PN3/1pn1P3/P1N2Q1p/1PPBBPPP/R3K2R w KQkq - 1 1
11:49:25 r3k2r/p1ppqpb1/b3pnp1/3PN3/1pn1P3/P1N2Q1p/1PPBBPPP/R3K2R w KQkq - 1 2
11:49:25 ['a2a3', 'b6c4']
11:49:25 r1n1k2r/p1ppqpb1/b3pnp1/3PN3/1p2P3/P1N2Q1p/1PPBBPPP/R3K2R w KQkq - 1 1
11:49:25 r1n1k2r/p1ppqpb1/b3pnp1/3PN3/1p2P3/P1N2Q1p/1PPBBPPP/R3K2R w KQkq - 1 2
11:49:25 ['a2a3', 'b6c8']
11:49:25 r3k2r/p1ppqpb1/b3pnp1/3PN3/np2P3/P1N2Q1p/1PPBBPPP/R3K2R w KQkq - 1 1
11:49:25 r3k2r/p1ppqpb1/b3pnp1/3PN3/np2P3/P1N2Q1p/1PPBBPPP/R3K2R w KQkq - 1 2
11:49:25 ['a2a3', 'b6a4']
11:49:25 r3k2r/p1ppqpb1/bn2pnp1/3PN3/4P3/PpN2Q1p/1PPBBPPP/R3K2R w KQkq - 0 1
11:49:25 r3k2r/p1ppqpb1/bn2pnp1/3PN3/4P3/PpN2Q1p/1PPBBPPP/R3K2R w KQkq - 0 2
11:49:25 ['a2a3', 'b4b3']
11:49:25 r3k2r/p1ppqpb1/bn2pnp1/3PN3/4P3/P1p2Q1p/1PPBBPPP/R3K2R w KQkq - 0 1
11:49:25 r3k2r/p1ppqpb1/bn2pnp1/3PN3/4P3/P1p2Q1p/1PPBBPPP/R3K2R w KQkq - 0 2
11:49:25 ['a2a3', 'b4c3']
11:49:25 r3k2r/p1ppqpb1/bn2pnp1/3PN3/4P3/p1N2Q1p/1PPBBPPP/R3K2R w KQkq - 0 1
11:49:25 r3k2r/p1ppqpb1/bn2pnp1/3PN3/4P3/p1N2Q1p/1PPBBPPP/R3K2R w KQkq - 0 2
11:49:25 ['a2a3', 'b4a3']
11:49:25 r3k2r/p2pqpb1/bn2pnp1/2pPN3/1p2P3/P1N2Q1p/1PPBBPPP/R3K2R w KQkq c6 0 1
11:49:25 r3k2r/p2pqpb1/bn2pnp1/2pPN3/1p2P3/P1N2Q1p/1PPBBPPP/R3K2R w KQkq c6 0 2
11:49:25 ['a2a3', 'c7c5']
11:49:25 r3k2r/p2pqpb1/bnp1pnp1/3PN3/1p2P3/P1N2Q1p/1PPBBPPP/R3K2R w KQkq - 0 1
11:49:25 r3k2r/p2pqpb1/bnp1pnp1/3PN3/1p2P3/P1N2Q1p/1PPBBPPP/R3K2R w KQkq - 0 2
11:49:25 ['a2a3', 'c7c6']
11:49:25 r3k2r/p1p1qpb1/bn1ppnp1/3PN3/1p2P3/P1N2Q1p/1PPBBPPP/R3K2R w KQkq - 0 1
11:49:25 r3k2r/p1p1qpb1/bn1ppnp1/3PN3/1p2P3/P1N2Q1p/1PPBBPPP/R3K2R w KQkq - 0 2
11:49:25 ['a2a3', 'd7d6']
11:49:25 r4k1r/p1ppqpb1/bn2pnp1/3PN3/1p2P3/P1N2Q1p/1PPBBPPP/R3K2R w KQ - 1 1
11:49:25 r4k1r/p1ppqpb1/bn2pnp1/3PN3/1p2P3/P1N2Q1p/1PPBBPPP/R3K2R w KQ - 1 2
11:49:25 ['a2a3', 'e8f8']
11:49:25 r2k3r/p1ppqpb1/bn2pnp1/3PN3/1p2P3/P1N2Q1p/1PPBBPPP/R3K2R w KQ - 1 1
11:49:25 r2k3r/p1ppqpb1/bn2pnp1/3PN3/1p2P3/P1N2Q1p/1PPBBPPP/R3K2R w KQ - 1 2
11:49:25 ['a2a3', 'e8d8']
11:49:25 2kr3r/p1ppqpb1/bn2pnp1/3PN3/1p2P3/P1N2Q1p/1PPBBPPP/R3K2R w KQ - 1 1
11:49:25 2kr3r/p1ppqpb1/bn2pnp1/3PN3/1p2P3/P1N2Q1p/1PPBBPPP/R3K2R w KQ - 1 2
11:49:25 ['a2a3', 'e8c8']
11:49:25 r4rk1/p1ppqpb1/bn2pnp1/3PN3/1p2P3/P1N2Q1p/1PPBBPPP/R3K2R w KQ - 1 1
11:49:25 r4rk1/p1ppqpb1/bn2pnp1/3PN3/1p2P3/P1N2Q1p/1PPBBPPP/R3K2R w KQ - 1 2
11:49:25 ['a2a3', 'e8g8']
11:49:25 r2qk2r/p1pp1pb1/bn2pnp1/3PN3/1p2P3/P1N2Q1p/1PPBBPPP/R3K2R w KQkq - 1 1
11:49:25 r2qk2r/p1pp1pb1/bn2pnp1/3PN3/1p2P3/P1N2Q1p/1PPBBPPP/R3K2R w KQkq - 1 2
11:49:25 ['a2a3', 'e7d8']
11:49:25 r3k2r/p1pp1pb1/bn1qpnp1/3PN3/1p2P3/P1N2Q1p/1PPBBPPP/R3K2R w KQkq - 1 1
11:49:25 r3k2r/p1pp1pb1/bn1qpnp1/3PN3/1p2P3/P1N2Q1p/1PPBBPPP/R3K2R w KQkq - 1 2
11:49:25 ['a2a3', 'e7d6']
11:49:25 r3k2r/p1pp1pb1/bn2pnp1/2qPN3/1p2P3/P1N2Q1p/1PPBBPPP/R3K2R w KQkq - 1 1
11:49:25 r3k2r/p1pp1pb1/bn2pnp1/2qPN3/1p2P3/P1N2Q1p/1PPBBPPP/R3K2R w KQkq - 1 2
11:49:25 ['a2a3', 'e7c5']
11:49:25 r3kq1r/p1pp1pb1/bn2pnp1/3PN3/1p2P3/P1N2Q1p/1PPBBPPP/R3K2R w KQkq - 1 1
11:49:25 r3kq1r/p1pp1pb1/bn2pnp1/3PN3/1p2P3/P1N2Q1p/1PPBBPPP/R3K2R w KQkq - 1 2
11:49:25 ['a2a3', 'e7f8']
11:49:25 r3k2r/p1ppqpb1/bn3np1/3pN3/1p2P3/P1N2Q1p/1PPBBPPP/R3K2R w KQkq - 0 1
11:49:25 r3k2r/p1ppqpb1/bn3np1/3pN3/1p2P3/P1N2Q1p/1PPBBPPP/R3K2R w KQkq - 0 2
11:49:25 ['a2a3', 'e6d5']
11:49:25 r3k2r/p1ppqpb1/bn2p1p1/3PN2n/1p2P3/P1N2Q1p/1PPBBPPP/R3K2R w KQkq - 1 1
11:49:25 r3k2r/p1ppqpb1/bn2p1p1/3PN2n/1p2P3/P1N2Q1p/1PPBBPPP/R3K2R w KQkq - 1 2
11:49:25 ['a2a3', 'f6h5']
11:49:25 r3k2r/p1ppqpbn/bn2p1p1/3PN3/1p2P3/P1N2Q1p/1PPBBPPP/R3K2R w KQkq - 1 1
11:49:25 r3k2r/p1ppqpbn/bn2p1p1/3PN3/1p2P3/P1N2Q1p/1PPBBPPP/R3K2R w KQkq - 1 2
11:49:25 ['a2a3', 'f6h7']
11:49:26 r3k2r/p1ppqpb1/bn2p1p1/3nN3/1p2P3/P1N2Q1p/1PPBBPPP/R3K2R w KQkq - 0 1
11:49:26 r3k2r/p1ppqpb1/bn2p1p1/3nN3/1p2P3/P1N2Q1p/1PPBBPPP/R3K2R w KQkq - 0 2
11:49:26 ['a2a3', 'f6d5']
11:49:26 r3k2r/p1ppqpb1/bn2p1p1/3PN3/1p2P1n1/P1N2Q1p/1PPBBPPP/R3K2R w KQkq - 1 1
11:49:26 r3k2r/p1ppqpb1/bn2p1p1/3PN3/1p2P1n1/P1N2Q1p/1PPBBPPP/R3K2R w KQkq - 1 2
11:49:26 ['a2a3', 'f6g4']
11:49:26 r3k1nr/p1ppqpb1/bn2p1p1/3PN3/1p2P3/P1N2Q1p/1PPBBPPP/R3K2R w KQkq - 1 1
11:49:26 r3k1nr/p1ppqpb1/bn2p1p1/3PN3/1p2P3/P1N2Q1p/1PPBBPPP/R3K2R w KQkq - 1 2
11:49:26 ['a2a3', 'f6g8']
11:49:26 r3k2r/p1ppqpb1/bn2p1p1/3PN3/1p2n3/P1N2Q1p/1PPBBPPP/R3K2R w KQkq - 0 1
11:49:26 r3k2r/p1ppqpb1/bn2p1p1/3PN3/1p2n3/P1N2Q1p/1PPBBPPP/R3K2R w KQkq - 0 2
11:49:26 ['a2a3', 'f6e4']
11:49:26 r3k2r/p1ppqp2/bn2pnpb/3PN3/1p2P3/P1N2Q1p/1PPBBPPP/R3K2R w KQkq - 1 1
11:49:26 r3k2r/p1ppqp2/bn2pnpb/3PN3/1p2P3/P1N2Q1p/1PPBBPPP/R3K2R w KQkq - 1 2
11:49:26 ['a2a3', 'g7h6']
11:49:26 r3kb1r/p1ppqp2/bn2pnp1/3PN3/1p2P3/P1N2Q1p/1PPBBPPP/R3K2R w KQkq - 1 1
11:49:26 r3kb1r/p1ppqp2/bn2pnp1/3PN3/1p2P3/P1N2Q1p/1PPBBPPP/R3K2R w KQkq - 1 2
11:49:26 ['a2a3', 'g7f8']
11:49:26 r3k2r/p1ppqpb1/bn2pn2/3PN1p1/1p2P3/P1N2Q1p/1PPBBPPP/R3K2R w KQkq - 0 1
11:49:26 r3k2r/p1ppqpb1/bn2pn2/3PN1p1/1p2P3/P1N2Q1p/1PPBBPPP/R3K2R w KQkq - 0 2
11:49:26 ['a2a3', 'g6g5']
11:49:26 r3k3/p1ppqpbr/bn2pnp1/3PN3/1p2P3/P1N2Q1p/1PPBBPPP/R3K2R w KQq - 1 1
11:49:26 r3k3/p1ppqpbr/bn2pnp1/3PN3/1p2P3/P1N2Q1p/1PPBBPPP/R3K2R w KQq - 1 2
11:49:26 ['a2a3', 'h8h7']
11:49:26 r3k3/p1ppqpb1/bn2pnpr/3PN3/1p2P3/P1N2Q1p/1PPBBPPP/R3K2R w KQq - 1 1
11:49:26 r3k3/p1ppqpb1/bn2pnpr/3PN3/1p2P3/P1N2Q1p/1PPBBPPP/R3K2R w KQq - 1 2
11:49:26 ['a2a3', 'h8h6']
11:49:26 r3k3/p1ppqpb1/bn2pnp1/3PN2r/1p2P3/P1N2Q1p/1PPBBPPP/R3K2R w KQq - 1 1
11:49:26 r3k3/p1ppqpb1/bn2pnp1/3PN2r/1p2P3/P1N2Q1p/1PPBBPPP/R3K2R w KQq - 1 2
11:49:26 ['a2a3', 'h8h5']
11:49:26 r3k3/p1ppqpb1/bn2pnp1/3PN3/1p2P2r/P1N2Q1p/1PPBBPPP/R3K2R w KQq - 1 1
11:49:26 r3k3/p1ppqpb1/bn2pnp1/3PN3/1p2P2r/P1N2Q1p/1PPBBPPP/R3K2R w KQq - 1 2
11:49:26 ['a2a3', 'h8h4']
11:49:26 r3k1r1/p1ppqpb1/bn2pnp1/3PN3/1p2P3/P1N2Q1p/1PPBBPPP/R3K2R w KQq - 1 1
11:49:26 r3k1r1/p1ppqpb1/bn2pnp1/3PN3/1p2P3/P1N2Q1p/1PPBBPPP/R3K2R w KQq - 1 2
11:49:26 ['a2a3', 'h8g8']
11:49:26 r3kr2/p1ppqpb1/bn2pnp1/3PN3/1p2P3/P1N2Q1p/1PPBBPPP/R3K2R w KQq - 1 1
11:49:26 r3kr2/p1ppqpb1/bn2pnp1/3PN3/1p2P3/P1N2Q1p/1PPBBPPP/R3K2R w KQq - 1 2
11:49:26 ['a2a3', 'h8f8']
11:49:26 r3k2r/p1ppqpb1/bn2pnp1/3PN3/1p2P3/P1N2Q2/1PPBBPpP/R3K2R w KQkq - 0 1
11:49:26 r3k2r/p1ppqpb1/bn2pnp1/3PN3/1p2P3/P1N2Q2/1PPBBPpP/R3K2R w KQkq - 0 2
11:49:26 ['a2a3', 'h3g2']
11:49:26 r3k2r/p1ppqpb1/bn2pnp1/3PN3/1p2P3/2N2Q1p/PPPBBPPP/1R2K2R b Kkq - 1 0
11:49:26 r3k2r/p1ppqpb1/bn2pnp1/3PN3/1p2P3/2N2Q1p/PPPBBPPP/1R2K2R b Kkq - 1 1
11:49:26 ['a1b1']
11:49:26 1r2k2r/p1ppqpb1/bn2pnp1/3PN3/1p2P3/2N2Q1p/PPPBBPPP/1R2K2R w Kk - 2 1
11:49:26 1r2k2r/p1ppqpb1/bn2pnp1/3PN3/1p2P3/2N2Q1p/PPPBBPPP/1R2K2R w Kk - 2 2
11:49:26 ['a1b1', 'a8b8']
11:49:26 2r1k2r/p1ppqpb1/bn2pnp1/3PN3/1p2P3/2N2Q1p/PPPBBPPP/1R2K2R w Kk - 2 1
11:49:26 2r1k2r/p1ppqpb1/bn2pnp1/3PN3/1p2P3/2N2Q1p/PPPBBPPP/1R2K2R w Kk - 2 2
11:49:26 ['a1b1', 'a8c8']
11:49:26 3rk2r/p1ppqpb1/bn2pnp1/3PN3/1p2P3/2N2Q1p/PPPBBPPP/1R2K2R w Kk - 2 1
11:49:26 3rk2r/p1ppqpb1/bn2pnp1/3PN3/1p2P3/2N2Q1p/PPPBBPPP/1R2K2R w Kk - 2 2
11:49:26 ['a1b1', 'a8d8']
11:49:26 r3k2r/p1ppqpb1/1n2pnp1/1b1PN3/1p2P3/2N2Q1p/PPPBBPPP/1R2K2R w Kkq - 2 1
11:49:26 r3k2r/p1ppqpb1/1n2pnp1/1b1PN3/1p2P3/2N2Q1p/PPPBBPPP/1R2K2R w Kkq - 2 2
11:49:26 ['a1b1', 'a6b5']
11:49:26 r3k2r/p1ppqpb1/1n2pnp1/3PN3/1p2P3/2N2Q1p/PPPBbPPP/1R2K2R w Kkq - 0 1
11:49:26 r3k2r/p1ppqpb1/1n2pnp1/3PN3/1p2P3/2N2Q1p/PPPBbPPP/1R2K2R w Kkq - 0 2
11:49:26 ['a1b1', 'a6e2']
11:49:26 r1b1k2r/p1ppqpb1/1n2pnp1/3PN3/1p2P3/2N2Q1p/PPPBBPPP/1R2K2R w Kkq - 2 1
11:49:26 r1b1k2r/p1ppqpb1/1n2pnp1/3PN3/1p2P3/2N2Q1p/PPPBBPPP/1R2K2R w Kkq - 2 2
11:49:26 ['a1b1', 'a6c8']
11:49:26 r3k2r/p1ppqpb1/1n2pnp1/3PN3/1pb1P3/2N2Q1p/PPPBBPPP/1R2K2R w Kkq - 2 1
11:49:26 r3k2r/p1ppqpb1/1n2pnp1/3PN3/1pb1P3/2N2Q1p/PPPBBPPP/1R2K2R w Kkq - 2 2
11:49:26 ['a1b1', 'a6c4']
11:49:26 r3k2r/pbppqpb1/1n2pnp1/3PN3/1p2P3/2N2Q1p/PPPBBPPP/1R2K2R w Kkq - 2 1
11:49:26 r3k2r/pbppqpb1/1n2pnp1/3PN3/1p2P3/2N2Q1p/PPPBBPPP/1R2K2R w Kkq - 2 2
11:49:26 ['a1b1', 'a6b7']
11:49:26 r3k2r/p1ppqpb1/1n2pnp1/3PN3/1p2P3/2Nb1Q1p/PPPBBPPP/1R2K2R w Kkq - 2 1
11:49:26 r3k2r/p1ppqpb1/1n2pnp1/3PN3/1p2P3/2Nb1Q1p/PPPBBPPP/1R2K2R w Kkq - 2 2
11:49:26 ['a1b1', 'a6d3']
11:49:26 r3k2r/p1ppqpb1/b3pnp1/3nN3/1p2P3/2N2Q1p/PPPBBPPP/1R2K2R w Kkq - 0 1
11:49:26 r3k2r/p1ppqpb1/b3pnp1/3nN3/1p2P3/2N2Q1p/PPPBBPPP/1R2K2R w Kkq - 0 2
11:49:26 ['a1b1', 'b6d5']
11:49:26 r3k2r/p1ppqpb1/b3pnp1/3PN3/1pn1P3/2N2Q1p/PPPBBPPP/1R2K2R w Kkq - 2 1
11:49:26 r3k2r/p1ppqpb1/b3pnp1/3PN3/1pn1P3/2N2Q1p/PPPBBPPP/1R2K2R w Kkq - 2 2
11:49:26 ['a1b1', 'b6c4']
11:49:26 r1n1k2r/p1ppqpb1/b3pnp1/3PN3/1p2P3/2N2Q1p/PPPBBPPP/1R2K2R w Kkq - 2 1
11:49:26 r1n1k2r/p1ppqpb1/b3pnp1/3PN3/1p2P3/2N2Q1p/PPPBBPPP/1R2K2R w Kkq - 2 2
11:49:26 ['a1b1', 'b6c8']
11:49:26 r3k2r/p1ppqpb1/b3pnp1/3PN3/np2P3/2N2Q1p/PPPBBPPP/1R2K2R w Kkq - 2 1
11:49:26 r3k2r/p1ppqpb1/b3pnp1/3PN3/np2P3/2N2Q1p/PPPBBPPP/1R2K2R w Kkq - 2 2
11:49:26 ['a1b1', 'b6a4']
11:49:26 r3k2r/p1ppqpb1/bn2pnp1/3PN3/4P3/1pN2Q1p/PPPBBPPP/1R2K2R w Kkq - 0 1
11:49:26 r3k2r/p1ppqpb1/bn2pnp1/3PN3/4P3/1pN2Q1p/PPPBBPPP/1R2K2R w Kkq - 0 2
11:49:26 ['a1b1', 'b4b3']
11:49:26 r3k2r/p1ppqpb1/bn2pnp1/3PN3/4P3/2p2Q1p/PPPBBPPP/1R2K2R w Kkq - 0 1
11:49:26 r3k2r/p1ppqpb1/bn2pnp1/3PN3/4P3/2p2Q1p/PPPBBPPP/1R2K2R w Kkq - 0 2
11:49:26 ['a1b1', 'b4c3']
11:49:26 r3k2r/p2pqpb1/bn2pnp1/2pPN3/1p2P3/2N2Q1p/PPPBBPPP/1R2K2R w Kkq c6 0 1
11:49:26 r3k2r/p2pqpb1/bn2pnp1/2pPN3/1p2P3/2N2Q1p/PPPBBPPP/1R2K2R w Kkq c6 0 2
11:49:26 ['a1b1', 'c7c5']
11:49:26 r3k2r/p2pqpb1/bnp1pnp1/3PN3/1p2P3/2N2Q1p/PPPBBPPP/1R2K2R w Kkq - 0 1
11:49:26 r3k2r/p2pqpb1/bnp1pnp1/3PN3/1p2P3/2N2Q1p/PPPBBPPP/1R2K2R w Kkq - 0 2
11:49:26 ['a1b1', 'c7c6']
11:49:26 r3k2r/p1p1qpb1/bn1ppnp1/3PN3/1p2P3/2N2Q1p/PPPBBPPP/1R2K2R w Kkq - 0 1
11:49:26 r3k2r/p1p1qpb1/bn1ppnp1/3PN3/1p2P3/2N2Q1p/PPPBBPPP/1R2K2R w Kkq - 0 2
11:49:26 ['a1b1', 'd7d6']
11:49:26 r4k1r/p1ppqpb1/bn2pnp1/3PN3/1p2P3/2N2Q1p/PPPBBPPP/1R2K2R w K - 2 1
11:49:26 r4k1r/p1ppqpb1/bn2pnp1/3PN3/1p2P3/2N2Q1p/PPPBBPPP/1R2K2R w K - 2 2
11:49:26 ['a1b1', 'e8f8']
11:49:26 r2k3r/p1ppqpb1/bn2pnp1/3PN3/1p2P3/2N2Q1p/PPPBBPPP/1R2K2R w K - 2 1
11:49:26 r2k3r/p1ppqpb1/bn2pnp1/3PN3/1p2P3/2N2Q1p/PPPBBPPP/1R2K2R w K - 2 2
11:49:26 ['a1b1', 'e8d8']
11:49:26 2kr3r/p1ppqpb1/bn2pnp1/3PN3/1p2P3/2N2Q1p/PPPBBPPP/1R2K2R w K - 2 1
11:49:26 2kr3r/p1ppqpb1/bn2pnp1/3PN3/1p2P3/2N2Q1p/PPPBBPPP/1R2K2R w K - 2 2
11:49:26 ['a1b1', 'e8c8']
11:49:26 r4rk1/p1ppqpb1/bn2pnp1/3PN3/1p2P3/2N2Q1p/PPPBBPPP/1R2K2R w K - 2 1
11:49:26 r4rk1/p1ppqpb1/bn2pnp1/3PN3/1p2P3/2N2Q1p/PPPBBPPP/1R2K2R w K - 2 2
11:49:26 ['a1b1', 'e8g8']
11:49:26 r2qk2r/p1pp1pb1/bn2pnp1/3PN3/1p2P3/2N2Q1p/PPPBBPPP/1R2K2R w Kkq - 2 1
11:49:26 r2qk2r/p1pp1pb1/bn2pnp1/3PN3/1p2P3/2N2Q1p/PPPBBPPP/1R2K2R w Kkq - 2 2
11:49:26 ['a1b1', 'e7d8']
11:49:26 r3k2r/p1pp1pb1/bn1qpnp1/3PN3/1p2P3/2N2Q1p/PPPBBPPP/1R2K2R w Kkq - 2 1
11:49:26 r3k2r/p1pp1pb1/bn1qpnp1/3PN3/1p2P3/2N2Q1p/PPPBBPPP/1R2K2R w Kkq - 2 2
11:49:26 ['a1b1', 'e7d6']
11:49:26 r3k2r/p1pp1pb1/bn2pnp1/2qPN3/1p2P3/2N2Q1p/PPPBBPPP/1R2K2R w Kkq - 2 1
11:49:26 r3k2r/p1pp1pb1/bn2pnp1/2qPN3/1p2P3/2N2Q1p/PPPBBPPP/1R2K2R w Kkq - 2 2
11:49:26 ['a1b1', 'e7c5']
11:49:26 r3kq1r/p1pp1pb1/bn2pnp1/3PN3/1p2P3/2N2Q1p/PPPBBPPP/1R2K2R w Kkq - 2 1
11:49:26 r3kq1r/p1pp1pb1/bn2pnp1/3PN3/1p2P3/2N2Q1p/PPPBBPPP/1R2K2R w Kkq - 2 2
11:49:26 ['a1b1', 'e7f8']
11:49:26 r3k2r/p1ppqpb1/bn3np1/3pN3/1p2P3/2N2Q1p/PPPBBPPP/1R2K2R w Kkq - 0 1
11:49:26 r3k2r/p1ppqpb1/bn3np1/3pN3/1p2P3/2N2Q1p/PPPBBPPP/1R2K2R w Kkq - 0 2
11:49:26 ['a1b1', 'e6d5']
11:49:26 r3k2r/p1ppqpb1/bn2p1p1/3PN2n/1p2P3/2N2Q1p/PPPBBPPP/1R2K2R w Kkq - 2 1
11:49:26 r3k2r/p1ppqpb1/bn2p1p1/3PN2n/1p2P3/2N2Q1p/PPPBBPPP/1R2K2R w Kkq - 2 2
11:49:26 ['a1b1', 'f6h5']
11:49:26 r3k2r/p1ppqpbn/bn2p1p1/3PN3/1p2P3/2N2Q1p/PPPBBPPP/1R2K2R w Kkq - 2 1
11:49:26 r3k2r/p1ppqpbn/bn2p1p1/3PN3/1p2P3/2N2Q1p/PPPBBPPP/1R2K2R w Kkq - 2 2
11:49:26 ['a1b1', 'f6h7']
11:49:26 r3k2r/p1ppqpb1/bn2p1p1/3nN3/1p2P3/2N2Q1p/PPPBBPPP/1R2K2R w Kkq - 0 1
11:49:26 r3k2r/p1ppqpb1/bn2p1p1/3nN3/1p2P3/2N2Q1p/PPPBBPPP/1R2K2R w Kkq - 0 2
11:49:26 ['a1b1', 'f6d5']
11:49:26 r3k2r/p1ppqpb1/bn2p1p1/3PN3/1p2P1n1/2N2Q1p/PPPBBPPP/1R2K2R w Kkq - 2 1
11:49:26 r3k2r/p1ppqpb1/bn2p1p1/3PN3/1p2P1n1/2N2Q1p/PPPBBPPP/1R2K2R w Kkq - 2 2
11:49:26 ['a1b1', 'f6g4']
11:49:26 r3k1nr/p1ppqpb1/bn2p1p1/3PN3/1p2P3/2N2Q1p/PPPBBPPP/1R2K2R w Kkq - 2 1
11:49:26 r3k1nr/p1ppqpb1/bn2p1p1/3PN3/1p2P3/2N2Q1p/PPPBBPPP/1R2K2R w Kkq - 2 2
11:49:26 ['a1b1', 'f6g8']
11:49:26 r3k2r/p1ppqpb1/bn2p1p1/3PN3/1p2n3/2N2Q1p/PPPBBPPP/1R2K2R w Kkq - 0 1
11:49:26 r3k2r/p1ppqpb1/bn2p1p1/3PN3/1p2n3/2N2Q1p/PPPBBPPP/1R2K2R w Kkq - 0 2
11:49:26 ['a1b1', 'f6e4']
11:49:26 r3k2r/p1ppqp2/bn2pnpb/3PN3/1p2P3/2N2Q1p/PPPBBPPP/1R2K2R w Kkq - 2 1
11:49:26 r3k2r/p1ppqp2/bn2pnpb/3PN3/1p2P3/2N2Q1p/PPPBBPPP/1R2K2R w Kkq - 2 2
11:49:26 ['a1b1', 'g7h6']
11:49:26 r3kb1r/p1ppqp2/bn2pnp1/3PN3/1p2P3/2N2Q1p/PPPBBPPP/1R2K2R w Kkq - 2 1
11:49:26 r3kb1r/p1ppqp2/bn2pnp1/3PN3/1p2P3/2N2Q1p/PPPBBPPP/1R2K2R w Kkq - 2 2
11:49:26 ['a1b1', 'g7f8']
11:49:26 r3k2r/p1ppqpb1/bn2pn2/3PN1p1/1p2P3/2N2Q1p/PPPBBPPP/1R2K2R w Kkq - 0 1
11:49:26 r3k2r/p1ppqpb1/bn2pn2/3PN1p1/1p2P3/2N2Q1p/PPPBBPPP/1R2K2R w Kkq - 0 2
11:49:26 ['a1b1', 'g6g5']
11:49:26 r3k3/p1ppqpbr/bn2pnp1/3PN3/1p2P3/2N2Q1p/PPPBBPPP/1R2K2R w Kq - 2 1
11:49:26 r3k3/p1ppqpbr/bn2pnp1/3PN3/1p2P3/2N2Q1p/PPPBBPPP/1R2K2R w Kq - 2 2
11:49:26 ['a1b1', 'h8h7']
11:49:26 r3k3/p1ppqpb1/bn2pnpr/3PN3/1p2P3/2N2Q1p/PPPBBPPP/1R2K2R w Kq - 2 1
11:49:26 r3k3/p1ppqpb1/bn2pnpr/3PN3/1p2P3/2N2Q1p/PPPBBPPP/1R2K2R w Kq - 2 2
11:49:26 ['a1b1', 'h8h6']
11:49:26 r3k3/p1ppqpb1/bn2pnp1/3PN2r/1p2P3/2N2Q1p/PPPBBPPP/1R2K2R w Kq - 2 1
11:49:26 r3k3/p1ppqpb1/bn2pnp1/3PN2r/1p2P3/2N2Q1p/PPPBBPPP/1R2K2R w Kq - 2 2
11:49:26 ['a1b1', 'h8h5']
11:49:26 r3k3/p1ppqpb1/bn2pnp1/3PN3/1p2P2r/2N2Q1p/PPPBBPPP/1R2K2R w Kq - 2 1
11:49:26 r3k3/p1ppqpb1/bn2pnp1/3PN3/1p2P2r/2N2Q1p/PPPBBPPP/1R2K2R w Kq - 2 2
11:49:26 ['a1b1', 'h8h4']
11:49:26 r3k1r1/p1ppqpb1/bn2pnp1/3PN3/1p2P3/2N2Q1p/PPPBBPPP/1R2K2R w Kq - 2 1
11:49:26 r3k1r1/p1ppqpb1/bn2pnp1/3PN3/1p2P3/2N2Q1p/PPPBBPPP/1R2K2R w Kq - 2 2
11:49:26 ['a1b1', 'h8g8']
11:49:26 r3kr2/p1ppqpb1/bn2pnp1/3PN3/1p2P3/2N2Q1p/PPPBBPPP/1R2K2R w Kq - 2 1
11:49:26 r3kr2/p1ppqpb1/bn2pnp1/3PN3/1p2P3/2N2Q1p/PPPBBPPP/1R2K2R w Kq - 2 2
11:49:26 ['a1b1', 'h8f8']
11:49:26 r3k2r/p1ppqpb1/bn2pnp1/3PN3/1p2P3/2N2Q2/PPPBBPpP/1R2K2R w Kkq - 0 1
11:49:26 r3k2r/p1ppqpb1/bn2pnp1/3PN3/1p2P3/2N2Q2/PPPBBPpP/1R2K2R w Kkq - 0 2
11:49:26 ['a1b1', 'h3g2']
11:49:26 r3k2r/p1ppqpb1/bn2pnp1/3PN3/1p2P3/2N2Q1p/PPPBBPPP/2R1K2R b Kkq - 1 0
11:49:26 r3k2r/p1ppqpb1/bn2pnp1/3PN3/1p2P3/2N2Q1p/PPPBBPPP/2R1K2R b Kkq - 1 1
11:49:26 ['a1c1']
11:49:26 1r2k2r/p1ppqpb1/bn2pnp1/3PN3/1p2P3/2N2Q1p/PPPBBPPP/2R1K2R w Kk - 2 1
11:49:26 1r2k2r/p1ppqpb1/bn2pnp1/3PN3/1p2P3/2N2Q1p/PPPBBPPP/2R1K2R w Kk - 2 2
11:49:26 ['a1c1', 'a8b8']
11:49:26 2r1k2r/p1ppqpb1/bn2pnp1/3PN3/1p2P3/2N2Q1p/PPPBBPPP/2R1K2R w Kk - 2 1
11:49:26 2r1k2r/p1ppqpb1/bn2pnp1/3PN3/1p2P3/2N2Q1p/PPPBBPPP/2R1K2R w Kk - 2 2
11:49:26 ['a1c1', 'a8c8']
11:49:26 3rk2r/p1ppqpb1/bn2pnp1/3PN3/1p2P3/2N2Q1p/PPPBBPPP/2R1K2R w Kk - 2 1
11:49:26 3rk2r/p1ppqpb1/bn2pnp1/3PN3/1p2P3/2N2Q1p/PPPBBPPP/2R1K2R w Kk - 2 2
11:49:26 ['a1c1', 'a8d8']
11:49:26 r3k2r/p1ppqpb1/1n2pnp1/1b1PN3/1p2P3/2N2Q1p/PPPBBPPP/2R1K2R w Kkq - 2 1
11:49:26 r3k2r/p1ppqpb1/1n2pnp1/1b1PN3/1p2P3/2N2Q1p/PPPBBPPP/2R1K2R w Kkq - 2 2
11:49:26 ['a1c1', 'a6b5']
11:49:26 r3k2r/p1ppqpb1/1n2pnp1/3PN3/1p2P3/2N2Q1p/PPPBbPPP/2R1K2R w Kkq - 0 1
11:49:26 r3k2r/p1ppqpb1/1n2pnp1/3PN3/1p2P3/2N2Q1p/PPPBbPPP/2R1K2R w Kkq - 0 2
11:49:26 ['a1c1', 'a6e2']
11:49:26 r1b1k2r/p1ppqpb1/1n2pnp1/3PN3/1p2P3/2N2Q1p/PPPBBPPP/2R1K2R w Kkq - 2 1
11:49:26 r1b1k2r/p1ppqpb1/1n2pnp1/3PN3/1p2P3/2N2Q1p/PPPBBPPP/2R1K2R w Kkq - 2 2
11:49:26 ['a1c1', 'a6c8']
11:49:26 r3k2r/p1ppqpb1/1n2pnp1/3PN3/1pb1P3/2N2Q1p/PPPBBPPP/2R1K2R w Kkq - 2 1
11:49:26 r3k2r/p1ppqpb1/1n2pnp1/3PN3/1pb1P3/2N2Q1p/PPPBBPPP/2R1K2R w Kkq - 2 2
11:49:26 ['a1c1', 'a6c4']
11:49:26 r3k2r/pbppqpb1/1n2pnp1/3PN3/1p2P3/2N2Q1p/PPPBBPPP/2R1K2R w Kkq - 2 1
11:49:26 r3k2r/pbppqpb1/1n2pnp1/3PN3/1p2P3/2N2Q1p/PPPBBPPP/2R1K2R w Kkq - 2 2
11:49:26 ['a1c1', 'a6b7']
11:49:26 r3k2r/p1ppqpb1/1n2pnp1/3PN3/1p2P3/2Nb1Q1p/PPPBBPPP/2R1K2R w Kkq - 2 1
11:49:26 r3k2r/p1ppqpb1/1n2pnp1/3PN3/1p2P3/2Nb1Q1p/PPPBBPPP/2R1K2R w Kkq - 2 2
11:49:26 ['a1c1', 'a6d3']
11:49:26 r3k2r/p1ppqpb1/b3pnp1/3nN3/1p2P3/2N2Q1p/PPPBBPPP/2R1K2R w Kkq - 0 1
11:49:26 r3k2r/p1ppqpb1/b3pnp1/3nN3/1p2P3/2N2Q1p/PPPBBPPP/2R1K2R w Kkq - 0 2
11:49:26 ['a1c1', 'b6d5']
11:49:26 r3k2r/p1ppqpb1/b3pnp1/3PN3/1pn1P3/2N2Q1p/PPPBBPPP/2R1K2R w Kkq - 2 1
11:49:26 r3k2r/p1ppqpb1/b3pnp1/3PN3/1pn1P3/2N2Q1p/PPPBBPPP/2R1K2R w Kkq - 2 2
11:49:26 ['a1c1', 'b6c4']
11:49:26 r1n1k2r/p1ppqpb1/b3pnp1/3PN3/1p2P3/2N2Q1p/PPPBBPPP/2R1K2R w Kkq - 2 1
11:49:26 r1n1k2r/p1ppqpb1/b3pnp1/3PN3/1p2P3/2N2Q1p/PPPBBPPP/2R1K2R w Kkq - 2 2
11:49:26 ['a1c1', 'b6c8']
11:49:26 r3k2r/p1ppqpb1/b3pnp1/3PN3/np2P3/2N2Q1p/PPPBBPPP/2R1K2R w Kkq - 2 1
11:49:26 r3k2r/p1ppqpb1/b3pnp1/3PN3/np2P3/2N2Q1p/PPPBBPPP/2R1K2R w Kkq - 2 2
11:49:26 ['a1c1', 'b6a4']
11:49:26 r3k2r/p1ppqpb1/bn2pnp1/3PN3/4P3/1pN2Q1p/PPPBBPPP/2R1K2R w Kkq - 0 1
11:49:26 r3k2r/p1ppqpb1/bn2pnp1/3PN3/4P3/1pN2Q1p/PPPBBPPP/2R1K2R w Kkq - 0 2
11:49:26 ['a1c1', 'b4b3']
11:49:26 r3k2r/p1ppqpb1/bn2pnp1/3PN3/4P3/2p2Q1p/PPPBBPPP/2R1K2R w Kkq - 0 1
11:49:26 r3k2r/p1ppqpb1/bn2pnp1/3PN3/4P3/2p2Q1p/PPPBBPPP/2R1K2R w Kkq - 0 2
11:49:26 ['a1c1', 'b4c3']
11:49:26 r3k2r/p2pqpb1/bn2pnp1/2pPN3/1p2P3/2N2Q1p/PPPBBPPP/2R1K2R w Kkq c6 0 1
11:49:26 r3k2r/p2pqpb1/bn2pnp1/2pPN3/1p2P3/2N2Q1p/PPPBBPPP/2R1K2R w Kkq c6 0 2
11:49:26 ['a1c1', 'c7c5']
11:49:26 r3k2r/p2pqpb1/bnp1pnp1/3PN3/1p2P3/2N2Q1p/PPPBBPPP/2R1K2R w Kkq - 0 1
11:49:26 r3k2r/p2pqpb1/bnp1pnp1/3PN3/1p2P3/2N2Q1p/PPPBBPPP/2R1K2R w Kkq - 0 2
11:49:26 ['a1c1', 'c7c6']
11:49:26 r3k2r/p1p1qpb1/bn1ppnp1/3PN3/1p2P3/2N2Q1p/PPPBBPPP/2R1K2R w Kkq - 0 1
11:49:26 r3k2r/p1p1qpb1/bn1ppnp1/3PN3/1p2P3/2N2Q1p/PPPBBPPP/2R1K2R w Kkq - 0 2
11:49:26 ['a1c1', 'd7d6']
11:49:26 r4k1r/p1ppqpb1/bn2pnp1/3PN3/1p2P3/2N2Q1p/PPPBBPPP/2R1K2R w K - 2 1
11:49:26 r4k1r/p1ppqpb1/bn2pnp1/3PN3/1p2P3/2N2Q1p/PPPBBPPP/2R1K2R w K - 2 2
11:49:26 ['a1c1', 'e8f8']
11:49:26 r2k3r/p1ppqpb1/bn2pnp1/3PN3/1p2P3/2N2Q1p/PPPBBPPP/2R1K2R w K - 2 1
11:49:26 r2k3r/p1ppqpb1/bn2pnp1/3PN3/1p2P3/2N2Q1p/PPPBBPPP/2R1K2R w K - 2 2
11:49:26 ['a1c1', 'e8d8']
11:49:26 2kr3r/p1ppqpb1/bn2pnp1/3PN3/1p2P3/2N2Q1p/PPPBBPPP/2R1K2R w K - 2 1
11:49:26 2kr3r/p1ppqpb1/bn2pnp1/3PN3/1p2P3/2N2Q1p/PPPBBPPP/2R1K2R w K - 2 2
11:49:26 ['a1c1', 'e8c8']
11:49:26 r4rk1/p1ppqpb1/bn2pnp1/3PN3/1p2P3/2N2Q1p/PPPBBPPP/2R1K2R w K - 2 1
11:49:26 r4rk1/p1ppqpb1/bn2pnp1/3PN3/1p2P3/2N2Q1p/PPPBBPPP/2R1K2R w K - 2 2
11:49:26 ['a1c1', 'e8g8']
11:49:26 r2qk2r/p1pp1pb1/bn2pnp1/3PN3/1p2P3/2N2Q1p/PPPBBPPP/2R1K2R w Kkq - 2 1
11:49:26 r2qk2r/p1pp1pb1/bn2pnp1/3PN3/1p2P3/2N2Q1p/PPPBBPPP/2R1K2R w Kkq - 2 2
11:49:26 ['a1c1', 'e7d8']
11:49:26 r3k2r/p1pp1pb1/bn1qpnp1/3PN3/1p2P3/2N2Q1p/PPPBBPPP/2R1K2R w Kkq - 2 1
11:49:26 r3k2r/p1pp1pb1/bn1qpnp1/3PN3/1p2P3/2N2Q1p/PPPBBPPP/2R1K2R w Kkq - 2 2
11:49:26 ['a1c1', 'e7d6']
11:49:26 r3k2r/p1pp1pb1/bn2pnp1/2qPN3/1p2P3/2N2Q1p/PPPBBPPP/2R1K2R w Kkq - 2 1
11:49:26 r3k2r/p1pp1pb1/bn2pnp1/2qPN3/1p2P3/2N2Q1p/PPPBBPPP/2R1K2R w Kkq - 2 2
11:49:26 ['a1c1', 'e7c5']
11:49:27 r3kq1r/p1pp1pb1/bn2pnp1/3PN3/1p2P3/2N2Q1p/PPPBBPPP/2R1K2R w Kkq - 2 1
11:49:27 r3kq1r/p1pp1pb1/bn2pnp1/3PN3/1p2P3/2N2Q1p/PPPBBPPP/2R1K2R w Kkq - 2 2
11:49:27 ['a1c1', 'e7f8']
11:49:27 r3k2r/p1ppqpb1/bn3np1/3pN3/1p2P3/2N2Q1p/PPPBBPPP/2R1K2R w Kkq - 0 1
11:49:27 r3k2r/p1ppqpb1/bn3np1/3pN3/1p2P3/2N2Q1p/PPPBBPPP/2R1K2R w Kkq - 0 2
11:49:27 ['a1c1', 'e6d5']
11:49:27 r3k2r/p1ppqpb1/bn2p1p1/3PN2n/1p2P3/2N2Q1p/PPPBBPPP/2R1K2R w Kkq - 2 1
11:49:27 r3k2r/p1ppqpb1/bn2p1p1/3PN2n/1p2P3/2N2Q1p/PPPBBPPP/2R1K2R w Kkq - 2 2
11:49:27 ['a1c1', 'f6h5']
11:49:27 r3k2r/p1ppqpbn/bn2p1p1/3PN3/1p2P3/2N2Q1p/PPPBBPPP/2R1K2R w Kkq - 2 1
11:49:27 r3k2r/p1ppqpbn/bn2p1p1/3PN3/1p2P3/2N2Q1p/PPPBBPPP/2R1K2R w Kkq - 2 2
11:49:27 ['a1c1', 'f6h7']
11:49:27 r3k2r/p1ppqpb1/bn2p1p1/3nN3/1p2P3/2N2Q1p/PPPBBPPP/2R1K2R w Kkq - 0 1
11:49:27 r3k2r/p1ppqpb1/bn2p1p1/3nN3/1p2P3/2N2Q1p/PPPBBPPP/2R1K2R w Kkq - 0 2
11:49:27 ['a1c1', 'f6d5']
11:49:27 r3k2r/p1ppqpb1/bn2p1p1/3PN3/1p2P1n1/2N2Q1p/PPPBBPPP/2R1K2R w Kkq - 2 1
11:49:27 r3k2r/p1ppqpb1/bn2p1p1/3PN3/1p2P1n1/2N2Q1p/PPPBBPPP/2R1K2R w Kkq - 2 2
11:49:27 ['a1c1', 'f6g4']
11:49:27 r3k1nr/p1ppqpb1/bn2p1p1/3PN3/1p2P3/2N2Q1p/PPPBBPPP/2R1K2R w Kkq - 2 1
11:49:27 r3k1nr/p1ppqpb1/bn2p1p1/3PN3/1p2P3/2N2Q1p/PPPBBPPP/2R1K2R w Kkq - 2 2
11:49:27 ['a1c1', 'f6g8']
11:49:27 r3k2r/p1ppqpb1/bn2p1p1/3PN3/1p2n3/2N2Q1p/PPPBBPPP/2R1K2R w Kkq - 0 1
11:49:27 r3k2r/p1ppqpb1/bn2p1p1/3PN3/1p2n3/2N2Q1p/PPPBBPPP/2R1K2R w Kkq - 0 2
11:49:27 ['a1c1', 'f6e4']
11:49:27 r3k2r/p1ppqp2/bn2pnpb/3PN3/1p2P3/2N2Q1p/PPPBBPPP/2R1K2R w Kkq - 2 1
11:49:27 r3k2r/p1ppqp2/bn2pnpb/3PN3/1p2P3/2N2Q1p/PPPBBPPP/2R1K2R w Kkq - 2 2
11:49:27 ['a1c1', 'g7h6']
11:49:27 r3kb1r/p1ppqp2/bn2pnp1/3PN3/1p2P3/2N2Q1p/PPPBBPPP/2R1K2R w Kkq - 2 1
11:49:27 r3kb1r/p1ppqp2/bn2pnp1/3PN3/1p2P3/2N2Q1p/PPPBBPPP/2R1K2R w Kkq - 2 2
11:49:27 ['a1c1', 'g7f8']
11:49:27 r3k2r/p1ppqpb1/bn2pn2/3PN1p1/1p2P3/2N2Q1p/PPPBBPPP/2R1K2R w Kkq - 0 1
11:49:27 r3k2r/p1ppqpb1/bn2pn2/3PN1p1/1p2P3/2N2Q1p/PPPBBPPP/2R1K2R w Kkq - 0 2
11:49:27 ['a1c1', 'g6g5']
11:49:27 r3k3/p1ppqpbr/bn2pnp1/3PN3/1p2P3/2N2Q1p/PPPBBPPP/2R1K2R w Kq - 2 1
11:49:27 r3k3/p1ppqpbr/bn2pnp1/3PN3/1p2P3/2N2Q1p/PPPBBPPP/2R1K2R w Kq - 2 2
11:49:27 ['a1c1', 'h8h7']
11:49:27 r3k3/p1ppqpb1/bn2pnpr/3PN3/1p2P3/2N2Q1p/PPPBBPPP/2R1K2R w Kq - 2 1
11:49:27 r3k3/p1ppqpb1/bn2pnpr/3PN3/1p2P3/2N2Q1p/PPPBBPPP/2R1K2R w Kq - 2 2
11:49:27 ['a1c1', 'h8h6']
11:49:27 r3k3/p1ppqpb1/bn2pnp1/3PN2r/1p2P3/2N2Q1p/PPPBBPPP/2R1K2R w Kq - 2 1
11:49:27 r3k3/p1ppqpb1/bn2pnp1/3PN2r/1p2P3/2N2Q1p/PPPBBPPP/2R1K2R w Kq - 2 2
11:49:27 ['a1c1', 'h8h5']
11:49:27 r3k3/p1ppqpb1/bn2pnp1/3PN3/1p2P2r/2N2Q1p/PPPBBPPP/2R1K2R w Kq - 2 1
11:49:27 r3k3/p1ppqpb1/bn2pnp1/3PN3/1p2P2r/2N2Q1p/PPPBBPPP/2R1K2R w Kq - 2 2
11:49:27 ['a1c1', 'h8h4']
11:49:27 r3k1r1/p1ppqpb1/bn2pnp1/3PN3/1p2P3/2N2Q1p/PPPBBPPP/2R1K2R w Kq - 2 1
11:49:27 r3k1r1/p1ppqpb1/bn2pnp1/3PN3/1p2P3/2N2Q1p/PPPBBPPP/2R1K2R w Kq - 2 2
11:49:27 ['a1c1', 'h8g8']
11:49:27 r3kr2/p1ppqpb1/bn2pnp1/3PN3/1p2P3/2N2Q1p/PPPBBPPP/2R1K2R w Kq - 2 1
11:49:27 r3kr2/p1ppqpb1/bn2pnp1/3PN3/1p2P3/2N2Q1p/PPPBBPPP/2R1K2R w Kq - 2 2
11:49:27 ['a1c1', 'h8f8']
11:49:27 r3k2r/p1ppqpb1/bn2pnp1/3PN3/1p2P3/2N2Q2/PPPBBPpP/2R1K2R w Kkq - 0 1
11:49:27 r3k2r/p1ppqpb1/bn2pnp1/3PN3/1p2P3/2N2Q2/PPPBBPpP/2R1K2R w Kkq - 0 2
11:49:27 ['a1c1', 'h3g2']
11:49:27 r3k2r/p1ppqpb1/bn2pnp1/3PN3/1p2P3/2N2Q1p/PPPBBPPP/3RK2R b Kkq - 1 0
11:49:27 r3k2r/p1ppqpb1/bn2pnp1/3PN3/1p2P3/2N2Q1p/PPPBBPPP/3RK2R b Kkq - 1 1
11:49:27 ['a1d1']
11:49:27 1r2k2r/p1ppqpb1/bn2pnp1/3PN3/1p2P3/2N2Q1p/PPPBBPPP/3RK2R w Kk - 2 1
11:49:27 1r2k2r/p1ppqpb1/bn2pnp1/3PN3/1p2P3/2N2Q1p/PPPBBPPP/3RK2R w Kk - 2 2
11:49:27 ['a1d1', 'a8b8']
11:49:27 2r1k2r/p1ppqpb1/bn2pnp1/3PN3/1p2P3/2N2Q1p/PPPBBPPP/3RK2R w Kk - 2 1
11:49:27 2r1k2r/p1ppqpb1/bn2pnp1/3PN3/1p2P3/2N2Q1p/PPPBBPPP/3RK2R w Kk - 2 2
11:49:27 ['a1d1', 'a8c8']
11:49:27 3rk2r/p1ppqpb1/bn2pnp1/3PN3/1p2P3/2N2Q1p/PPPBBPPP/3RK2R w Kk - 2 1
11:49:27 3rk2r/p1ppqpb1/bn2pnp1/3PN3/1p2P3/2N2Q1p/PPPBBPPP/3RK2R w Kk - 2 2
11:49:27 ['a1d1', 'a8d8']
11:49:27 r3k2r/p1ppqpb1/1n2pnp1/1b1PN3/1p2P3/2N2Q1p/PPPBBPPP/3RK2R w Kkq - 2 1
11:49:27 r3k2r/p1ppqpb1/1n2pnp1/1b1PN3/1p2P3/2N2Q1p/PPPBBPPP/3RK2R w Kkq - 2 2
11:49:27 ['a1d1', 'a6b5']
11:49:27 r3k2r/p1ppqpb1/1n2pnp1/3PN3/1p2P3/2N2Q1p/PPPBbPPP/3RK2R w Kkq - 0 1
11:49:27 r3k2r/p1ppqpb1/1n2pnp1/3PN3/1p2P3/2N2Q1p/PPPBbPPP/3RK2R w Kkq - 0 2
11:49:27 ['a1d1', 'a6e2']
11:49:27 r1b1k2r/p1ppqpb1/1n2pnp1/3PN3/1p2P3/2N2Q1p/PPPBBPPP/3RK2R w Kkq - 2 1
11:49:27 r1b1k2r/p1ppqpb1/1n2pnp1/3PN3/1p2P3/2N2Q1p/PPPBBPPP/3RK2R w Kkq - 2 2
11:49:27 ['a1d1', 'a6c8']
11:49:27 r3k2r/p1ppqpb1/1n2pnp1/3PN3/1pb1P3/2N2Q1p/PPPBBPPP/3RK2R w Kkq - 2 1
11:49:27 r3k2r/p1ppqpb1/1n2pnp1/3PN3/1pb1P3/2N2Q1p/PPPBBPPP/3RK2R w Kkq - 2 2
11:49:27 ['a1d1', 'a6c4']
11:49:27 r3k2r/pbppqpb1/1n2pnp1/3PN3/1p2P3/2N2Q1p/PPPBBPPP/3RK2R w Kkq - 2 1
11:49:27 r3k2r/pbppqpb1/1n2pnp1/3PN3/1p2P3/2N2Q1p/PPPBBPPP/3RK2R w Kkq - 2 2
11:49:27 ['a1d1', 'a6b7']
11:49:27 r3k2r/p1ppqpb1/1n2pnp1/3PN3/1p2P3/2Nb1Q1p/PPPBBPPP/3RK2R w Kkq - 2 1
11:49:27 r3k2r/p1ppqpb1/1n2pnp1/3PN3/1p2P3/2Nb1Q1p/PPPBBPPP/3RK2R w Kkq - 2 2
11:49:27 ['a1d1', 'a6d3']
11:49:27 r3k2r/p1ppqpb1/b3pnp1/3nN3/1p2P3/2N2Q1p/PPPBBPPP/3RK2R w Kkq - 0 1
11:49:27 r3k2r/p1ppqpb1/b3pnp1/3nN3/1p2P3/2N2Q1p/PPPBBPPP/3RK2R w Kkq - 0 2
11:49:27 ['a1d1', 'b6d5']
11:49:27 r3k2r/p1ppqpb1/b3pnp1/3PN3/1pn1P3/2N2Q1p/PPPBBPPP/3RK2R w Kkq - 2 1
11:49:27 r3k2r/p1ppqpb1/b3pnp1/3PN3/1pn1P3/2N2Q1p/PPPBBPPP/3RK2R w Kkq - 2 2
11:49:27 ['a1d1', 'b6c4']
11:49:27 r1n1k2r/p1ppqpb1/b3pnp1/3PN3/1p2P3/2N2Q1p/PPPBBPPP/3RK2R w Kkq - 2 1
11:49:27 r1n1k2r/p1ppqpb1/b3pnp1/3PN3/1p2P3/2N2Q1p/PPPBBPPP/3RK2R w Kkq - 2 2
11:49:27 ['a1d1', 'b6c8']
11:49:27 r3k2r/p1ppqpb1/b3pnp1/3PN3/np2P3/2N2Q1p/PPPBBPPP/3RK2R w Kkq - 2 1
11:49:27 r3k2r/p1ppqpb1/b3pnp1/3PN3/np2P3/2N2Q1p/PPPBBPPP/3RK2R w Kkq - 2 2
11:49:27 ['a1d1', 'b6a4']
11:49:27 r3k2r/p1ppqpb1/bn2pnp1/3PN3/4P3/1pN2Q1p/PPPBBPPP/3RK2R w Kkq - 0 1
11:49:27 r3k2r/p1ppqpb1/bn2pnp1/3PN3/4P3/1pN2Q1p/PPPBBPPP/3RK2R w Kkq - 0 2
11:49:27 ['a1d1', 'b4b3']
11:49:27 r3k2r/p1ppqpb1/bn2pnp1/3PN3/4P3/2p2Q1p/PPPBBPPP/3RK2R w Kkq - 0 1
11:49:27 r3k2r/p1ppqpb1/bn2pnp1/3PN3/4P3/2p2Q1p/PPPBBPPP/3RK2R w Kkq - 0 2
11:49:27 ['a1d1', 'b4c3']
11:49:27 r3k2r/p2pqpb1/bn2pnp1/2pPN3/1p2P3/2N2Q1p/PPPBBPPP/3RK2R w Kkq c6 0 1
11:49:27 r3k2r/p2pqpb1/bn2pnp1/2pPN3/1p2P3/2N2Q1p/PPPBBPPP/3RK2R w Kkq c6 0 2
11:49:27 ['a1d1', 'c7c5']
11:49:27 r3k2r/p2pqpb1/bnp1pnp1/3PN3/1p2P3/2N2Q1p/PPPBBPPP/3RK2R w Kkq - 0 1
11:49:27 r3k2r/p2pqpb1/bnp1pnp1/3PN3/1p2P3/2N2Q1p/PPPBBPPP/3RK2R w Kkq - 0 2
11:49:27 ['a1d1', 'c7c6']
11:49:27 r3k2r/p1p1qpb1/bn1ppnp1/3PN3/1p2P3/2N2Q1p/PPPBBPPP/3RK2R w Kkq - 0 1
11:49:27 r3k2r/p1p1qpb1/bn1ppnp1/3PN3/1p2P3/2N2Q1p/PPPBBPPP/3RK2R w Kkq - 0 2
11:49:27 ['a1d1', 'd7d6']
11:49:27 r4k1r/p1ppqpb1/bn2pnp1/3PN3/1p2P3/2N2Q1p/PPPBBPPP/3RK2R w K - 2 1
11:49:27 r4k1r/p1ppqpb1/bn2pnp1/3PN3/1p2P3/2N2Q1p/PPPBBPPP/3RK2R w K - 2 2
11:49:27 ['a1d1', 'e8f8']
11:49:27 r2k3r/p1ppqpb1/bn2pnp1/3PN3/1p2P3/2N2Q1p/PPPBBPPP/3RK2R w K - 2 1
11:49:27 r2k3r/p1ppqpb1/bn2pnp1/3PN3/1p2P3/2N2Q1p/PPPBBPPP/3RK2R w K - 2 2
11:49:27 ['a1d1', 'e8d8']
11:49:27 2kr3r/p1ppqpb1/bn2pnp1/3PN3/1p2P3/2N2Q1p/PPPBBPPP/3RK2R w K - 2 1
11:49:27 2kr3r/p1ppqpb1/bn2pnp1/3PN3/1p2P3/2N2Q1p/PPPBBPPP/3RK2R w K - 2 2
11:49:27 ['a1d1', 'e8c8']
11:49:27 r4rk1/p1ppqpb1/bn2pnp1/3PN3/1p2P3/2N2Q1p/PPPBBPPP/3RK2R w K - 2 1
11:49:27 r4rk1/p1ppqpb1/bn2pnp1/3PN3/1p2P3/2N2Q1p/PPPBBPPP/3RK2R w K - 2 2
11:49:27 ['a1d1', 'e8g8']
11:49:27 r2qk2r/p1pp1pb1/bn2pnp1/3PN3/1p2P3/2N2Q1p/PPPBBPPP/3RK2R w Kkq - 2 1
11:49:27 r2qk2r/p1pp1pb1/bn2pnp1/3PN3/1p2P3/2N2Q1p/PPPBBPPP/3RK2R w Kkq - 2 2
11:49:27 ['a1d1', 'e7d8']
11:49:27 r3k2r/p1pp1pb1/bn1qpnp1/3PN3/1p2P3/2N2Q1p/PPPBBPPP/3RK2R w Kkq - 2 1
11:49:27 r3k2r/p1pp1pb1/bn1qpnp1/3PN3/1p2P3/2N2Q1p/PPPBBPPP/3RK2R w Kkq - 2 2
11:49:27 ['a1d1', 'e7d6']
11:49:27 r3k2r/p1pp1pb1/bn2pnp1/2qPN3/1p2P3/2N2Q1p/PPPBBPPP/3RK2R w Kkq - 2 1
11:49:27 r3k2r/p1pp1pb1/bn2pnp1/2qPN3/1p2P3/2N2Q1p/PPPBBPPP/3RK2R w Kkq - 2 2
11:49:27 ['a1d1', 'e7c5']
11:49:27 r3kq1r/p1pp1pb1/bn2pnp1/3PN3/1p2P3/2N2Q1p/PPPBBPPP/3RK2R w Kkq - 2 1
11:49:27 r3kq1r/p1pp1pb1/bn2pnp1/3PN3/1p2P3/2N2Q1p/PPPBBPPP/3RK2R w Kkq - 2 2
11:49:27 ['a1d1', 'e7f8']
11:49:27 r3k2r/p1ppqpb1/bn3np1/3pN3/1p2P3/2N2Q1p/PPPBBPPP/3RK2R w Kkq - 0 1
11:49:27 r3k2r/p1ppqpb1/bn3np1/3pN3/1p2P3/2N2Q1p/PPPBBPPP/3RK2R w Kkq - 0 2
11:49:27 ['a1d1', 'e6d5']
11:49:27 r3k2r/p1ppqpb1/bn2p1p1/3PN2n/1p2P3/2N2Q1p/PPPBBPPP/3RK2R w Kkq - 2 1
11:49:27 r3k2r/p1ppqpb1/bn2p1p1/3PN2n/1p2P3/2N2Q1p/PPPBBPPP/3RK2R w Kkq - 2 2
11:49:27 ['a1d1', 'f6h5']
11:49:27 r3k2r/p1ppqpbn/bn2p1p1/3PN3/1p2P3/2N2Q1p/PPPBBPPP/3RK2R w Kkq - 2 1
11:49:27 r3k2r/p1ppqpbn/bn2p1p1/3PN3/1p2P3/2N2Q1p/PPPBBPPP/3RK2R w Kkq - 2 2
11:49:27 ['a1d1', 'f6h7']
11:49:27 r3k2r/p1ppqpb1/bn2p1p1/3nN3/1p2P3/2N2Q1p/PPPBBPPP/3RK2R w Kkq - 0 1
11:49:27 r3k2r/p1ppqpb1/bn2p1p1/3nN3/1p2P3/2N2Q1p/PPPBBPPP/3RK2R w Kkq - 0 2
11:49:27 ['a1d1', 'f6d5']
11:49:27 r3k2r/p1ppqpb1/bn2p1p1/3PN3/1p2P1n1/2N2Q1p/PPPBBPPP/3RK2R w Kkq - 2 1
11:49:27 r3k2r/p1ppqpb1/bn2p1p1/3PN3/1p2P1n1/2N2Q1p/PPPBBPPP/3RK2R w Kkq - 2 2
11:49:27 ['a1d1', 'f6g4']
11:49:27 r3k1nr/p1ppqpb1/bn2p1p1/3PN3/1p2P3/2N2Q1p/PPPBBPPP/3RK2R w Kkq - 2 1
11:49:27 r3k1nr/p1ppqpb1/bn2p1p1/3PN3/1p2P3/2N2Q1p/PPPBBPPP/3RK2R w Kkq - 2 2
11:49:27 ['a1d1', 'f6g8']
11:49:27 r3k2r/p1ppqpb1/bn2p1p1/3PN3/1p2n3/2N2Q1p/PPPBBPPP/3RK2R w Kkq - 0 1
11:49:27 r3k2r/p1ppqpb1/bn2p1p1/3PN3/1p2n3/2N2Q1p/PPPBBPPP/3RK2R w Kkq - 0 2
11:49:27 ['a1d1', 'f6e4']
11:49:27 r3k2r/p1ppqp2/bn2pnpb/3PN3/1p2P3/2N2Q1p/PPPBBPPP/3RK2R w Kkq - 2 1
11:49:27 r3k2r/p1ppqp2/bn2pnpb/3PN3/1p2P3/2N2Q1p/PPPBBPPP/3RK2R w Kkq - 2 2
11:49:27 ['a1d1', 'g7h6']
11:49:27 r3kb1r/p1ppqp2/bn2pnp1/3PN3/1p2P3/2N2Q1p/PPPBBPPP/3RK2R w Kkq - 2 1
11:49:27 r3kb1r/p1ppqp2/bn2pnp1/3PN3/1p2P3/2N2Q1p/PPPBBPPP/3RK2R w Kkq - 2 2
11:49:27 ['a1d1', 'g7f8']
11:49:27 r3k2r/p1ppqpb1/bn2pn2/3PN1p1/1p2P3/2N2Q1p/PPPBBPPP/3RK2R w Kkq - 0 1
11:49:27 r3k2r/p1ppqpb1/bn2pn2/3PN1p1/1p2P3/2N2Q1p/PPPBBPPP/3RK2R w Kkq - 0 2
11:49:27 ['a1d1', 'g6g5']
11:49:27 r3k3/p1ppqpbr/bn2pnp1/3PN3/1p2P3/2N2Q1p/PPPBBPPP/3RK2R w Kq - 2 1
11:49:27 r3k3/p1ppqpbr/bn2pnp1/3PN3/1p2P3/2N2Q1p/PPPBBPPP/3RK2R w Kq - 2 2
11:49:27 ['a1d1', 'h8h7']
11:49:27 r3k3/p1ppqpb1/bn2pnpr/3PN3/1p2P3/2N2Q1p/PPPBBPPP/3RK2R w Kq - 2 1
11:49:27 r3k3/p1ppqpb1/bn2pnpr/3PN3/1p2P3/2N2Q1p/PPPBBPPP/3RK2R w Kq - 2 2
11:49:27 ['a1d1', 'h8h6']
11:49:27 r3k3/p1ppqpb1/bn2pnp1/3PN2r/1p2P3/2N2Q1p/PPPBBPPP/3RK2R w Kq - 2 1
11:49:27 r3k3/p1ppqpb1/bn2pnp1/3PN2r/1p2P3/2N2Q1p/PPPBBPPP/3RK2R w Kq - 2 2
11:49:27 ['a1d1', 'h8h5']
11:49:27 r3k3/p1ppqpb1/bn2pnp1/3PN3/1p2P2r/2N2Q1p/PPPBBPPP/3RK2R w Kq - 2 1
11:49:27 r3k3/p1ppqpb1/bn2pnp1/3PN3/1p2P2r/2N2Q1p/PPPBBPPP/3RK2R w Kq - 2 2
11:49:27 ['a1d1', 'h8h4']
11:49:27 r3k1r1/p1ppqpb1/bn2pnp1/3PN3/1p2P3/2N2Q1p/PPPBBPPP/3RK2R w Kq - 2 1
11:49:27 r3k1r1/p1ppqpb1/bn2pnp1/3PN3/1p2P3/2N2Q1p/PPPBBPPP/3RK2R w Kq - 2 2
11:49:27 ['a1d1', 'h8g8']
11:49:27 r3kr2/p1ppqpb1/bn2pnp1/3PN3/1p2P3/2N2Q1p/PPPBBPPP/3RK2R w Kq - 2 1
11:49:27 r3kr2/p1ppqpb1/bn2pnp1/3PN3/1p2P3/2N2Q1p/PPPBBPPP/3RK2R w Kq - 2 2
11:49:27 ['a1d1', 'h8f8']
11:49:27 r3k2r/p1ppqpb1/bn2pnp1/3PN3/1p2P3/2N2Q2/PPPBBPpP/3RK2R w Kkq - 0 1
11:49:27 r3k2r/p1ppqpb1/bn2pnp1/3PN3/1p2P3/2N2Q2/PPPBBPpP/3RK2R w Kkq - 0 2
11:49:27 ['a1d1', 'h3g2']
11:49:27 r3k2r/p1ppqpb1/bn2pnp1/3PN3/1p2P3/1PN2Q1p/P1PBBPPP/R3K2R b KQkq - 0 0
11:49:27 r3k2r/p1ppqpb1/bn2pnp1/3PN3/1p2P3/1PN2Q1p/P1PBBPPP/R3K2R b KQkq - 0 1
11:49:27 ['b2b3']
11:49:27 1r2k2r/p1ppqpb1/bn2pnp1/3PN3/1p2P3/1PN2Q1p/P1PBBPPP/R3K2R w KQk - 1 1
11:49:27 1r2k2r/p1ppqpb1/bn2pnp1/3PN3/1p2P3/1PN2Q1p/P1PBBPPP/R3K2R w KQk - 1 2
11:49:27 ['b2b3', 'a8b8']
11:49:27 2r1k2r/p1ppqpb1/bn2pnp1/3PN3/1p2P3/1PN2Q1p/P1PBBPPP/R3K2R w KQk - 1 1
11:49:27 2r1k2r/p1ppqpb1/bn2pnp1/3PN3/1p2P3/1PN2Q1p/P1PBBPPP/R3K2R w KQk - 1 2
11:49:27 ['b2b3', 'a8c8']
11:49:27 3rk2r/p1ppqpb1/bn2pnp1/3PN3/1p2P3/1PN2Q1p/P1PBBPPP/R3K2R w KQk - 1 1
11:49:27 3rk2r/p1ppqpb1/bn2pnp1/3PN3/1p2P3/1PN2Q1p/P1PBBPPP/R3K2R w KQk - 1 2
11:49:27 ['b2b3', 'a8d8']
11:49:27 r3k2r/p1ppqpb1/1n2pnp1/1b1PN3/1p2P3/1PN2Q1p/P1PBBPPP/R3K2R w KQkq - 1 1
11:49:27 r3k2r/p1ppqpb1/1n2pnp1/1b1PN3/1p2P3/1PN2Q1p/P1PBBPPP/R3K2R w KQkq - 1 2
11:49:27 ['b2b3', 'a6b5']
11:49:27 r3k2r/p1ppqpb1/1n2pnp1/3PN3/1p2P3/1PN2Q1p/P1PBbPPP/R3K2R w KQkq - 0 1
11:49:27 r3k2r/p1ppqpb1/1n2pnp1/3PN3/1p2P3/1PN2Q1p/P1PBbPPP/R3K2R w KQkq - 0 2
11:49:27 ['b2b3', 'a6e2']
11:49:27 r1b1k2r/p1ppqpb1/1n2pnp1/3PN3/1p2P3/1PN2Q1p/P1PBBPPP/R3K2R w KQkq - 1 1
11:49:27 r1b1k2r/p1ppqpb1/1n2pnp1/3PN3/1p2P3/1PN2Q1p/P1PBBPPP/R3K2R w KQkq - 1 2
11:49:27 ['b2b3', 'a6c8']
11:49:27 r3k2r/p1ppqpb1/1n2pnp1/3PN3/1pb1P3/1PN2Q1p/P1PBBPPP/R3K2R w KQkq - 1 1
11:49:27 r3k2r/p1ppqpb1/1n2pnp1/3PN3/1pb1P3/1PN2Q1p/P1PBBPPP/R3K2R w KQkq - 1 2
11:49:27 ['b2b3', 'a6c4']
11:49:27 r3k2r/pbppqpb1/1n2pnp1/3PN3/1p2P3/1PN2Q1p/P1PBBPPP/R3K2R w KQkq - 1 1
11:49:27 r3k2r/pbppqpb1/1n2pnp1/3PN3/1p2P3/1PN2Q1p/P1PBBPPP/R3K2R w KQkq - 1 2
11:49:27 ['b2b3', 'a6b7']
11:49:27 r3k2r/p1ppqpb1/1n2pnp1/3PN3/1p2P3/1PNb1Q1p/P1PBBPPP/R3K2R w KQkq - 1 1
11:49:27 r3k2r/p1ppqpb1/1n2pnp1/3PN3/1p2P3/1PNb1Q1p/P1PBBPPP/R3K2R w KQkq - 1 2
11:49:27 ['b2b3', 'a6d3']
11:49:27 r3k2r/p1ppqpb1/b3pnp1/3nN3/1p2P3/1PN2Q1p/P1PBBPPP/R3K2R w KQkq - 0 1
11:49:27 r3k2r/p1ppqpb1/b3pnp1/3nN3/1p2P3/1PN2Q1p/P1PBBPPP/R3K2R w KQkq - 0 2
11:49:27 ['b2b3', 'b6d5']
11:49:27 r3k2r/p1ppqpb1/b3pnp1/3PN3/1pn1P3/1PN2Q1p/P1PBBPPP/R3K2R w KQkq - 1 1
11:49:27 r3k2r/p1ppqpb1/b3pnp1/3PN3/1pn1P3/1PN2Q1p/P1PBBPPP/R3K2R w KQkq - 1 2
11:49:27 ['b2b3', 'b6c4']
11:49:27 r1n1k2r/p1ppqpb1/b3pnp1/3PN3/1p2P3/1PN2Q1p/P1PBBPPP/R3K2R w KQkq - 1 1
11:49:27 r1n1k2r/p1ppqpb1/b3pnp1/3PN3/1p2P3/1PN2Q1p/P1PBBPPP/R3K2R w KQkq - 1 2
11:49:27 ['b2b3', 'b6c8']
11:49:27 r3k2r/p1ppqpb1/b3pnp1/3PN3/np2P3/1PN2Q1p/P1PBBPPP/R3K2R w KQkq - 1 1
11:49:27 r3k2r/p1ppqpb1/b3pnp1/3PN3/np2P3/1PN2Q1p/P1PBBPPP/R3K2R w KQkq - 1 2
11:49:27 ['b2b3', 'b6a4']
11:49:27 r3k2r/p1ppqpb1/bn2pnp1/3PN3/4P3/1Pp2Q1p/P1PBBPPP/R3K2R w KQkq - 0 1
11:49:27 r3k2r/p1ppqpb1/bn2pnp1/3PN3/4P3/1Pp2Q1p/P1PBBPPP/R3K2R w KQkq - 0 2
11:49:27 ['b2b3', 'b4c3']
11:49:27 r3k2r/p2pqpb1/bn2pnp1/2pPN3/1p2P3/1PN2Q1p/P1PBBPPP/R3K2R w KQkq c6 0 1
11:49:27 r3k2r/p2pqpb1/bn2pnp1/2pPN3/1p2P3/1PN2Q1p/P1PBBPPP/R3K2R w KQkq c6 0 2
11:49:27 ['b2b3', 'c7c5']
11:49:27 r3k2r/p2pqpb1/bnp1pnp1/3PN3/1p2P3/1PN2Q1p/P1PBBPPP/R3K2R w KQkq - 0 1
11:49:27 r3k2r/p2pqpb1/bnp1pnp1/3PN3/1p2P3/1PN2Q1p/P1PBBPPP/R3K2R w KQkq - 0 2
11:49:27 ['b2b3', 'c7c6']
11:49:27 r3k2r/p1p1qpb1/bn1ppnp1/3PN3/1p2P3/1PN2Q1p/P1PBBPPP/R3K2R w KQkq - 0 1
11:49:27 r3k2r/p1p1qpb1/bn1ppnp1/3PN3/1p2P3/1PN2Q1p/P1PBBPPP/R3K2R w KQkq - 0 2
11:49:27 ['b2b3', 'd7d6']
11:49:27 r4k1r/p1ppqpb1/bn2pnp1/3PN3/1p2P3/1PN2Q1p/P1PBBPPP/R3K2R w KQ - 1 1
11:49:27 r4k1r/p1ppqpb1/bn2pnp1/3PN3/1p2P3/1PN2Q1p/P1PBBPPP/R3K2R w KQ - 1 2
11:49:27 ['b2b3', 'e8f8']
11:49:27 r2k3r/p1ppqpb1/bn2pnp1/3PN3/1p2P3/1PN2Q1p/P1PBBPPP/R3K2R w KQ - 1 1
11:49:27 r2k3r/p1ppqpb1/bn2pnp1/3PN3/1p2P3/1PN2Q1p/P1PBBPPP/R3K2R w KQ - 1 2
11:49:27 ['b2b3', 'e8d8']
11:49:27 2kr3r/p1ppqpb1/bn2pnp1/3PN3/1p2P3/1PN2Q1p/P1PBBPPP/R3K2R w KQ - 1 1
11:49:27 2kr3r/p1ppqpb1/bn2pnp1/3PN3/1p2P3/1PN2Q1p/P1PBBPPP/R3K2R w KQ - 1 2
11:49:27 ['b2b3', 'e8c8']
11:49:27 r4rk1/p1ppqpb1/bn2pnp1/3PN3/1p2P3/1PN2Q1p/P1PBBPPP/R3K2R w KQ - 1 1
11:49:27 r4rk1/p1ppqpb1/bn2pnp1/3PN3/1p2P3/1PN2Q1p/P1PBBPPP/R3K2R w KQ - 1 2
11:49:27 ['b2b3', 'e8g8']
11:49:27 r2qk2r/p1pp1pb1/bn2pnp1/3PN3/1p2P3/1PN2Q1p/P1PBBPPP/R3K2R w KQkq - 1 1
11:49:27 r2qk2r/p1pp1pb1/bn2pnp1/3PN3/1p2P3/1PN2Q1p/P1PBBPPP/R3K2R w KQkq - 1 2
11:49:27 ['b2b3', 'e7d8']
11:49:27 r3k2r/p1pp1pb1/bn1qpnp1/3PN3/1p2P3/1PN2Q1p/P1PBBPPP/R3K2R w KQkq - 1 1
11:49:27 r3k2r/p1pp1pb1/bn1qpnp1/3PN3/1p2P3/1PN2Q1p/P1PBBPPP/R3K2R w KQkq - 1 2
11:49:27 ['b2b3', 'e7d6']
11:49:27 r3k2r/p1pp1pb1/bn2pnp1/2qPN3/1p2P3/1PN2Q1p/P1PBBPPP/R3K2R w KQkq - 1 1
11:49:27 r3k2r/p1pp1pb1/bn2pnp1/2qPN3/1p2P3/1PN2Q1p/P1PBBPPP/R3K2R w KQkq - 1 2
11:49:27 ['b2b3', 'e7c5']
11:49:27 r3kq1r/p1pp1pb1/bn2pnp1/3PN3/1p2P3/1PN2Q1p/P1PBBPPP/R3K2R w KQkq - 1 1
11:49:27 r3kq1r/p1pp1pb1/bn2pnp1/3PN3/1p2P3/1PN2Q1p/P1PBBPPP/R3K2R w KQkq - 1 2
11:49:27 ['b2b3', 'e7f8']
11:49:27 r3k2r/p1ppqpb1/bn3np1/3pN3/1p2P3/1PN2Q1p/P1PBBPPP/R3K2R w KQkq - 0 1
11:49:27 r3k2r/p1ppqpb1/bn3np1/3pN3/1p2P3/1PN2Q1p/P1PBBPPP/R3K2R w KQkq - 0 2
11:49:27 ['b2b3', 'e6d5']
11:49:27 r3k2r/p1ppqpb1/bn2p1p1/3PN2n/1p2P3/1PN2Q1p/P1PBBPPP/R3K2R w KQkq - 1 1
11:49:27 r3k2r/p1ppqpb1/bn2p1p1/3PN2n/1p2P3/1PN2Q1p/P1PBBPPP/R3K2R w KQkq - 1 2
11:49:27 ['b2b3', 'f6h5']
11:49:27 r3k2r/p1ppqpbn/bn2p1p1/3PN3/1p2P3/1PN2Q1p/P1PBBPPP/R3K2R w KQkq - 1 1
11:49:27 r3k2r/p1ppqpbn/bn2p1p1/3PN3/1p2P3/1PN2Q1p/P1PBBPPP/R3K2R w KQkq - 1 2
11:49:27 ['b2b3', 'f6h7']
11:49:27 r3k2r/p1ppqpb1/bn2p1p1/3nN3/1p2P3/1PN2Q1p/P1PBBPPP/R3K2R w KQkq - 0 1
11:49:27 r3k2r/p1ppqpb1/bn2p1p1/3nN3/1p2P3/1PN2Q1p/P1PBBPPP/R3K2R w KQkq - 0 2
11:49:27 ['b2b3', 'f6d5']
11:49:28 r3k2r/p1ppqpb1/bn2p1p1/3PN3/1p2P1n1/1PN2Q1p/P1PBBPPP/R3K2R w KQkq - 1 1
11:49:28 r3k2r/p1ppqpb1/bn2p1p1/3PN3/1p2P1n1/1PN2Q1p/P1PBBPPP/R3K2R w KQkq - 1 2
11:49:28 ['b2b3', 'f6g4']
11:49:28 r3k1nr/p1ppqpb1/bn2p1p1/3PN3/1p2P3/1PN2Q1p/P1PBBPPP/R3K2R w KQkq - 1 1
11:49:28 r3k1nr/p1ppqpb1/bn2p1p1/3PN3/1p2P3/1PN2Q1p/P1PBBPPP/R3K2R w KQkq - 1 2
11:49:28 ['b2b3', 'f6g8']
11:49:28 r3k2r/p1ppqpb1/bn2p1p1/3PN3/1p2n3/1PN2Q1p/P1PBBPPP/R3K2R w KQkq - 0 1
11:49:28 r3k2r/p1ppqpb1/bn2p1p1/3PN3/1p2n3/1PN2Q1p/P1PBBPPP/R3K2R w KQkq - 0 2
11:49:28 ['b2b3', 'f6e4']
11:49:28 r3k2r/p1ppqp2/bn2pnpb/3PN3/1p2P3/1PN2Q1p/P1PBBPPP/R3K2R w KQkq - 1 1
11:49:28 r3k2r/p1ppqp2/bn2pnpb/3PN3/1p2P3/1PN2Q1p/P1PBBPPP/R3K2R w KQkq - 1 2
11:49:28 ['b2b3', 'g7h6']
11:49:28 r3kb1r/p1ppqp2/bn2pnp1/3PN3/1p2P3/1PN2Q1p/P1PBBPPP/R3K2R w KQkq - 1 1
11:49:28 r3kb1r/p1ppqp2/bn2pnp1/3PN3/1p2P3/1PN2Q1p/P1PBBPPP/R3K2R w KQkq - 1 2
11:49:28 ['b2b3', 'g7f8']
11:49:28 r3k2r/p1ppqpb1/bn2pn2/3PN1p1/1p2P3/1PN2Q1p/P1PBBPPP/R3K2R w KQkq - 0 1
11:49:28 r3k2r/p1ppqpb1/bn2pn2/3PN1p1/1p2P3/1PN2Q1p/P1PBBPPP/R3K2R w KQkq - 0 2
11:49:28 ['b2b3', 'g6g5']
11:49:28 r3k3/p1ppqpbr/bn2pnp1/3PN3/1p2P3/1PN2Q1p/P1PBBPPP/R3K2R w KQq - 1 1
11:49:28 r3k3/p1ppqpbr/bn2pnp1/3PN3/1p2P3/1PN2Q1p/P1PBBPPP/R3K2R w KQq - 1 2
11:49:28 ['b2b3', 'h8h7']
11:49:28 r3k3/p1ppqpb1/bn2pnpr/3PN3/1p2P3/1PN2Q1p/P1PBBPPP/R3K2R w KQq - 1 1
11:49:28 r3k3/p1ppqpb1/bn2pnpr/3PN3/1p2P3/1PN2Q1p/P1PBBPPP/R3K2R w KQq - 1 2
11:49:28 ['b2b3', 'h8h6']
11:49:28 r3k3/p1ppqpb1/bn2pnp1/3PN2r/1p2P3/1PN2Q1p/P1PBBPPP/R3K2R w KQq - 1 1
11:49:28 r3k3/p1ppqpb1/bn2pnp1/3PN2r/1p2P3/1PN2Q1p/P1PBBPPP/R3K2R w KQq - 1 2
11:49:28 ['b2b3', 'h8h5']
11:49:28 r3k3/p1ppqpb1/bn2pnp1/3PN3/1p2P2r/1PN2Q1p/P1PBBPPP/R3K2R w KQq - 1 1
11:49:28 r3k3/p1ppqpb1/bn2pnp1/3PN3/1p2P2r/1PN2Q1p/P1PBBPPP/R3K2R w KQq - 1 2
11:49:28 ['b2b3', 'h8h4']
11:49:28 r3k1r1/p1ppqpb1/bn2pnp1/3PN3/1p2P3/1PN2Q1p/P1PBBPPP/R3K2R w KQq - 1 1
11:49:28 r3k1r1/p1ppqpb1/bn2pnp1/3PN3/1p2P3/1PN2Q1p/P1PBBPPP/R3K2R w KQq - 1 2
11:49:28 ['b2b3', 'h8g8']
11:49:28 r3kr2/p1ppqpb1/bn2pnp1/3PN3/1p2P3/1PN2Q1p/P1PBBPPP/R3K2R w KQq - 1 1
11:49:28 r3kr2/p1ppqpb1/bn2pnp1/3PN3/1p2P3/1PN2Q1p/P1PBBPPP/R3K2R w KQq - 1 2
11:49:28 ['b2b3', 'h8f8']
11:49:28 r3k2r/p1ppqpb1/bn2pnp1/3PN3/1p2P3/1PN2Q2/P1PBBPpP/R3K2R w KQkq - 0 1
11:49:28 r3k2r/p1ppqpb1/bn2pnp1/3PN3/1p2P3/1PN2Q2/P1PBBPpP/R3K2R w KQkq - 0 2
11:49:28 ['b2b3', 'h3g2']
11:49:28 r3k2r/p1ppqpb1/bn2pnp1/3PN3/Np2P3/5Q1p/PPPBBPPP/R3K2R b KQkq - 1 0
11:49:28 r3k2r/p1ppqpb1/bn2pnp1/3PN3/Np2P3/5Q1p/PPPBBPPP/R3K2R b KQkq - 1 1
11:49:28 ['c3a4']
11:49:28 1r2k2r/p1ppqpb1/bn2pnp1/3PN3/Np2P3/5Q1p/PPPBBPPP/R3K2R w KQk - 2 1
11:49:28 1r2k2r/p1ppqpb1/bn2pnp1/3PN3/Np2P3/5Q1p/PPPBBPPP/R3K2R w KQk - 2 2
11:49:28 ['c3a4', 'a8b8']
11:49:28 2r1k2r/p1ppqpb1/bn2pnp1/3PN3/Np2P3/5Q1p/PPPBBPPP/R3K2R w KQk - 2 1
11:49:28 2r1k2r/p1ppqpb1/bn2pnp1/3PN3/Np2P3/5Q1p/PPPBBPPP/R3K2R w KQk - 2 2
11:49:28 ['c3a4', 'a8c8']
11:49:28 3rk2r/p1ppqpb1/bn2pnp1/3PN3/Np2P3/5Q1p/PPPBBPPP/R3K2R w KQk - 2 1
11:49:28 3rk2r/p1ppqpb1/bn2pnp1/3PN3/Np2P3/5Q1p/PPPBBPPP/R3K2R w KQk - 2 2
11:49:28 ['c3a4', 'a8d8']
11:49:28 r3k2r/p1ppqpb1/1n2pnp1/1b1PN3/Np2P3/5Q1p/PPPBBPPP/R3K2R w KQkq - 2 1
11:49:28 r3k2r/p1ppqpb1/1n2pnp1/1b1PN3/Np2P3/5Q1p/PPPBBPPP/R3K2R w KQkq - 2 2
11:49:28 ['c3a4', 'a6b5']
11:49:28 r3k2r/p1ppqpb1/1n2pnp1/3PN3/Np2P3/5Q1p/PPPBbPPP/R3K2R w KQkq - 0 1
11:49:28 r3k2r/p1ppqpb1/1n2pnp1/3PN3/Np2P3/5Q1p/PPPBbPPP/R3K2R w KQkq - 0 2
11:49:28 ['c3a4', 'a6e2']
11:49:28 r1b1k2r/p1ppqpb1/1n2pnp1/3PN3/Np2P3/5Q1p/PPPBBPPP/R3K2R w KQkq - 2 1
11:49:28 r1b1k2r/p1ppqpb1/1n2pnp1/3PN3/Np2P3/5Q1p/PPPBBPPP/R3K2R w KQkq - 2 2
11:49:28 ['c3a4', 'a6c8']
11:49:28 r3k2r/p1ppqpb1/1n2pnp1/3PN3/Npb1P3/5Q1p/PPPBBPPP/R3K2R w KQkq - 2 1
11:49:28 r3k2r/p1ppqpb1/1n2pnp1/3PN3/Npb1P3/5Q1p/PPPBBPPP/R3K2R w KQkq - 2 2
11:49:28 ['c3a4', 'a6c4']
11:49:28 r3k2r/pbppqpb1/1n2pnp1/3PN3/Np2P3/5Q1p/PPPBBPPP/R3K2R w KQkq - 2 1
11:49:28 r3k2r/pbppqpb1/1n2pnp1/3PN3/Np2P3/5Q1p/PPPBBPPP/R3K2R w KQkq - 2 2
11:49:28 ['c3a4', 'a6b7']
11:49:28 r3k2r/p1ppqpb1/1n2pnp1/3PN3/Np2P3/3b1Q1p/PPPBBPPP/R3K2R w KQkq - 2 1
11:49:28 r3k2r/p1ppqpb1/1n2pnp1/3PN3/Np2P3/3b1Q1p/PPPBBPPP/R3K2R w KQkq - 2 2
11:49:28 ['c3a4', 'a6d3']
11:49:28 r3k2r/p1ppqpb1/b3pnp1/3nN3/Np2P3/5Q1p/PPPBBPPP/R3K2R w KQkq - 0 1
11:49:28 r3k2r/p1ppqpb1/b3pnp1/3nN3/Np2P3/5Q1p/PPPBBPPP/R3K2R w KQkq - 0 2
11:49:28 ['c3a4', 'b6d5']
11:49:28 r3k2r/p1ppqpb1/b3pnp1/3PN3/Npn1P3/5Q1p/PPPBBPPP/R3K2R w KQkq - 2 1
11:49:28 r3k2r/p1ppqpb1/b3pnp1/3PN3/Npn1P3/5Q1p/PPPBBPPP/R3K2R w KQkq - 2 2
11:49:28 ['c3a4', 'b6c4']
11:49:28 r1n1k2r/p1ppqpb1/b3pnp1/3PN3/Np2P3/5Q1p/PPPBBPPP/R3K2R w KQkq - 2 1
11:49:28 r1n1k2r/p1ppqpb1/b3pnp1/3PN3/Np2P3/5Q1p/PPPBBPPP/R3K2R w KQkq - 2 2
11:49:28 ['c3a4', 'b6c8']
11:49:28 r3k2r/p1ppqpb1/b3pnp1/3PN3/np2P3/5Q1p/PPPBBPPP/R3K2R w KQkq - 0 1
11:49:28 r3k2r/p1ppqpb1/b3pnp1/3PN3/np2P3/5Q1p/PPPBBPPP/R3K2R w KQkq - 0 2
11:49:28 ['c3a4', 'b6a4']
11:49:28 r3k2r/p1ppqpb1/bn2pnp1/3PN3/N3P3/1p3Q1p/PPPBBPPP/R3K2R w KQkq - 0 1
11:49:28 r3k2r/p1ppqpb1/bn2pnp1/3PN3/N3P3/1p3Q1p/PPPBBPPP/R3K2R w KQkq - 0 2
11:49:28 ['c3a4', 'b4b3']
11:49:28 r3k2r/p2pqpb1/bn2pnp1/2pPN3/Np2P3/5Q1p/PPPBBPPP/R3K2R w KQkq c6 0 1
11:49:28 r3k2r/p2pqpb1/bn2pnp1/2pPN3/Np2P3/5Q1p/PPPBBPPP/R3K2R w KQkq c6 0 2
11:49:28 ['c3a4', 'c7c5']
11:49:28 r3k2r/p2pqpb1/bnp1pnp1/3PN3/Np2P3/5Q1p/PPPBBPPP/R3K2R w KQkq - 0 1
11:49:28 r3k2r/p2pqpb1/bnp1pnp1/3PN3/Np2P3/5Q1p/PPPBBPPP/R3K2R w KQkq - 0 2
11:49:28 ['c3a4', 'c7c6']
11:49:28 r3k2r/p1p1qpb1/bn1ppnp1/3PN3/Np2P3/5Q1p/PPPBBPPP/R3K2R w KQkq - 0 1
11:49:28 r3k2r/p1p1qpb1/bn1ppnp1/3PN3/Np2P3/5Q1p/PPPBBPPP/R3K2R w KQkq - 0 2
11:49:28 ['c3a4', 'd7d6']
11:49:28 r4k1r/p1ppqpb1/bn2pnp1/3PN3/Np2P3/5Q1p/PPPBBPPP/R3K2R w KQ - 2 1
11:49:28 r4k1r/p1ppqpb1/bn2pnp1/3PN3/Np2P3/5Q1p/PPPBBPPP/R3K2R w KQ - 2 2
11:49:28 ['c3a4', 'e8f8']
11:49:28 r2k3r/p1ppqpb1/bn2pnp1/3PN3/Np2P3/5Q1p/PPPBBPPP/R3K2R w KQ - 2 1
11:49:28 r2k3r/p1ppqpb1/bn2pnp1/3PN3/Np2P3/5Q1p/PPPBBPPP/R3K2R w KQ - 2 2
11:49:28 ['c3a4', 'e8d8']
11:49:28 2kr3r/p1ppqpb1/bn2pnp1/3PN3/Np2P3/5Q1p/PPPBBPPP/R3K2R w KQ - 2 1
11:49:28 2kr3r/p1ppqpb1/bn2pnp1/3PN3/Np2P3/5Q1p/PPPBBPPP/R3K2R w KQ - 2 2
11:49:28 ['c3a4', 'e8c8']
11:49:28 r4rk1/p1ppqpb1/bn2pnp1/3PN3/Np2P3/5Q1p/PPPBBPPP/R3K2R w KQ - 2 1
11:49:28 r4rk1/p1ppqpb1/bn2pnp1/3PN3/Np2P3/5Q1p/PPPBBPPP/R3K2R w KQ - 2 2
11:49:28 ['c3a4', 'e8g8']
11:49:28 r2qk2r/p1pp1pb1/bn2pnp1/3PN3/Np2P3/5Q1p/PPPBBPPP/R3K2R w KQkq - 2 1
11:49:28 r2qk2r/p1pp1pb1/bn2pnp1/3PN3/Np2P3/5Q1p/PPPBBPPP/R3K2R w KQkq - 2 2
11:49:28 ['c3a4', 'e7d8']
11:49:28 r3k2r/p1pp1pb1/bn1qpnp1/3PN3/Np2P3/5Q1p/PPPBBPPP/R3K2R w KQkq - 2 1
11:49:28 r3k2r/p1pp1pb1/bn1qpnp1/3PN3/Np2P3/5Q1p/PPPBBPPP/R3K2R w KQkq - 2 2
11:49:28 ['c3a4', 'e7d6']
11:49:28 r3k2r/p1pp1pb1/bn2pnp1/2qPN3/Np2P3/5Q1p/PPPBBPPP/R3K2R w KQkq - 2 1
11:49:28 r3k2r/p1pp1pb1/bn2pnp1/2qPN3/Np2P3/5Q1p/PPPBBPPP/R3K2R w KQkq - 2 2
11:49:28 ['c3a4', 'e7c5']
11:49:28 r3kq1r/p1pp1pb1/bn2pnp1/3PN3/Np2P3/5Q1p/PPPBBPPP/R3K2R w KQkq - 2 1
11:49:28 r3kq1r/p1pp1pb1/bn2pnp1/3PN3/Np2P3/5Q1p/PPPBBPPP/R3K2R w KQkq - 2 2
11:49:28 ['c3a4', 'e7f8']
11:49:28 r3k2r/p1ppqpb1/bn3np1/3pN3/Np2P3/5Q1p/PPPBBPPP/R3K2R w KQkq - 0 1
11:49:28 r3k2r/p1ppqpb1/bn3np1/3pN3/Np2P3/5Q1p/PPPBBPPP/R3K2R w KQkq - 0 2
11:49:28 ['c3a4', 'e6d5']
11:49:28 r3k2r/p1ppqpb1/bn2p1p1/3PN2n/Np2P3/5Q1p/PPPBBPPP/R3K2R w KQkq - 2 1
11:49:28 r3k2r/p1ppqpb1/bn2p1p1/3PN2n/Np2P3/5Q1p/PPPBBPPP/R3K2R w KQkq - 2 2
11:49:28 ['c3a4', 'f6h5']
11:49:28 r3k2r/p1ppqpbn/bn2p1p1/3PN3/Np2P3/5Q1p/PPPBBPPP/R3K2R w KQkq - 2 1
11:49:28 r3k2r/p1ppqpbn/bn2p1p1/3PN3/Np2P3/5Q1p/PPPBBPPP/R3K2R w KQkq - 2 2
11:49:28 ['c3a4', 'f6h7']
11:49:28 r3k2r/p1ppqpb1/bn2p1p1/3nN3/Np2P3/5Q1p/PPPBBPPP/R3K2R w KQkq - 0 1
11:49:28 r3k2r/p1ppqpb1/bn2p1p1/3nN3/Np2P3/5Q1p/PPPBBPPP/R3K2R w KQkq - 0 2
11:49:28 ['c3a4', 'f6d5']
11:49:28 r3k2r/p1ppqpb1/bn2p1p1/3PN3/Np2P1n1/5Q1p/PPPBBPPP/R3K2R w KQkq - 2 1
11:49:28 r3k2r/p1ppqpb1/bn2p1p1/3PN3/Np2P1n1/5Q1p/PPPBBPPP/R3K2R w KQkq - 2 2
11:49:28 ['c3a4', 'f6g4']
11:49:28 r3k1nr/p1ppqpb1/bn2p1p1/3PN3/Np2P3/5Q1p/PPPBBPPP/R3K2R w KQkq - 2 1
11:49:28 r3k1nr/p1ppqpb1/bn2p1p1/3PN3/Np2P3/5Q1p/PPPBBPPP/R3K2R w KQkq - 2 2
11:49:28 ['c3a4', 'f6g8']
11:49:28 r3k2r/p1ppqpb1/bn2p1p1/3PN3/Np2n3/5Q1p/PPPBBPPP/R3K2R w KQkq - 0 1
11:49:28 r3k2r/p1ppqpb1/bn2p1p1/3PN3/Np2n3/5Q1p/PPPBBPPP/R3K2R w KQkq - 0 2
11:49:28 ['c3a4', 'f6e4']
11:49:28 r3k2r/p1ppqp2/bn2pnpb/3PN3/Np2P3/5Q1p/PPPBBPPP/R3K2R w KQkq - 2 1
11:49:28 r3k2r/p1ppqp2/bn2pnpb/3PN3/Np2P3/5Q1p/PPPBBPPP/R3K2R w KQkq - 2 2
11:49:28 ['c3a4', 'g7h6']
11:49:28 r3kb1r/p1ppqp2/bn2pnp1/3PN3/Np2P3/5Q1p/PPPBBPPP/R3K2R w KQkq - 2 1
11:49:28 r3kb1r/p1ppqp2/bn2pnp1/3PN3/Np2P3/5Q1p/PPPBBPPP/R3K2R w KQkq - 2 2
11:49:28 ['c3a4', 'g7f8']
11:49:28 r3k2r/p1ppqpb1/bn2pn2/3PN1p1/Np2P3/5Q1p/PPPBBPPP/R3K2R w KQkq - 0 1
11:49:28 r3k2r/p1ppqpb1/bn2pn2/3PN1p1/Np2P3/5Q1p/PPPBBPPP/R3K2R w KQkq - 0 2
11:49:28 ['c3a4', 'g6g5']
11:49:28 r3k3/p1ppqpbr/bn2pnp1/3PN3/Np2P3/5Q1p/PPPBBPPP/R3K2R w KQq - 2 1
11:49:28 r3k3/p1ppqpbr/bn2pnp1/3PN3/Np2P3/5Q1p/PPPBBPPP/R3K2R w KQq - 2 2
11:49:28 ['c3a4', 'h8h7']
11:49:28 r3k3/p1ppqpb1/bn2pnpr/3PN3/Np2P3/5Q1p/PPPBBPPP/R3K2R w KQq - 2 1
11:49:28 r3k3/p1ppqpb1/bn2pnpr/3PN3/Np2P3/5Q1p/PPPBBPPP/R3K2R w KQq - 2 2
11:49:28 ['c3a4', 'h8h6']
11:49:28 r3k3/p1ppqpb1/bn2pnp1/3PN2r/Np2P3/5Q1p/PPPBBPPP/R3K2R w KQq - 2 1
11:49:28 r3k3/p1ppqpb1/bn2pnp1/3PN2r/Np2P3/5Q1p/PPPBBPPP/R3K2R w KQq - 2 2
11:49:28 ['c3a4', 'h8h5']
