11:55:34 ----------------------------------------
11:55:34 Initiating move generation test on depth: 3
11:55:34 FEN of position to be brute forced:r3k2r/p1ppqpb1/bn2pnp1/3PN3/1p2P3/2N2Q1p/PPPBBPPP/R3K2R w KQkq - 0 0
11:55:34 Result of possible games with 1 ply: 48/48 - OK
11:55:34 Elapsed time in 1 ply: 00h00m00s seconds
11:55:39 Result of possible games with 2 ply: 2039/2039 - OK
11:55:39 Elapsed time in 2 ply: 00h00m04s seconds
11:56:18 1r2k2r/p1ppqpb1/bn2pnp1/3PN3/1p2P3/5Q1p/PPPBBPPP/1NKR3R b k - 3 1
11:56:18 1r2k2r/p1ppqpb1/bn2pnp1/3PN3/1p2P3/5Q1p/PPPBBPPP/RN2K2R w KQk - 2 2
11:56:18 ['c3b1', 'a8b8', 'e1c1']
11:56:18 1r2k2r/p1ppqpb1/bn2pnp1/3PN3/1p2P3/5Q1p/PPPBBPPP/1NKR3R b k - 3 1
11:56:18 1r2k2r/p1ppqpb1/bn2pnp1/3PN3/1p2P3/5Q1p/PPPBBPPP/RN2K2R w KQk - 2 2
11:56:18 ['c3b1', 'a8b8', 'e1c1']
11:56:18 2r1k2r/p1ppqpb1/bn2pnp1/3PN3/1p2P3/5Q1p/PPPBBPPP/1NKR3R b k - 3 1
11:56:18 2r1k2r/p1ppqpb1/bn2pnp1/3PN3/1p2P3/5Q1p/PPPBBPPP/RN2K2R w KQk - 2 2
11:56:18 ['c3b1', 'a8c8', 'e1c1']
11:56:18 2r1k2r/p1ppqpb1/bn2pnp1/3PN3/1p2P3/5Q1p/PPPBBPPP/1NKR3R b k - 3 1
11:56:18 2r1k2r/p1ppqpb1/bn2pnp1/3PN3/1p2P3/5Q1p/PPPBBPPP/RN2K2R w KQk - 2 2
11:56:18 ['c3b1', 'a8c8', 'e1c1']
11:56:18 3rk2r/p1ppqpb1/bn2pnp1/3PN3/1p2P3/5Q1p/PPPBBPPP/1NKR3R b k - 3 1
11:56:18 3rk2r/p1ppqpb1/bn2pnp1/3PN3/1p2P3/5Q1p/PPPBBPPP/RN2K2R w KQk - 2 2
11:56:18 ['c3b1', 'a8d8', 'e1c1']
11:56:18 3rk2r/p1ppqpb1/bn2pnp1/3PN3/1p2P3/5Q1p/PPPBBPPP/1NKR3R b k - 3 1
11:56:18 3rk2r/p1ppqpb1/bn2pnp1/3PN3/1p2P3/5Q1p/PPPBBPPP/RN2K2R w KQk - 2 2
11:56:18 ['c3b1', 'a8d8', 'e1c1']
11:56:18 r3k2r/p1ppqpb1/1n2pnp1/1b1PN3/1p2P3/5Q1p/PPPBBPPP/1NKR3R b kq - 3 1
11:56:18 r3k2r/p1ppqpb1/1n2pnp1/1b1PN3/1p2P3/5Q1p/PPPBBPPP/RN2K2R w KQkq - 2 2
11:56:18 ['c3b1', 'a6b5', 'e1c1']
11:56:18 r3k2r/p1ppqpb1/1n2pnp1/1b1PN3/1p2P3/5Q1p/PPPBBPPP/1NKR3R b kq - 3 1
11:56:18 r3k2r/p1ppqpb1/1n2pnp1/1b1PN3/1p2P3/5Q1p/PPPBBPPP/RN2K2R w KQkq - 2 2
11:56:18 ['c3b1', 'a6b5', 'e1c1']
11:56:18 r1b1k2r/p1ppqpb1/1n2pnp1/3PN3/1p2P3/5Q1p/PPPBBPPP/1NKR3R b kq - 3 1
11:56:18 r1b1k2r/p1ppqpb1/1n2pnp1/3PN3/1p2P3/5Q1p/PPPBBPPP/RN2K2R w KQkq - 2 2
11:56:18 ['c3b1', 'a6c8', 'e1c1']
11:56:18 r1b1k2r/p1ppqpb1/1n2pnp1/3PN3/1p2P3/5Q1p/PPPBBPPP/1NKR3R b kq - 3 1
11:56:18 r1b1k2r/p1ppqpb1/1n2pnp1/3PN3/1p2P3/5Q1p/PPPBBPPP/RN2K2R w KQkq - 2 2
11:56:18 ['c3b1', 'a6c8', 'e1c1']
11:56:18 r3k2r/p1ppqpb1/1n2pnp1/3PN3/1pb1P3/5Q1p/PPPBBPPP/1NKR3R b kq - 3 1
11:56:18 r3k2r/p1ppqpb1/1n2pnp1/3PN3/1pb1P3/5Q1p/PPPBBPPP/RN2K2R w KQkq - 2 2
11:56:18 ['c3b1', 'a6c4', 'e1c1']
11:56:18 r3k2r/p1ppqpb1/1n2pnp1/3PN3/1pb1P3/5Q1p/PPPBBPPP/1NKR3R b kq - 3 1
11:56:18 r3k2r/p1ppqpb1/1n2pnp1/3PN3/1pb1P3/5Q1p/PPPBBPPP/RN2K2R w KQkq - 2 2
11:56:18 ['c3b1', 'a6c4', 'e1c1']
11:56:18 r3k2r/pbppqpb1/1n2pnp1/3PN3/1p2P3/5Q1p/PPPBBPPP/1NKR3R b kq - 3 1
11:56:18 r3k2r/pbppqpb1/1n2pnp1/3PN3/1p2P3/5Q1p/PPPBBPPP/RN2K2R w KQkq - 2 2
11:56:18 ['c3b1', 'a6b7', 'e1c1']
11:56:18 r3k2r/pbppqpb1/1n2pnp1/3PN3/1p2P3/5Q1p/PPPBBPPP/1NKR3R b kq - 3 1
11:56:18 r3k2r/pbppqpb1/1n2pnp1/3PN3/1p2P3/5Q1p/PPPBBPPP/RN2K2R w KQkq - 2 2
11:56:18 ['c3b1', 'a6b7', 'e1c1']
11:56:18 r3k2r/p1ppqpb1/1n2pnp1/3PN3/1p2P3/3b1Q1p/PPPBBPPP/1NKR3R b kq - 3 1
11:56:18 r3k2r/p1ppqpb1/1n2pnp1/3PN3/1p2P3/3b1Q1p/PPPBBPPP/RN2K2R w KQkq - 2 2
11:56:18 ['c3b1', 'a6d3', 'e1c1']
11:56:18 r3k2r/p1ppqpb1/1n2pnp1/3PN3/1p2P3/3b1Q1p/PPPBBPPP/1NKR3R b kq - 3 1
11:56:18 r3k2r/p1ppqpb1/1n2pnp1/3PN3/1p2P3/3b1Q1p/PPPBBPPP/RN2K2R w KQkq - 2 2
11:56:18 ['c3b1', 'a6d3', 'e1c1']
11:56:19 r3k2r/p1ppqpb1/b3pnp1/3nN3/1p2P3/5Q1p/PPPBBPPP/1NKR3R b kq - 1 1
11:56:19 r3k2r/p1ppqpb1/b3pnp1/3nN3/1p2P3/5Q1p/PPPBBPPP/RN2K2R w KQkq - 0 2
11:56:19 ['c3b1', 'b6d5', 'e1c1']
11:56:19 r3k2r/p1ppqpb1/b3pnp1/3nN3/1p2P3/5Q1p/PPPBBPPP/1NKR3R b kq - 1 1
11:56:19 r3k2r/p1ppqpb1/b3pnp1/3nN3/1p2P3/5Q1p/PPPBBPPP/RN2K2R w KQkq - 0 2
11:56:19 ['c3b1', 'b6d5', 'e1c1']
11:56:19 r3k2r/p1ppqpb1/b3pnp1/3PN3/1pn1P3/5Q1p/PPPBBPPP/1NKR3R b kq - 3 1
11:56:19 r3k2r/p1ppqpb1/b3pnp1/3PN3/1pn1P3/5Q1p/PPPBBPPP/RN2K2R w KQkq - 2 2
11:56:19 ['c3b1', 'b6c4', 'e1c1']
11:56:19 r3k2r/p1ppqpb1/b3pnp1/3PN3/1pn1P3/5Q1p/PPPBBPPP/1NKR3R b kq - 3 1
11:56:19 r3k2r/p1ppqpb1/b3pnp1/3PN3/1pn1P3/5Q1p/PPPBBPPP/RN2K2R w KQkq - 2 2
11:56:19 ['c3b1', 'b6c4', 'e1c1']
11:56:19 r1n1k2r/p1ppqpb1/b3pnp1/3PN3/1p2P3/5Q1p/PPPBBPPP/1NKR3R b kq - 3 1
11:56:19 r1n1k2r/p1ppqpb1/b3pnp1/3PN3/1p2P3/5Q1p/PPPBBPPP/RN2K2R w KQkq - 2 2
11:56:19 ['c3b1', 'b6c8', 'e1c1']
11:56:19 r1n1k2r/p1ppqpb1/b3pnp1/3PN3/1p2P3/5Q1p/PPPBBPPP/1NKR3R b kq - 3 1
11:56:19 r1n1k2r/p1ppqpb1/b3pnp1/3PN3/1p2P3/5Q1p/PPPBBPPP/RN2K2R w KQkq - 2 2
11:56:19 ['c3b1', 'b6c8', 'e1c1']
11:56:19 r3k2r/p1ppqpb1/b3pnp1/3PN3/np2P3/5Q1p/PPPBBPPP/1NKR3R b kq - 3 1
11:56:19 r3k2r/p1ppqpb1/b3pnp1/3PN3/np2P3/5Q1p/PPPBBPPP/RN2K2R w KQkq - 2 2
11:56:19 ['c3b1', 'b6a4', 'e1c1']
11:56:19 r3k2r/p1ppqpb1/b3pnp1/3PN3/np2P3/5Q1p/PPPBBPPP/1NKR3R b kq - 3 1
11:56:19 r3k2r/p1ppqpb1/b3pnp1/3PN3/np2P3/5Q1p/PPPBBPPP/RN2K2R w KQkq - 2 2
11:56:19 ['c3b1', 'b6a4', 'e1c1']
11:56:19 r3k2r/p1ppqpb1/bn2pnp1/3PN3/4P3/1p3Q1p/PPPBBPPP/1NKR3R b kq - 1 1
11:56:19 r3k2r/p1ppqpb1/bn2pnp1/3PN3/4P3/1p3Q1p/PPPBBPPP/RN2K2R w KQkq - 0 2
11:56:19 ['c3b1', 'b4b3', 'e1c1']
11:56:19 r3k2r/p1ppqpb1/bn2pnp1/3PN3/4P3/1p3Q1p/PPPBBPPP/1NKR3R b kq - 1 1
11:56:19 r3k2r/p1ppqpb1/bn2pnp1/3PN3/4P3/1p3Q1p/PPPBBPPP/RN2K2R w KQkq - 0 2
11:56:19 ['c3b1', 'b4b3', 'e1c1']
11:56:19 r3k2r/p2pqpb1/bn2pnp1/2pPN3/1p2P3/5Q1p/PPPBBPPP/1NKR3R b kq - 1 1
11:56:19 r3k2r/p2pqpb1/bn2pnp1/2pPN3/1p2P3/5Q1p/PPPBBPPP/RN2K2R w KQkq c6 0 2
11:56:19 ['c3b1', 'c7c5', 'e1c1']
11:56:19 r3k2r/p2pqpb1/bn2pnp1/2pPN3/1p2P3/5Q1p/PPPBBPPP/1NKR3R b kq - 1 1
11:56:19 r3k2r/p2pqpb1/bn2pnp1/2pPN3/1p2P3/5Q1p/PPPBBPPP/RN2K2R w KQkq c6 0 2
11:56:19 ['c3b1', 'c7c5', 'e1c1']
11:56:19 r3k2r/p2pqpb1/bnp1pnp1/3PN3/1p2P3/5Q1p/PPPBBPPP/1NKR3R b kq - 1 1
11:56:19 r3k2r/p2pqpb1/bnp1pnp1/3PN3/1p2P3/5Q1p/PPPBBPPP/RN2K2R w KQkq - 0 2
11:56:19 ['c3b1', 'c7c6', 'e1c1']
11:56:19 r3k2r/p2pqpb1/bnp1pnp1/3PN3/1p2P3/5Q1p/PPPBBPPP/1NKR3R b kq - 1 1
11:56:19 r3k2r/p2pqpb1/bnp1pnp1/3PN3/1p2P3/5Q1p/PPPBBPPP/RN2K2R w KQkq - 0 2
11:56:19 ['c3b1', 'c7c6', 'e1c1']
11:56:19 r3k2r/p1p1qpb1/bn1ppnp1/3PN3/1p2P3/5Q1p/PPPBBPPP/1NKR3R b kq - 1 1
11:56:19 r3k2r/p1p1qpb1/bn1ppnp1/3PN3/1p2P3/5Q1p/PPPBBPPP/RN2K2R w KQkq - 0 2
11:56:19 ['c3b1', 'd7d6', 'e1c1']
11:56:19 r3k2r/p1p1qpb1/bn1ppnp1/3PN3/1p2P3/5Q1p/PPPBBPPP/1NKR3R b kq - 1 1
11:56:19 r3k2r/p1p1qpb1/bn1ppnp1/3PN3/1p2P3/5Q1p/PPPBBPPP/RN2K2R w KQkq - 0 2
11:56:19 ['c3b1', 'd7d6', 'e1c1']
11:56:19 r4k1r/p1ppqpb1/bn2pnp1/3PN3/1p2P3/5Q1p/PPPBBPPP/1NKR3R b - - 3 1
11:56:19 r4k1r/p1ppqpb1/bn2pnp1/3PN3/1p2P3/5Q1p/PPPBBPPP/RN2K2R w KQ - 2 2
11:56:19 ['c3b1', 'e8f8', 'e1c1']
11:56:19 r4k1r/p1ppqpb1/bn2pnp1/3PN3/1p2P3/5Q1p/PPPBBPPP/1NKR3R b - - 3 1
11:56:19 r4k1r/p1ppqpb1/bn2pnp1/3PN3/1p2P3/5Q1p/PPPBBPPP/RN2K2R w KQ - 2 2
11:56:19 ['c3b1', 'e8f8', 'e1c1']
11:56:20 r2k3r/p1ppqpb1/bn2pnp1/3PN3/1p2P3/5Q1p/PPPBBPPP/1NKR3R b - - 3 1
11:56:20 r2k3r/p1ppqpb1/bn2pnp1/3PN3/1p2P3/5Q1p/PPPBBPPP/RN2K2R w KQ - 2 2
11:56:20 ['c3b1', 'e8d8', 'e1c1']
11:56:20 r2k3r/p1ppqpb1/bn2pnp1/3PN3/1p2P3/5Q1p/PPPBBPPP/1NKR3R b - - 3 1
11:56:20 r2k3r/p1ppqpb1/bn2pnp1/3PN3/1p2P3/5Q1p/PPPBBPPP/RN2K2R w KQ - 2 2
11:56:20 ['c3b1', 'e8d8', 'e1c1']
11:56:20 2kr3r/p1ppqpb1/bn2pnp1/3PN3/1p2P3/5Q1p/PPPBBPPP/1NKR3R b - - 3 1
11:56:20 2kr3r/p1ppqpb1/bn2pnp1/3PN3/1p2P3/5Q1p/PPPBBPPP/RN2K2R w KQ - 2 2
11:56:20 ['c3b1', 'e8c8', 'e1c1']
11:56:20 2kr3r/p1ppqpb1/bn2pnp1/3PN3/1p2P3/5Q1p/PPPBBPPP/1NKR3R b - - 3 1
11:56:20 2kr3r/p1ppqpb1/bn2pnp1/3PN3/1p2P3/5Q1p/PPPBBPPP/RN2K2R w KQ - 2 2
11:56:20 ['c3b1', 'e8c8', 'e1c1']
11:56:20 r4rk1/p1ppqpb1/bn2pnp1/3PN3/1p2P3/5Q1p/PPPBBPPP/1NKR3R b - - 3 1
11:56:20 r4rk1/p1ppqpb1/bn2pnp1/3PN3/1p2P3/5Q1p/PPPBBPPP/RN2K2R w KQ - 2 2
11:56:20 ['c3b1', 'e8g8', 'e1c1']
11:56:20 r4rk1/p1ppqpb1/bn2pnp1/3PN3/1p2P3/5Q1p/PPPBBPPP/1NKR3R b - - 3 1
11:56:20 r4rk1/p1ppqpb1/bn2pnp1/3PN3/1p2P3/5Q1p/PPPBBPPP/RN2K2R w KQ - 2 2
11:56:20 ['c3b1', 'e8g8', 'e1c1']
11:56:20 r2qk2r/p1pp1pb1/bn2pnp1/3PN3/1p2P3/5Q1p/PPPBBPPP/1NKR3R b kq - 3 1
11:56:20 r2qk2r/p1pp1pb1/bn2pnp1/3PN3/1p2P3/5Q1p/PPPBBPPP/RN2K2R w KQkq - 2 2
11:56:20 ['c3b1', 'e7d8', 'e1c1']
11:56:20 r2qk2r/p1pp1pb1/bn2pnp1/3PN3/1p2P3/5Q1p/PPPBBPPP/1NKR3R b kq - 3 1
11:56:20 r2qk2r/p1pp1pb1/bn2pnp1/3PN3/1p2P3/5Q1p/PPPBBPPP/RN2K2R w KQkq - 2 2
11:56:20 ['c3b1', 'e7d8', 'e1c1']
11:56:20 r3k2r/p1pp1pb1/bn1qpnp1/3PN3/1p2P3/5Q1p/PPPBBPPP/1NKR3R b kq - 3 1
11:56:20 r3k2r/p1pp1pb1/bn1qpnp1/3PN3/1p2P3/5Q1p/PPPBBPPP/RN2K2R w KQkq - 2 2
11:56:20 ['c3b1', 'e7d6', 'e1c1']
11:56:20 r3k2r/p1pp1pb1/bn1qpnp1/3PN3/1p2P3/5Q1p/PPPBBPPP/1NKR3R b kq - 3 1
11:56:20 r3k2r/p1pp1pb1/bn1qpnp1/3PN3/1p2P3/5Q1p/PPPBBPPP/RN2K2R w KQkq - 2 2
11:56:20 ['c3b1', 'e7d6', 'e1c1']
11:56:20 r3k2r/p1pp1pb1/bn2pnp1/2qPN3/1p2P3/5Q1p/PPPBBPPP/1NKR3R b kq - 3 1
11:56:20 r3k2r/p1pp1pb1/bn2pnp1/2qPN3/1p2P3/5Q1p/PPPBBPPP/RN2K2R w KQkq - 2 2
11:56:20 ['c3b1', 'e7c5', 'e1c1']
11:56:20 r3k2r/p1pp1pb1/bn2pnp1/2qPN3/1p2P3/5Q1p/PPPBBPPP/1NKR3R b kq - 3 1
11:56:20 r3k2r/p1pp1pb1/bn2pnp1/2qPN3/1p2P3/5Q1p/PPPBBPPP/RN2K2R w KQkq - 2 2
11:56:20 ['c3b1', 'e7c5', 'e1c1']
11:56:20 r3kq1r/p1pp1pb1/bn2pnp1/3PN3/1p2P3/5Q1p/PPPBBPPP/1NKR3R b kq - 3 1
11:56:20 r3kq1r/p1pp1pb1/bn2pnp1/3PN3/1p2P3/5Q1p/PPPBBPPP/RN2K2R w KQkq - 2 2
11:56:20 ['c3b1', 'e7f8', 'e1c1']
11:56:20 r3kq1r/p1pp1pb1/bn2pnp1/3PN3/1p2P3/5Q1p/PPPBBPPP/1NKR3R b kq - 3 1
11:56:20 r3kq1r/p1pp1pb1/bn2pnp1/3PN3/1p2P3/5Q1p/PPPBBPPP/RN2K2R w KQkq - 2 2
11:56:20 ['c3b1', 'e7f8', 'e1c1']
11:56:20 r3k2r/p1ppqpb1/bn3np1/3pN3/1p2P3/5Q1p/PPPBBPPP/1NKR3R b kq - 1 1
11:56:20 r3k2r/p1ppqpb1/bn3np1/3pN3/1p2P3/5Q1p/PPPBBPPP/RN2K2R w KQkq - 0 2
11:56:20 ['c3b1', 'e6d5', 'e1c1']
11:56:20 r3k2r/p1ppqpb1/bn3np1/3pN3/1p2P3/5Q1p/PPPBBPPP/1NKR3R b kq - 1 1
11:56:20 r3k2r/p1ppqpb1/bn3np1/3pN3/1p2P3/5Q1p/PPPBBPPP/RN2K2R w KQkq - 0 2
11:56:20 ['c3b1', 'e6d5', 'e1c1']
11:56:20 r3k2r/p1ppqpb1/bn2p1p1/3PN2n/1p2P3/5Q1p/PPPBBPPP/1NKR3R b kq - 3 1
11:56:20 r3k2r/p1ppqpb1/bn2p1p1/3PN2n/1p2P3/5Q1p/PPPBBPPP/RN2K2R w KQkq - 2 2
11:56:20 ['c3b1', 'f6h5', 'e1c1']
11:56:20 r3k2r/p1ppqpb1/bn2p1p1/3PN2n/1p2P3/5Q1p/PPPBBPPP/1NKR3R b kq - 3 1
11:56:20 r3k2r/p1ppqpb1/bn2p1p1/3PN2n/1p2P3/5Q1p/PPPBBPPP/RN2K2R w KQkq - 2 2
11:56:20 ['c3b1', 'f6h5', 'e1c1']
11:56:21 r3k2r/p1ppqpbn/bn2p1p1/3PN3/1p2P3/5Q1p/PPPBBPPP/1NKR3R b kq - 3 1
11:56:21 r3k2r/p1ppqpbn/bn2p1p1/3PN3/1p2P3/5Q1p/PPPBBPPP/RN2K2R w KQkq - 2 2
11:56:21 ['c3b1', 'f6h7', 'e1c1']
11:56:21 r3k2r/p1ppqpbn/bn2p1p1/3PN3/1p2P3/5Q1p/PPPBBPPP/1NKR3R b kq - 3 1
11:56:21 r3k2r/p1ppqpbn/bn2p1p1/3PN3/1p2P3/5Q1p/PPPBBPPP/RN2K2R w KQkq - 2 2
11:56:21 ['c3b1', 'f6h7', 'e1c1']
11:56:21 r3k2r/p1ppqpb1/bn2p1p1/3nN3/1p2P3/5Q1p/PPPBBPPP/1NKR3R b kq - 1 1
11:56:21 r3k2r/p1ppqpb1/bn2p1p1/3nN3/1p2P3/5Q1p/PPPBBPPP/RN2K2R w KQkq - 0 2
11:56:21 ['c3b1', 'f6d5', 'e1c1']
11:56:21 r3k2r/p1ppqpb1/bn2p1p1/3nN3/1p2P3/5Q1p/PPPBBPPP/1NKR3R b kq - 1 1
11:56:21 r3k2r/p1ppqpb1/bn2p1p1/3nN3/1p2P3/5Q1p/PPPBBPPP/RN2K2R w KQkq - 0 2
11:56:21 ['c3b1', 'f6d5', 'e1c1']
11:56:21 r3k2r/p1ppqpb1/bn2p1p1/3PN3/1p2P1n1/5Q1p/PPPBBPPP/1NKR3R b kq - 3 1
11:56:21 r3k2r/p1ppqpb1/bn2p1p1/3PN3/1p2P1n1/5Q1p/PPPBBPPP/RN2K2R w KQkq - 2 2
11:56:21 ['c3b1', 'f6g4', 'e1c1']
11:56:21 r3k2r/p1ppqpb1/bn2p1p1/3PN3/1p2P1n1/5Q1p/PPPBBPPP/1NKR3R b kq - 3 1
11:56:21 r3k2r/p1ppqpb1/bn2p1p1/3PN3/1p2P1n1/5Q1p/PPPBBPPP/RN2K2R w KQkq - 2 2
11:56:21 ['c3b1', 'f6g4', 'e1c1']
11:56:21 r3k1nr/p1ppqpb1/bn2p1p1/3PN3/1p2P3/5Q1p/PPPBBPPP/1NKR3R b kq - 3 1
11:56:21 r3k1nr/p1ppqpb1/bn2p1p1/3PN3/1p2P3/5Q1p/PPPBBPPP/RN2K2R w KQkq - 2 2
11:56:21 ['c3b1', 'f6g8', 'e1c1']
11:56:21 r3k1nr/p1ppqpb1/bn2p1p1/3PN3/1p2P3/5Q1p/PPPBBPPP/1NKR3R b kq - 3 1
11:56:21 r3k1nr/p1ppqpb1/bn2p1p1/3PN3/1p2P3/5Q1p/PPPBBPPP/RN2K2R w KQkq - 2 2
11:56:21 ['c3b1', 'f6g8', 'e1c1']
11:56:21 r3k2r/p1ppqpb1/bn2p1p1/3PN3/1p2n3/5Q1p/PPPBBPPP/1NKR3R b kq - 1 1
11:56:21 r3k2r/p1ppqpb1/bn2p1p1/3PN3/1p2n3/5Q1p/PPPBBPPP/RN2K2R w KQkq - 0 2
11:56:21 ['c3b1', 'f6e4', 'e1c1']
11:56:21 r3k2r/p1ppqpb1/bn2p1p1/3PN3/1p2n3/5Q1p/PPPBBPPP/1NKR3R b kq - 1 1
11:56:21 r3k2r/p1ppqpb1/bn2p1p1/3PN3/1p2n3/5Q1p/PPPBBPPP/RN2K2R w KQkq - 0 2
11:56:21 ['c3b1', 'f6e4', 'e1c1']
11:56:21 r3k2r/p1ppqp2/bn2pnpb/3PN3/1p2P3/5Q1p/PPPBBPPP/1NKR3R b kq - 3 1
11:56:21 r3k2r/p1ppqp2/bn2pnpb/3PN3/1p2P3/5Q1p/PPPBBPPP/RN2K2R w KQkq - 2 2
11:56:21 ['c3b1', 'g7h6', 'e1c1']
11:56:21 r3k2r/p1ppqp2/bn2pnpb/3PN3/1p2P3/5Q1p/PPPBBPPP/1NKR3R b kq - 3 1
11:56:21 r3k2r/p1ppqp2/bn2pnpb/3PN3/1p2P3/5Q1p/PPPBBPPP/RN2K2R w KQkq - 2 2
11:56:21 ['c3b1', 'g7h6', 'e1c1']
11:56:21 r3kb1r/p1ppqp2/bn2pnp1/3PN3/1p2P3/5Q1p/PPPBBPPP/1NKR3R b kq - 3 1
11:56:21 r3kb1r/p1ppqp2/bn2pnp1/3PN3/1p2P3/5Q1p/PPPBBPPP/RN2K2R w KQkq - 2 2
11:56:21 ['c3b1', 'g7f8', 'e1c1']
11:56:21 r3kb1r/p1ppqp2/bn2pnp1/3PN3/1p2P3/5Q1p/PPPBBPPP/1NKR3R b kq - 3 1
11:56:21 r3kb1r/p1ppqp2/bn2pnp1/3PN3/1p2P3/5Q1p/PPPBBPPP/RN2K2R w KQkq - 2 2
11:56:21 ['c3b1', 'g7f8', 'e1c1']
11:56:21 r3k2r/p1ppqpb1/bn2pn2/3PN1p1/1p2P3/5Q1p/PPPBBPPP/1NKR3R b kq - 1 1
11:56:21 r3k2r/p1ppqpb1/bn2pn2/3PN1p1/1p2P3/5Q1p/PPPBBPPP/RN2K2R w KQkq - 0 2
11:56:21 ['c3b1', 'g6g5', 'e1c1']
11:56:21 r3k2r/p1ppqpb1/bn2pn2/3PN1p1/1p2P3/5Q1p/PPPBBPPP/1NKR3R b kq - 1 1
11:56:21 r3k2r/p1ppqpb1/bn2pn2/3PN1p1/1p2P3/5Q1p/PPPBBPPP/RN2K2R w KQkq - 0 2
11:56:21 ['c3b1', 'g6g5', 'e1c1']
11:56:21 r3k3/p1ppqpbr/bn2pnp1/3PN3/1p2P3/5Q1p/PPPBBPPP/1NKR3R b q - 3 1
11:56:21 r3k3/p1ppqpbr/bn2pnp1/3PN3/1p2P3/5Q1p/PPPBBPPP/RN2K2R w KQq - 2 2
11:56:21 ['c3b1', 'h8h7', 'e1c1']
11:56:21 r3k3/p1ppqpbr/bn2pnp1/3PN3/1p2P3/5Q1p/PPPBBPPP/1NKR3R b q - 3 1
11:56:21 r3k3/p1ppqpbr/bn2pnp1/3PN3/1p2P3/5Q1p/PPPBBPPP/RN2K2R w KQq - 2 2
11:56:21 ['c3b1', 'h8h7', 'e1c1']
11:56:22 r3k3/p1ppqpb1/bn2pnpr/3PN3/1p2P3/5Q1p/PPPBBPPP/1NKR3R b q - 3 1
11:56:22 r3k3/p1ppqpb1/bn2pnpr/3PN3/1p2P3/5Q1p/PPPBBPPP/RN2K2R w KQq - 2 2
11:56:22 ['c3b1', 'h8h6', 'e1c1']
11:56:22 r3k3/p1ppqpb1/bn2pnpr/3PN3/1p2P3/5Q1p/PPPBBPPP/1NKR3R b q - 3 1
11:56:22 r3k3/p1ppqpb1/bn2pnpr/3PN3/1p2P3/5Q1p/PPPBBPPP/RN2K2R w KQq - 2 2
11:56:22 ['c3b1', 'h8h6', 'e1c1']
11:56:22 r3k3/p1ppqpb1/bn2pnp1/3PN2r/1p2P3/5Q1p/PPPBBPPP/1NKR3R b q - 3 1
11:56:22 r3k3/p1ppqpb1/bn2pnp1/3PN2r/1p2P3/5Q1p/PPPBBPPP/RN2K2R w KQq - 2 2
11:56:22 ['c3b1', 'h8h5', 'e1c1']
11:56:22 r3k3/p1ppqpb1/bn2pnp1/3PN2r/1p2P3/5Q1p/PPPBBPPP/1NKR3R b q - 3 1
11:56:22 r3k3/p1ppqpb1/bn2pnp1/3PN2r/1p2P3/5Q1p/PPPBBPPP/RN2K2R w KQq - 2 2
11:56:22 ['c3b1', 'h8h5', 'e1c1']
11:56:22 r3k3/p1ppqpb1/bn2pnp1/3PN3/1p2P2r/5Q1p/PPPBBPPP/1NKR3R b q - 3 1
11:56:22 r3k3/p1ppqpb1/bn2pnp1/3PN3/1p2P2r/5Q1p/PPPBBPPP/RN2K2R w KQq - 2 2
11:56:22 ['c3b1', 'h8h4', 'e1c1']
11:56:22 r3k3/p1ppqpb1/bn2pnp1/3PN3/1p2P2r/5Q1p/PPPBBPPP/1NKR3R b q - 3 1
11:56:22 r3k3/p1ppqpb1/bn2pnp1/3PN3/1p2P2r/5Q1p/PPPBBPPP/RN2K2R w KQq - 2 2
11:56:22 ['c3b1', 'h8h4', 'e1c1']
11:56:22 r3k1r1/p1ppqpb1/bn2pnp1/3PN3/1p2P3/5Q1p/PPPBBPPP/1NKR3R b q - 3 1
11:56:22 r3k1r1/p1ppqpb1/bn2pnp1/3PN3/1p2P3/5Q1p/PPPBBPPP/RN2K2R w KQq - 2 2
11:56:22 ['c3b1', 'h8g8', 'e1c1']
11:56:22 r3k1r1/p1ppqpb1/bn2pnp1/3PN3/1p2P3/5Q1p/PPPBBPPP/1NKR3R b q - 3 1
11:56:22 r3k1r1/p1ppqpb1/bn2pnp1/3PN3/1p2P3/5Q1p/PPPBBPPP/RN2K2R w KQq - 2 2
11:56:22 ['c3b1', 'h8g8', 'e1c1']
11:56:22 r3kr2/p1ppqpb1/bn2pnp1/3PN3/1p2P3/5Q1p/PPPBBPPP/1NKR3R b q - 3 1
11:56:22 r3kr2/p1ppqpb1/bn2pnp1/3PN3/1p2P3/5Q1p/PPPBBPPP/RN2K2R w KQq - 2 2
11:56:22 ['c3b1', 'h8f8', 'e1c1']
11:56:22 r3kr2/p1ppqpb1/bn2pnp1/3PN3/1p2P3/5Q1p/PPPBBPPP/1NKR3R b q - 3 1
11:56:22 r3kr2/p1ppqpb1/bn2pnp1/3PN3/1p2P3/5Q1p/PPPBBPPP/RN2K2R w KQq - 2 2
11:56:22 ['c3b1', 'h8f8', 'e1c1']
11:56:22 r3k2r/p1ppqpb1/bn2pnp1/3PN3/1p2P3/5Q2/PPPBBPpP/1NKR3R b kq - 1 1
11:56:22 r3k2r/p1ppqpb1/bn2pnp1/3PN3/1p2P3/5Q2/PPPBBPpP/RN2K2R w KQkq - 0 2
11:56:22 ['c3b1', 'h3g2', 'e1c1']
11:56:22 r3k2r/p1ppqpb1/bn2pnp1/3PN3/1p2P3/5Q2/PPPBBPpP/1NKR3R b kq - 1 1
11:56:22 r3k2r/p1ppqpb1/bn2pnp1/3PN3/1p2P3/5Q2/PPPBBPpP/RN2K2R w KQkq - 0 2
11:56:22 ['c3b1', 'h3g2', 'e1c1']
11:59:30 Result of possible games with 3 ply: 97903/97862 - ERROR
11:59:30 Elapsed time in 3 ply: 00h03m51s seconds
11:59:30 TEST SUCCESSFUL
11:59:30 Total Elapsed time: (00h03m55s)
