2022-01-27 09:54:41 [    INFO] ---------------------------------------- (test_brute.py:47)
2022-01-27 09:54:41 [    INFO] Initiating move generation test on depth: 1 (test_brute.py:48)
2022-01-27 09:54:41 [    INFO] Result of possible games with 1 ply: 20/20 - OK (test_brute.py:61)
2022-01-27 09:54:41 [    INFO] Elapsed time in 1 ply: 00h00m00s seconds (test_brute.py:64)
2022-01-27 09:54:41 [    INFO] TEST SUCCESSFUL (test_brute.py:68)
2022-01-27 09:54:41 [    INFO] Total Elapsed time: (00h00m00s) (test_brute.py:69)
2022-01-27 09:54:41 [    INFO] ---------------------------------------- (test_brute.py:47)
2022-01-27 09:54:41 [    INFO] Initiating move generation test on depth: 1 (test_brute.py:48)
2022-01-27 09:54:41 [    INFO] FEN of position to be brute forced:r3k2r/p1ppqpb1/bn2pnp1/3PN3/1p2P3/2N2Q1p/PPPBBPPP/R3K2R w KQkq - 0 0 (test_brute.py:50)
2022-01-27 09:54:42 [    INFO] Result of possible games with 1 ply: 48/48 - OK (test_brute.py:61)
2022-01-27 09:54:42 [    INFO] Elapsed time in 1 ply: 00h00m00s seconds (test_brute.py:64)
2022-01-27 09:54:42 [    INFO] TEST SUCCESSFUL (test_brute.py:68)
2022-01-27 09:54:42 [    INFO] Total Elapsed time: (00h00m00s) (test_brute.py:69)
2022-01-27 09:54:42 [    INFO] ---------------------------------------- (test_brute.py:47)
2022-01-27 09:54:42 [    INFO] Initiating move generation test on depth: 1 (test_brute.py:48)
2022-01-27 09:54:42 [    INFO] FEN of position to be brute forced:8/2p5/3p4/KP5r/1R3p1k/8/4P1P1/8 w - - 0 0 (test_brute.py:50)
2022-01-27 09:54:42 [    INFO] Result of possible games with 1 ply: 14/14 - OK (test_brute.py:61)
2022-01-27 09:54:42 [    INFO] Elapsed time in 1 ply: 00h00m00s seconds (test_brute.py:64)
2022-01-27 09:54:42 [    INFO] TEST SUCCESSFUL (test_brute.py:68)
2022-01-27 09:54:42 [    INFO] Total Elapsed time: (00h00m00s) (test_brute.py:69)
2022-01-27 09:54:42 [    INFO] ---------------------------------------- (test_brute.py:47)
2022-01-27 09:54:42 [    INFO] Initiating move generation test on depth: 1 (test_brute.py:48)
2022-01-27 09:54:42 [    INFO] FEN of position to be brute forced:r3k2r/Pppp1ppp/1b3nbN/nP6/BBP1P3/q4N2/Pp1P2PP/R2Q1RK1 w kq - 0 1 (test_brute.py:50)
2022-01-27 09:54:42 [    INFO] Result of possible games with 1 ply: 6/6 - OK (test_brute.py:61)
2022-01-27 09:54:42 [    INFO] Elapsed time in 1 ply: 00h00m00s seconds (test_brute.py:64)
2022-01-27 09:54:42 [    INFO] TEST SUCCESSFUL (test_brute.py:68)
2022-01-27 09:54:42 [    INFO] Total Elapsed time: (00h00m00s) (test_brute.py:69)
2022-01-27 09:54:42 [    INFO] ---------------------------------------- (test_brute.py:47)
2022-01-27 09:54:42 [    INFO] Initiating move generation test on depth: 1 (test_brute.py:48)
2022-01-27 09:54:42 [    INFO] FEN of position to be brute forced:rnbq1k1r/pp1Pbppp/2p5/8/2B5/8/PPP1NnPP/RNBQK2R w KQ - 1 8 (test_brute.py:50)
2022-01-27 09:54:42 [    INFO] Result of possible games with 1 ply: 44/44 - OK (test_brute.py:61)
2022-01-27 09:54:42 [    INFO] Elapsed time in 1 ply: 00h00m00s seconds (test_brute.py:64)
2022-01-27 09:54:42 [    INFO] TEST SUCCESSFUL (test_brute.py:68)
2022-01-27 09:54:42 [    INFO] Total Elapsed time: (00h00m00s) (test_brute.py:69)
2022-01-27 09:54:42 [    INFO] ---------------------------------------- (test_brute.py:47)
2022-01-27 09:54:42 [    INFO] Initiating move generation test on depth: 1 (test_brute.py:48)
2022-01-27 09:54:42 [    INFO] FEN of position to be brute forced:r4rk1/1pp1qppp/p1np1n2/2b1p1B1/2B1P1b1/P1NP1N2/1PP1QPPP/R4RK1 w - - 0 10 (test_brute.py:50)
2022-01-27 09:54:42 [    INFO] Result of possible games with 1 ply: 46/46 - OK (test_brute.py:61)
2022-01-27 09:54:42 [    INFO] Elapsed time in 1 ply: 00h00m00s seconds (test_brute.py:64)
2022-01-27 09:54:42 [    INFO] TEST SUCCESSFUL (test_brute.py:68)
2022-01-27 09:54:42 [    INFO] Total Elapsed time: (00h00m00s) (test_brute.py:69)
2022-01-27 09:54:42 [    INFO] ---------------------------------------- (test_draws.py:40)
2022-01-27 09:54:43 [    INFO] Test with fen 7k/4N3/5K2/5BN1/8/8/8/r7 b - - 100 113 resulted in: OK (test_draws.py:47)
2022-01-27 09:54:43 [    INFO] Test with fen rnbq1bnr/ppppkppp/8/4p3/4P3/8/PPPPKPPP/RNBQ1BNR w - - 10 7 resulted in: OK (test_draws.py:47)
2022-01-27 09:54:43 [    INFO] Test with fen 6k1/6p1/7p/8/1p6/p1qp4/8/3K4 w - - 0 45 resulted in: OK (test_draws.py:47)
2022-01-27 09:54:45 [    INFO] Test with fen 8/8/7k/8/8/8/8/n4K2 w - - 0 172 resulted in: OK (test_draws.py:47)
2022-01-27 09:54:46 [    INFO] Test with fen 8/8/8/6k1/8/5K2/8/8 w - - 0 158 resulted in: OK (test_draws.py:47)
2022-01-27 09:54:46 [    INFO] DRAW TEST SUCCESSFUL (test_draws.py:51)
