12:09:15 ----------------------------------------
12:09:15 Initiating move generation test on depth: 3
12:09:15 rnbqkbnr/pppppppp/8/8/P7/8/1PPPPPPP/RNBQKBNR b KQkq a3 0 1
12:09:15 8/8/8/8/8/8/8/8 w - - 0 1
12:09:15 ['a2a4']
12:09:15 rnbqkbnr/pppppppp/8/8/8/P7/1PPPPPPP/RNBQKBNR b KQkq - 0 1
12:09:15 8/8/8/8/8/8/8/8 w - - 0 1
12:09:15 ['a2a3']
12:09:15 rnbqkbnr/pppppppp/8/8/1P6/8/P1PPPPPP/RNBQKBNR b KQkq b3 0 1
12:09:15 8/8/8/8/8/8/8/8 w - - 0 1
12:09:15 ['b2b4']
12:09:15 rnbqkbnr/pppppppp/8/8/8/1P6/P1PPPPPP/RNBQKBNR b KQkq - 0 1
12:09:15 8/8/8/8/8/8/8/8 w - - 0 1
12:09:15 ['b2b3']
12:09:15 rnbqkbnr/pppppppp/8/8/8/2N5/PPPPPPPP/R1BQKBNR b KQkq - 1 1
12:09:15 8/8/8/8/8/8/8/8 w - - 0 1
12:09:15 ['b1c3']
12:09:15 rnbqkbnr/pppppppp/8/8/8/N7/PPPPPPPP/R1BQKBNR b KQkq - 1 1
12:09:15 8/8/8/8/8/8/8/8 w - - 0 1
12:09:15 ['b1a3']
12:09:15 rnbqkbnr/pppppppp/8/8/2P5/8/PP1PPPPP/RNBQKBNR b KQkq c3 0 1
12:09:15 8/8/8/8/8/8/8/8 w - - 0 1
12:09:15 ['c2c4']
12:09:15 rnbqkbnr/pppppppp/8/8/8/2P5/PP1PPPPP/RNBQKBNR b KQkq - 0 1
12:09:15 8/8/8/8/8/8/8/8 w - - 0 1
12:09:15 ['c2c3']
12:09:15 rnbqkbnr/pppppppp/8/8/3P4/8/PPP1PPPP/RNBQKBNR b KQkq d3 0 1
12:09:15 8/8/8/8/8/8/8/8 w - - 0 1
12:09:15 ['d2d4']
12:09:15 rnbqkbnr/pppppppp/8/8/8/3P4/PPP1PPPP/RNBQKBNR b KQkq - 0 1
12:09:15 8/8/8/8/8/8/8/8 w - - 0 1
12:09:15 ['d2d3']
12:09:15 rnbqkbnr/pppppppp/8/8/4P3/8/PPPP1PPP/RNBQKBNR b KQkq e3 0 1
12:09:15 8/8/8/8/8/8/8/8 w - - 0 1
12:09:15 ['e2e4']
12:09:15 rnbqkbnr/pppppppp/8/8/8/4P3/PPPP1PPP/RNBQKBNR b KQkq - 0 1
12:09:15 8/8/8/8/8/8/8/8 w - - 0 1
12:09:15 ['e2e3']
12:09:15 rnbqkbnr/pppppppp/8/8/5P2/8/PPPPP1PP/RNBQKBNR b KQkq f3 0 1
12:09:15 8/8/8/8/8/8/8/8 w - - 0 1
12:09:15 ['f2f4']
12:09:15 rnbqkbnr/pppppppp/8/8/8/5P2/PPPPP1PP/RNBQKBNR b KQkq - 0 1
12:09:15 8/8/8/8/8/8/8/8 w - - 0 1
12:09:15 ['f2f3']
12:09:15 rnbqkbnr/pppppppp/8/8/6P1/8/PPPPPP1P/RNBQKBNR b KQkq g3 0 1
12:09:15 8/8/8/8/8/8/8/8 w - - 0 1
12:09:15 ['g2g4']
12:09:15 rnbqkbnr/pppppppp/8/8/8/6P1/PPPPPP1P/RNBQKBNR b KQkq - 0 1
12:09:15 8/8/8/8/8/8/8/8 w - - 0 1
12:09:15 ['g2g3']
12:09:15 rnbqkbnr/pppppppp/8/8/8/7N/PPPPPPPP/RNBQKB1R b KQkq - 1 1
12:09:15 8/8/8/8/8/8/8/8 w - - 0 1
12:09:15 ['g1h3']
12:09:15 rnbqkbnr/pppppppp/8/8/8/5N2/PPPPPPPP/RNBQKB1R b KQkq - 1 1
12:09:15 8/8/8/8/8/8/8/8 w - - 0 1
12:09:15 ['g1f3']
12:09:15 rnbqkbnr/pppppppp/8/8/7P/8/PPPPPPP1/RNBQKBNR b KQkq h3 0 1
12:09:15 8/8/8/8/8/8/8/8 w - - 0 1
12:09:15 ['h2h4']
12:09:15 rnbqkbnr/pppppppp/8/8/8/7P/PPPPPPP1/RNBQKBNR b KQkq - 0 1
12:09:15 8/8/8/8/8/8/8/8 w - - 0 1
12:09:15 ['h2h3']
12:09:15 Result of possible games with 1 ply: 20/20 - OK
12:09:15 Elapsed time in 1 ply: 00h00m00s seconds
12:09:15 rnbqkbnr/pppppppp/8/8/P7/8/1PPPPPPP/RNBQKBNR b KQkq a3 0 1
12:09:15 8/8/8/8/8/8/8/8 w - - 0 1
12:09:15 ['a2a4']
12:09:15 rnbqkbnr/1ppppppp/8/p7/P7/8/1PPPPPPP/RNBQKBNR w KQkq a6 0 2
12:09:15 8/8/8/8/8/8/8/8 w - - 0 1
12:09:15 ['a2a4', 'a7a5']
12:09:15 rnbqkbnr/1ppppppp/8/p7/P7/8/1PPPPPPP/RNBQKBNR w KQkq a6 0 2
12:09:15 8/8/8/8/8/8/8/8 w - - 0 1
12:09:15 ['a2a4', 'a7a5']
12:09:15 rnbqkbnr/1ppppppp/p7/8/P7/8/1PPPPPPP/RNBQKBNR w KQkq - 0 2
12:09:15 8/8/8/8/8/8/8/8 w - - 0 1
12:09:15 ['a2a4', 'a7a6']
12:09:15 rnbqkbnr/1ppppppp/p7/8/P7/8/1PPPPPPP/RNBQKBNR w KQkq - 0 2
12:09:15 8/8/8/8/8/8/8/8 w - - 0 1
12:09:15 ['a2a4', 'a7a6']
12:09:15 r1bqkbnr/pppppppp/2n5/8/P7/8/1PPPPPPP/RNBQKBNR w KQkq - 1 2
12:09:15 8/8/8/8/8/8/8/8 w - - 0 1
12:09:15 ['a2a4', 'b8c6']
12:09:15 r1bqkbnr/pppppppp/2n5/8/P7/8/1PPPPPPP/RNBQKBNR w KQkq - 1 2
12:09:15 8/8/8/8/8/8/8/8 w - - 0 1
12:09:15 ['a2a4', 'b8c6']
12:09:15 r1bqkbnr/pppppppp/n7/8/P7/8/1PPPPPPP/RNBQKBNR w KQkq - 1 2
12:09:15 8/8/8/8/8/8/8/8 w - - 0 1
12:09:15 ['a2a4', 'b8a6']
12:09:15 r1bqkbnr/pppppppp/n7/8/P7/8/1PPPPPPP/RNBQKBNR w KQkq - 1 2
12:09:15 8/8/8/8/8/8/8/8 w - - 0 1
12:09:15 ['a2a4', 'b8a6']
12:09:15 rnbqkbnr/p1pppppp/8/1p6/P7/8/1PPPPPPP/RNBQKBNR w KQkq b6 0 2
12:09:15 8/8/8/8/8/8/8/8 w - - 0 1
12:09:15 ['a2a4', 'b7b5']
12:09:15 rnbqkbnr/p1pppppp/8/1p6/P7/8/1PPPPPPP/RNBQKBNR w KQkq b6 0 2
12:09:15 8/8/8/8/8/8/8/8 w - - 0 1
12:09:15 ['a2a4', 'b7b5']
12:09:15 rnbqkbnr/p1pppppp/1p6/8/P7/8/1PPPPPPP/RNBQKBNR w KQkq - 0 2
12:09:15 8/8/8/8/8/8/8/8 w - - 0 1
12:09:15 ['a2a4', 'b7b6']
12:09:15 rnbqkbnr/p1pppppp/1p6/8/P7/8/1PPPPPPP/RNBQKBNR w KQkq - 0 2
12:09:15 8/8/8/8/8/8/8/8 w - - 0 1
12:09:15 ['a2a4', 'b7b6']
12:09:15 rnbqkbnr/pp1ppppp/8/2p5/P7/8/1PPPPPPP/RNBQKBNR w KQkq c6 0 2
12:09:15 8/8/8/8/8/8/8/8 w - - 0 1
12:09:15 ['a2a4', 'c7c5']
12:09:15 rnbqkbnr/pp1ppppp/8/2p5/P7/8/1PPPPPPP/RNBQKBNR w KQkq c6 0 2
12:09:15 8/8/8/8/8/8/8/8 w - - 0 1
12:09:15 ['a2a4', 'c7c5']
12:09:15 rnbqkbnr/pp1ppppp/2p5/8/P7/8/1PPPPPPP/RNBQKBNR w KQkq - 0 2
12:09:15 8/8/8/8/8/8/8/8 w - - 0 1
12:09:15 ['a2a4', 'c7c6']
12:09:15 rnbqkbnr/pp1ppppp/2p5/8/P7/8/1PPPPPPP/RNBQKBNR w KQkq - 0 2
12:09:15 8/8/8/8/8/8/8/8 w - - 0 1
12:09:15 ['a2a4', 'c7c6']
12:09:15 rnbqkbnr/ppp1pppp/8/3p4/P7/8/1PPPPPPP/RNBQKBNR w KQkq d6 0 2
12:09:15 8/8/8/8/8/8/8/8 w - - 0 1
12:09:15 ['a2a4', 'd7d5']
12:09:15 rnbqkbnr/ppp1pppp/8/3p4/P7/8/1PPPPPPP/RNBQKBNR w KQkq d6 0 2
12:09:15 8/8/8/8/8/8/8/8 w - - 0 1
12:09:15 ['a2a4', 'd7d5']
12:09:15 rnbqkbnr/ppp1pppp/3p4/8/P7/8/1PPPPPPP/RNBQKBNR w KQkq - 0 2
12:09:15 8/8/8/8/8/8/8/8 w - - 0 1
12:09:15 ['a2a4', 'd7d6']
12:09:15 rnbqkbnr/ppp1pppp/3p4/8/P7/8/1PPPPPPP/RNBQKBNR w KQkq - 0 2
12:09:15 8/8/8/8/8/8/8/8 w - - 0 1
12:09:15 ['a2a4', 'd7d6']
12:09:15 rnbqkbnr/pppp1ppp/8/4p3/P7/8/1PPPPPPP/RNBQKBNR w KQkq e6 0 2
12:09:15 8/8/8/8/8/8/8/8 w - - 0 1
12:09:15 ['a2a4', 'e7e5']
12:09:15 rnbqkbnr/pppp1ppp/8/4p3/P7/8/1PPPPPPP/RNBQKBNR w KQkq e6 0 2
12:09:15 8/8/8/8/8/8/8/8 w - - 0 1
12:09:15 ['a2a4', 'e7e5']
12:09:15 rnbqkbnr/pppp1ppp/4p3/8/P7/8/1PPPPPPP/RNBQKBNR w KQkq - 0 2
12:09:15 8/8/8/8/8/8/8/8 w - - 0 1
12:09:15 ['a2a4', 'e7e6']
12:09:15 rnbqkbnr/pppp1ppp/4p3/8/P7/8/1PPPPPPP/RNBQKBNR w KQkq - 0 2
12:09:15 8/8/8/8/8/8/8/8 w - - 0 1
12:09:15 ['a2a4', 'e7e6']
12:09:15 rnbqkbnr/ppppp1pp/8/5p2/P7/8/1PPPPPPP/RNBQKBNR w KQkq f6 0 2
12:09:15 8/8/8/8/8/8/8/8 w - - 0 1
12:09:15 ['a2a4', 'f7f5']
12:09:15 rnbqkbnr/ppppp1pp/8/5p2/P7/8/1PPPPPPP/RNBQKBNR w KQkq f6 0 2
12:09:15 8/8/8/8/8/8/8/8 w - - 0 1
12:09:15 ['a2a4', 'f7f5']
12:09:15 rnbqkbnr/ppppp1pp/5p2/8/P7/8/1PPPPPPP/RNBQKBNR w KQkq - 0 2
12:09:15 8/8/8/8/8/8/8/8 w - - 0 1
12:09:15 ['a2a4', 'f7f6']
12:09:15 rnbqkbnr/ppppp1pp/5p2/8/P7/8/1PPPPPPP/RNBQKBNR w KQkq - 0 2
12:09:15 8/8/8/8/8/8/8/8 w - - 0 1
12:09:15 ['a2a4', 'f7f6']
12:09:15 rnbqkb1r/pppppppp/7n/8/P7/8/1PPPPPPP/RNBQKBNR w KQkq - 1 2
12:09:15 8/8/8/8/8/8/8/8 w - - 0 1
12:09:15 ['a2a4', 'g8h6']
12:09:15 rnbqkb1r/pppppppp/7n/8/P7/8/1PPPPPPP/RNBQKBNR w KQkq - 1 2
12:09:15 8/8/8/8/8/8/8/8 w - - 0 1
12:09:15 ['a2a4', 'g8h6']
12:09:15 rnbqkb1r/pppppppp/5n2/8/P7/8/1PPPPPPP/RNBQKBNR w KQkq - 1 2
12:09:15 8/8/8/8/8/8/8/8 w - - 0 1
12:09:15 ['a2a4', 'g8f6']
12:09:15 rnbqkb1r/pppppppp/5n2/8/P7/8/1PPPPPPP/RNBQKBNR w KQkq - 1 2
12:09:15 8/8/8/8/8/8/8/8 w - - 0 1
12:09:15 ['a2a4', 'g8f6']
12:09:15 rnbqkbnr/pppppp1p/8/6p1/P7/8/1PPPPPPP/RNBQKBNR w KQkq g6 0 2
12:09:15 8/8/8/8/8/8/8/8 w - - 0 1
12:09:15 ['a2a4', 'g7g5']
12:09:15 rnbqkbnr/pppppp1p/8/6p1/P7/8/1PPPPPPP/RNBQKBNR w KQkq g6 0 2
12:09:15 8/8/8/8/8/8/8/8 w - - 0 1
12:09:15 ['a2a4', 'g7g5']
12:09:15 rnbqkbnr/pppppp1p/6p1/8/P7/8/1PPPPPPP/RNBQKBNR w KQkq - 0 2
12:09:15 8/8/8/8/8/8/8/8 w - - 0 1
12:09:15 ['a2a4', 'g7g6']
12:09:15 rnbqkbnr/pppppp1p/6p1/8/P7/8/1PPPPPPP/RNBQKBNR w KQkq - 0 2
12:09:15 8/8/8/8/8/8/8/8 w - - 0 1
12:09:15 ['a2a4', 'g7g6']
12:09:15 rnbqkbnr/ppppppp1/8/7p/P7/8/1PPPPPPP/RNBQKBNR w KQkq h6 0 2
12:09:15 8/8/8/8/8/8/8/8 w - - 0 1
12:09:15 ['a2a4', 'h7h5']
12:09:15 rnbqkbnr/ppppppp1/8/7p/P7/8/1PPPPPPP/RNBQKBNR w KQkq h6 0 2
12:09:15 8/8/8/8/8/8/8/8 w - - 0 1
12:09:15 ['a2a4', 'h7h5']
12:09:15 rnbqkbnr/ppppppp1/7p/8/P7/8/1PPPPPPP/RNBQKBNR w KQkq - 0 2
12:09:15 8/8/8/8/8/8/8/8 w - - 0 1
12:09:15 ['a2a4', 'h7h6']
12:09:15 rnbqkbnr/ppppppp1/7p/8/P7/8/1PPPPPPP/RNBQKBNR w KQkq - 0 2
12:09:15 8/8/8/8/8/8/8/8 w - - 0 1
12:09:15 ['a2a4', 'h7h6']
12:09:15 rnbqkbnr/pppppppp/8/8/8/P7/1PPPPPPP/RNBQKBNR b KQkq - 0 1
12:09:15 8/8/8/8/8/8/8/8 w - - 0 1
12:09:15 ['a2a3']
12:09:15 rnbqkbnr/1ppppppp/8/p7/8/P7/1PPPPPPP/RNBQKBNR w KQkq a6 0 2
12:09:15 8/8/8/8/8/8/8/8 w - - 0 1
12:09:15 ['a2a3', 'a7a5']
12:09:15 rnbqkbnr/1ppppppp/8/p7/8/P7/1PPPPPPP/RNBQKBNR w KQkq a6 0 2
12:09:15 8/8/8/8/8/8/8/8 w - - 0 1
12:09:15 ['a2a3', 'a7a5']
12:09:15 rnbqkbnr/1ppppppp/p7/8/8/P7/1PPPPPPP/RNBQKBNR w KQkq - 0 2
12:09:15 8/8/8/8/8/8/8/8 w - - 0 1
12:09:15 ['a2a3', 'a7a6']
12:09:15 rnbqkbnr/1ppppppp/p7/8/8/P7/1PPPPPPP/RNBQKBNR w KQkq - 0 2
12:09:15 8/8/8/8/8/8/8/8 w - - 0 1
12:09:15 ['a2a3', 'a7a6']
12:09:15 r1bqkbnr/pppppppp/2n5/8/8/P7/1PPPPPPP/RNBQKBNR w KQkq - 1 2
12:09:15 8/8/8/8/8/8/8/8 w - - 0 1
12:09:15 ['a2a3', 'b8c6']
12:09:15 r1bqkbnr/pppppppp/2n5/8/8/P7/1PPPPPPP/RNBQKBNR w KQkq - 1 2
12:09:15 8/8/8/8/8/8/8/8 w - - 0 1
12:09:15 ['a2a3', 'b8c6']
12:09:15 r1bqkbnr/pppppppp/n7/8/8/P7/1PPPPPPP/RNBQKBNR w KQkq - 1 2
12:09:15 8/8/8/8/8/8/8/8 w - - 0 1
12:09:15 ['a2a3', 'b8a6']
12:09:15 r1bqkbnr/pppppppp/n7/8/8/P7/1PPPPPPP/RNBQKBNR w KQkq - 1 2
12:09:15 8/8/8/8/8/8/8/8 w - - 0 1
12:09:15 ['a2a3', 'b8a6']
12:09:15 rnbqkbnr/p1pppppp/8/1p6/8/P7/1PPPPPPP/RNBQKBNR w KQkq b6 0 2
12:09:15 8/8/8/8/8/8/8/8 w - - 0 1
12:09:15 ['a2a3', 'b7b5']
12:09:15 rnbqkbnr/p1pppppp/8/1p6/8/P7/1PPPPPPP/RNBQKBNR w KQkq b6 0 2
12:09:15 8/8/8/8/8/8/8/8 w - - 0 1
12:09:15 ['a2a3', 'b7b5']
12:09:15 rnbqkbnr/p1pppppp/1p6/8/8/P7/1PPPPPPP/RNBQKBNR w KQkq - 0 2
12:09:15 8/8/8/8/8/8/8/8 w - - 0 1
12:09:15 ['a2a3', 'b7b6']
12:09:15 rnbqkbnr/p1pppppp/1p6/8/8/P7/1PPPPPPP/RNBQKBNR w KQkq - 0 2
12:09:15 8/8/8/8/8/8/8/8 w - - 0 1
12:09:15 ['a2a3', 'b7b6']
12:09:15 rnbqkbnr/pp1ppppp/8/2p5/8/P7/1PPPPPPP/RNBQKBNR w KQkq c6 0 2
12:09:15 8/8/8/8/8/8/8/8 w - - 0 1
12:09:15 ['a2a3', 'c7c5']
12:09:15 rnbqkbnr/pp1ppppp/8/2p5/8/P7/1PPPPPPP/RNBQKBNR w KQkq c6 0 2
12:09:15 8/8/8/8/8/8/8/8 w - - 0 1
12:09:15 ['a2a3', 'c7c5']
12:09:15 rnbqkbnr/pp1ppppp/2p5/8/8/P7/1PPPPPPP/RNBQKBNR w KQkq - 0 2
12:09:15 8/8/8/8/8/8/8/8 w - - 0 1
12:09:15 ['a2a3', 'c7c6']
12:09:15 rnbqkbnr/pp1ppppp/2p5/8/8/P7/1PPPPPPP/RNBQKBNR w KQkq - 0 2
12:09:15 8/8/8/8/8/8/8/8 w - - 0 1
12:09:15 ['a2a3', 'c7c6']
12:09:15 rnbqkbnr/ppp1pppp/8/3p4/8/P7/1PPPPPPP/RNBQKBNR w KQkq d6 0 2
12:09:15 8/8/8/8/8/8/8/8 w - - 0 1
12:09:15 ['a2a3', 'd7d5']
12:09:15 rnbqkbnr/ppp1pppp/8/3p4/8/P7/1PPPPPPP/RNBQKBNR w KQkq d6 0 2
12:09:15 8/8/8/8/8/8/8/8 w - - 0 1
12:09:15 ['a2a3', 'd7d5']
12:09:15 rnbqkbnr/ppp1pppp/3p4/8/8/P7/1PPPPPPP/RNBQKBNR w KQkq - 0 2
12:09:15 8/8/8/8/8/8/8/8 w - - 0 1
12:09:15 ['a2a3', 'd7d6']
12:09:15 rnbqkbnr/ppp1pppp/3p4/8/8/P7/1PPPPPPP/RNBQKBNR w KQkq - 0 2
12:09:15 8/8/8/8/8/8/8/8 w - - 0 1
12:09:15 ['a2a3', 'd7d6']
12:09:15 rnbqkbnr/pppp1ppp/8/4p3/8/P7/1PPPPPPP/RNBQKBNR w KQkq e6 0 2
12:09:15 8/8/8/8/8/8/8/8 w - - 0 1
12:09:15 ['a2a3', 'e7e5']
12:09:15 rnbqkbnr/pppp1ppp/8/4p3/8/P7/1PPPPPPP/RNBQKBNR w KQkq e6 0 2
12:09:15 8/8/8/8/8/8/8/8 w - - 0 1
12:09:15 ['a2a3', 'e7e5']
12:09:15 rnbqkbnr/pppp1ppp/4p3/8/8/P7/1PPPPPPP/RNBQKBNR w KQkq - 0 2
12:09:15 8/8/8/8/8/8/8/8 w - - 0 1
12:09:15 ['a2a3', 'e7e6']
12:09:15 rnbqkbnr/pppp1ppp/4p3/8/8/P7/1PPPPPPP/RNBQKBNR w KQkq - 0 2
12:09:15 8/8/8/8/8/8/8/8 w - - 0 1
12:09:15 ['a2a3', 'e7e6']
12:09:15 rnbqkbnr/ppppp1pp/8/5p2/8/P7/1PPPPPPP/RNBQKBNR w KQkq f6 0 2
12:09:15 8/8/8/8/8/8/8/8 w - - 0 1
12:09:15 ['a2a3', 'f7f5']
12:09:15 rnbqkbnr/ppppp1pp/8/5p2/8/P7/1PPPPPPP/RNBQKBNR w KQkq f6 0 2
12:09:15 8/8/8/8/8/8/8/8 w - - 0 1
12:09:15 ['a2a3', 'f7f5']
12:09:15 rnbqkbnr/ppppp1pp/5p2/8/8/P7/1PPPPPPP/RNBQKBNR w KQkq - 0 2
12:09:15 8/8/8/8/8/8/8/8 w - - 0 1
12:09:15 ['a2a3', 'f7f6']
12:09:15 rnbqkbnr/ppppp1pp/5p2/8/8/P7/1PPPPPPP/RNBQKBNR w KQkq - 0 2
12:09:15 8/8/8/8/8/8/8/8 w - - 0 1
12:09:15 ['a2a3', 'f7f6']
12:09:15 rnbqkb1r/pppppppp/7n/8/8/P7/1PPPPPPP/RNBQKBNR w KQkq - 1 2
12:09:15 8/8/8/8/8/8/8/8 w - - 0 1
12:09:15 ['a2a3', 'g8h6']
12:09:15 rnbqkb1r/pppppppp/7n/8/8/P7/1PPPPPPP/RNBQKBNR w KQkq - 1 2
12:09:15 8/8/8/8/8/8/8/8 w - - 0 1
12:09:15 ['a2a3', 'g8h6']
12:09:15 rnbqkb1r/pppppppp/5n2/8/8/P7/1PPPPPPP/RNBQKBNR w KQkq - 1 2
12:09:15 8/8/8/8/8/8/8/8 w - - 0 1
12:09:15 ['a2a3', 'g8f6']
12:09:15 rnbqkb1r/pppppppp/5n2/8/8/P7/1PPPPPPP/RNBQKBNR w KQkq - 1 2
12:09:15 8/8/8/8/8/8/8/8 w - - 0 1
12:09:15 ['a2a3', 'g8f6']
12:09:15 rnbqkbnr/pppppp1p/8/6p1/8/P7/1PPPPPPP/RNBQKBNR w KQkq g6 0 2
12:09:15 8/8/8/8/8/8/8/8 w - - 0 1
12:09:15 ['a2a3', 'g7g5']
12:09:15 rnbqkbnr/pppppp1p/8/6p1/8/P7/1PPPPPPP/RNBQKBNR w KQkq g6 0 2
12:09:15 8/8/8/8/8/8/8/8 w - - 0 1
12:09:15 ['a2a3', 'g7g5']
12:09:15 rnbqkbnr/pppppp1p/6p1/8/8/P7/1PPPPPPP/RNBQKBNR w KQkq - 0 2
12:09:15 8/8/8/8/8/8/8/8 w - - 0 1
12:09:15 ['a2a3', 'g7g6']
12:09:15 rnbqkbnr/pppppp1p/6p1/8/8/P7/1PPPPPPP/RNBQKBNR w KQkq - 0 2
12:09:15 8/8/8/8/8/8/8/8 w - - 0 1
12:09:15 ['a2a3', 'g7g6']
12:09:15 rnbqkbnr/ppppppp1/8/7p/8/P7/1PPPPPPP/RNBQKBNR w KQkq h6 0 2
12:09:15 8/8/8/8/8/8/8/8 w - - 0 1
12:09:15 ['a2a3', 'h7h5']
12:09:15 rnbqkbnr/ppppppp1/8/7p/8/P7/1PPPPPPP/RNBQKBNR w KQkq h6 0 2
12:09:15 8/8/8/8/8/8/8/8 w - - 0 1
12:09:15 ['a2a3', 'h7h5']
12:09:15 rnbqkbnr/ppppppp1/7p/8/8/P7/1PPPPPPP/RNBQKBNR w KQkq - 0 2
12:09:15 8/8/8/8/8/8/8/8 w - - 0 1
12:09:15 ['a2a3', 'h7h6']
12:09:15 rnbqkbnr/ppppppp1/7p/8/8/P7/1PPPPPPP/RNBQKBNR w KQkq - 0 2
12:09:15 8/8/8/8/8/8/8/8 w - - 0 1
12:09:15 ['a2a3', 'h7h6']
12:09:15 rnbqkbnr/pppppppp/8/8/1P6/8/P1PPPPPP/RNBQKBNR b KQkq b3 0 1
12:09:15 8/8/8/8/8/8/8/8 w - - 0 1
12:09:15 ['b2b4']
12:09:15 rnbqkbnr/1ppppppp/8/p7/1P6/8/P1PPPPPP/RNBQKBNR w KQkq a6 0 2
12:09:15 8/8/8/8/8/8/8/8 w - - 0 1
12:09:15 ['b2b4', 'a7a5']
12:09:15 rnbqkbnr/1ppppppp/8/p7/1P6/8/P1PPPPPP/RNBQKBNR w KQkq a6 0 2
12:09:15 8/8/8/8/8/8/8/8 w - - 0 1
12:09:15 ['b2b4', 'a7a5']
12:09:15 rnbqkbnr/1ppppppp/p7/8/1P6/8/P1PPPPPP/RNBQKBNR w KQkq - 0 2
12:09:15 8/8/8/8/8/8/8/8 w - - 0 1
12:09:15 ['b2b4', 'a7a6']
12:09:15 rnbqkbnr/1ppppppp/p7/8/1P6/8/P1PPPPPP/RNBQKBNR w KQkq - 0 2
12:09:15 8/8/8/8/8/8/8/8 w - - 0 1
12:09:15 ['b2b4', 'a7a6']
12:09:15 r1bqkbnr/pppppppp/2n5/8/1P6/8/P1PPPPPP/RNBQKBNR w KQkq - 1 2
12:09:15 8/8/8/8/8/8/8/8 w - - 0 1
12:09:15 ['b2b4', 'b8c6']
12:09:15 r1bqkbnr/pppppppp/2n5/8/1P6/8/P1PPPPPP/RNBQKBNR w KQkq - 1 2
12:09:15 8/8/8/8/8/8/8/8 w - - 0 1
12:09:15 ['b2b4', 'b8c6']
12:09:15 r1bqkbnr/pppppppp/n7/8/1P6/8/P1PPPPPP/RNBQKBNR w KQkq - 1 2
12:09:15 8/8/8/8/8/8/8/8 w - - 0 1
12:09:15 ['b2b4', 'b8a6']
12:09:15 r1bqkbnr/pppppppp/n7/8/1P6/8/P1PPPPPP/RNBQKBNR w KQkq - 1 2
12:09:15 8/8/8/8/8/8/8/8 w - - 0 1
12:09:15 ['b2b4', 'b8a6']
12:09:15 rnbqkbnr/p1pppppp/8/1p6/1P6/8/P1PPPPPP/RNBQKBNR w KQkq b6 0 2
12:09:15 8/8/8/8/8/8/8/8 w - - 0 1
12:09:15 ['b2b4', 'b7b5']
12:09:15 rnbqkbnr/p1pppppp/8/1p6/1P6/8/P1PPPPPP/RNBQKBNR w KQkq b6 0 2
12:09:15 8/8/8/8/8/8/8/8 w - - 0 1
12:09:15 ['b2b4', 'b7b5']
12:09:15 rnbqkbnr/p1pppppp/1p6/8/1P6/8/P1PPPPPP/RNBQKBNR w KQkq - 0 2
12:09:15 8/8/8/8/8/8/8/8 w - - 0 1
12:09:15 ['b2b4', 'b7b6']
12:09:15 rnbqkbnr/p1pppppp/1p6/8/1P6/8/P1PPPPPP/RNBQKBNR w KQkq - 0 2
12:09:15 8/8/8/8/8/8/8/8 w - - 0 1
12:09:15 ['b2b4', 'b7b6']
12:09:15 rnbqkbnr/pp1ppppp/8/2p5/1P6/8/P1PPPPPP/RNBQKBNR w KQkq c6 0 2
12:09:15 8/8/8/8/8/8/8/8 w - - 0 1
12:09:15 ['b2b4', 'c7c5']
12:09:15 rnbqkbnr/pp1ppppp/8/2p5/1P6/8/P1PPPPPP/RNBQKBNR w KQkq c6 0 2
12:09:15 8/8/8/8/8/8/8/8 w - - 0 1
12:09:15 ['b2b4', 'c7c5']
12:09:15 rnbqkbnr/pp1ppppp/2p5/8/1P6/8/P1PPPPPP/RNBQKBNR w KQkq - 0 2
12:09:15 8/8/8/8/8/8/8/8 w - - 0 1
12:09:15 ['b2b4', 'c7c6']
12:09:15 rnbqkbnr/pp1ppppp/2p5/8/1P6/8/P1PPPPPP/RNBQKBNR w KQkq - 0 2
12:09:15 8/8/8/8/8/8/8/8 w - - 0 1
12:09:15 ['b2b4', 'c7c6']
12:09:15 rnbqkbnr/ppp1pppp/8/3p4/1P6/8/P1PPPPPP/RNBQKBNR w KQkq d6 0 2
12:09:15 8/8/8/8/8/8/8/8 w - - 0 1
12:09:15 ['b2b4', 'd7d5']
12:09:15 rnbqkbnr/ppp1pppp/8/3p4/1P6/8/P1PPPPPP/RNBQKBNR w KQkq d6 0 2
12:09:15 8/8/8/8/8/8/8/8 w - - 0 1
12:09:15 ['b2b4', 'd7d5']
12:09:15 rnbqkbnr/ppp1pppp/3p4/8/1P6/8/P1PPPPPP/RNBQKBNR w KQkq - 0 2
12:09:15 8/8/8/8/8/8/8/8 w - - 0 1
12:09:15 ['b2b4', 'd7d6']
12:09:15 rnbqkbnr/ppp1pppp/3p4/8/1P6/8/P1PPPPPP/RNBQKBNR w KQkq - 0 2
12:09:15 8/8/8/8/8/8/8/8 w - - 0 1
12:09:15 ['b2b4', 'd7d6']
12:09:15 rnbqkbnr/pppp1ppp/8/4p3/1P6/8/P1PPPPPP/RNBQKBNR w KQkq e6 0 2
12:09:15 8/8/8/8/8/8/8/8 w - - 0 1
12:09:15 ['b2b4', 'e7e5']
12:09:15 rnbqkbnr/pppp1ppp/8/4p3/1P6/8/P1PPPPPP/RNBQKBNR w KQkq e6 0 2
12:09:15 8/8/8/8/8/8/8/8 w - - 0 1
12:09:15 ['b2b4', 'e7e5']
12:09:15 rnbqkbnr/pppp1ppp/4p3/8/1P6/8/P1PPPPPP/RNBQKBNR w KQkq - 0 2
12:09:15 8/8/8/8/8/8/8/8 w - - 0 1
12:09:15 ['b2b4', 'e7e6']
12:09:15 rnbqkbnr/pppp1ppp/4p3/8/1P6/8/P1PPPPPP/RNBQKBNR w KQkq - 0 2
12:09:15 8/8/8/8/8/8/8/8 w - - 0 1
12:09:15 ['b2b4', 'e7e6']
12:09:15 rnbqkbnr/ppppp1pp/8/5p2/1P6/8/P1PPPPPP/RNBQKBNR w KQkq f6 0 2
12:09:15 8/8/8/8/8/8/8/8 w - - 0 1
12:09:15 ['b2b4', 'f7f5']
12:09:15 rnbqkbnr/ppppp1pp/8/5p2/1P6/8/P1PPPPPP/RNBQKBNR w KQkq f6 0 2
12:09:15 8/8/8/8/8/8/8/8 w - - 0 1
12:09:15 ['b2b4', 'f7f5']
12:09:15 rnbqkbnr/ppppp1pp/5p2/8/1P6/8/P1PPPPPP/RNBQKBNR w KQkq - 0 2
12:09:15 8/8/8/8/8/8/8/8 w - - 0 1
12:09:15 ['b2b4', 'f7f6']
12:09:15 rnbqkbnr/ppppp1pp/5p2/8/1P6/8/P1PPPPPP/RNBQKBNR w KQkq - 0 2
12:09:15 8/8/8/8/8/8/8/8 w - - 0 1
12:09:15 ['b2b4', 'f7f6']
12:09:15 rnbqkb1r/pppppppp/7n/8/1P6/8/P1PPPPPP/RNBQKBNR w KQkq - 1 2
12:09:15 8/8/8/8/8/8/8/8 w - - 0 1
12:09:15 ['b2b4', 'g8h6']
12:09:15 rnbqkb1r/pppppppp/7n/8/1P6/8/P1PPPPPP/RNBQKBNR w KQkq - 1 2
12:09:15 8/8/8/8/8/8/8/8 w - - 0 1
12:09:15 ['b2b4', 'g8h6']
12:09:15 rnbqkb1r/pppppppp/5n2/8/1P6/8/P1PPPPPP/RNBQKBNR w KQkq - 1 2
12:09:15 8/8/8/8/8/8/8/8 w - - 0 1
12:09:15 ['b2b4', 'g8f6']
12:09:15 rnbqkb1r/pppppppp/5n2/8/1P6/8/P1PPPPPP/RNBQKBNR w KQkq - 1 2
12:09:15 8/8/8/8/8/8/8/8 w - - 0 1
12:09:15 ['b2b4', 'g8f6']
12:09:15 rnbqkbnr/pppppp1p/8/6p1/1P6/8/P1PPPPPP/RNBQKBNR w KQkq g6 0 2
12:09:15 8/8/8/8/8/8/8/8 w - - 0 1
12:09:15 ['b2b4', 'g7g5']
12:09:15 rnbqkbnr/pppppp1p/8/6p1/1P6/8/P1PPPPPP/RNBQKBNR w KQkq g6 0 2
12:09:15 8/8/8/8/8/8/8/8 w - - 0 1
12:09:15 ['b2b4', 'g7g5']
12:09:15 rnbqkbnr/pppppp1p/6p1/8/1P6/8/P1PPPPPP/RNBQKBNR w KQkq - 0 2
12:09:15 8/8/8/8/8/8/8/8 w - - 0 1
12:09:15 ['b2b4', 'g7g6']
12:09:15 rnbqkbnr/pppppp1p/6p1/8/1P6/8/P1PPPPPP/RNBQKBNR w KQkq - 0 2
12:09:15 8/8/8/8/8/8/8/8 w - - 0 1
12:09:15 ['b2b4', 'g7g6']
12:09:15 rnbqkbnr/ppppppp1/8/7p/1P6/8/P1PPPPPP/RNBQKBNR w KQkq h6 0 2
12:09:15 8/8/8/8/8/8/8/8 w - - 0 1
12:09:15 ['b2b4', 'h7h5']
12:09:15 rnbqkbnr/ppppppp1/8/7p/1P6/8/P1PPPPPP/RNBQKBNR w KQkq h6 0 2
12:09:15 8/8/8/8/8/8/8/8 w - - 0 1
12:09:15 ['b2b4', 'h7h5']
12:09:15 rnbqkbnr/ppppppp1/7p/8/1P6/8/P1PPPPPP/RNBQKBNR w KQkq - 0 2
12:09:15 8/8/8/8/8/8/8/8 w - - 0 1
12:09:15 ['b2b4', 'h7h6']
12:09:15 rnbqkbnr/ppppppp1/7p/8/1P6/8/P1PPPPPP/RNBQKBNR w KQkq - 0 2
12:09:15 8/8/8/8/8/8/8/8 w - - 0 1
12:09:15 ['b2b4', 'h7h6']
12:09:15 rnbqkbnr/pppppppp/8/8/8/1P6/P1PPPPPP/RNBQKBNR b KQkq - 0 1
12:09:15 8/8/8/8/8/8/8/8 w - - 0 1
12:09:15 ['b2b3']
12:09:15 rnbqkbnr/1ppppppp/8/p7/8/1P6/P1PPPPPP/RNBQKBNR w KQkq a6 0 2
12:09:15 8/8/8/8/8/8/8/8 w - - 0 1
12:09:15 ['b2b3', 'a7a5']
12:09:15 rnbqkbnr/1ppppppp/8/p7/8/1P6/P1PPPPPP/RNBQKBNR w KQkq a6 0 2
12:09:15 8/8/8/8/8/8/8/8 w - - 0 1
12:09:15 ['b2b3', 'a7a5']
12:09:15 rnbqkbnr/1ppppppp/p7/8/8/1P6/P1PPPPPP/RNBQKBNR w KQkq - 0 2
12:09:15 8/8/8/8/8/8/8/8 w - - 0 1
12:09:15 ['b2b3', 'a7a6']
12:09:15 rnbqkbnr/1ppppppp/p7/8/8/1P6/P1PPPPPP/RNBQKBNR w KQkq - 0 2
12:09:15 8/8/8/8/8/8/8/8 w - - 0 1
12:09:15 ['b2b3', 'a7a6']
12:09:15 r1bqkbnr/pppppppp/2n5/8/8/1P6/P1PPPPPP/RNBQKBNR w KQkq - 1 2
12:09:15 8/8/8/8/8/8/8/8 w - - 0 1
12:09:15 ['b2b3', 'b8c6']
12:09:15 r1bqkbnr/pppppppp/2n5/8/8/1P6/P1PPPPPP/RNBQKBNR w KQkq - 1 2
12:09:15 8/8/8/8/8/8/8/8 w - - 0 1
12:09:15 ['b2b3', 'b8c6']
12:09:15 r1bqkbnr/pppppppp/n7/8/8/1P6/P1PPPPPP/RNBQKBNR w KQkq - 1 2
12:09:15 8/8/8/8/8/8/8/8 w - - 0 1
12:09:15 ['b2b3', 'b8a6']
12:09:15 r1bqkbnr/pppppppp/n7/8/8/1P6/P1PPPPPP/RNBQKBNR w KQkq - 1 2
12:09:15 8/8/8/8/8/8/8/8 w - - 0 1
12:09:15 ['b2b3', 'b8a6']
12:09:15 rnbqkbnr/p1pppppp/8/1p6/8/1P6/P1PPPPPP/RNBQKBNR w KQkq b6 0 2
12:09:15 8/8/8/8/8/8/8/8 w - - 0 1
12:09:15 ['b2b3', 'b7b5']
12:09:15 rnbqkbnr/p1pppppp/8/1p6/8/1P6/P1PPPPPP/RNBQKBNR w KQkq b6 0 2
12:09:15 8/8/8/8/8/8/8/8 w - - 0 1
12:09:15 ['b2b3', 'b7b5']
12:09:15 rnbqkbnr/p1pppppp/1p6/8/8/1P6/P1PPPPPP/RNBQKBNR w KQkq - 0 2
12:09:15 8/8/8/8/8/8/8/8 w - - 0 1
12:09:15 ['b2b3', 'b7b6']
12:09:15 rnbqkbnr/p1pppppp/1p6/8/8/1P6/P1PPPPPP/RNBQKBNR w KQkq - 0 2
12:09:15 8/8/8/8/8/8/8/8 w - - 0 1
12:09:15 ['b2b3', 'b7b6']
12:09:15 rnbqkbnr/pp1ppppp/8/2p5/8/1P6/P1PPPPPP/RNBQKBNR w KQkq c6 0 2
12:09:15 8/8/8/8/8/8/8/8 w - - 0 1
12:09:15 ['b2b3', 'c7c5']
12:09:15 rnbqkbnr/pp1ppppp/8/2p5/8/1P6/P1PPPPPP/RNBQKBNR w KQkq c6 0 2
12:09:15 8/8/8/8/8/8/8/8 w - - 0 1
12:09:15 ['b2b3', 'c7c5']
12:09:15 rnbqkbnr/pp1ppppp/2p5/8/8/1P6/P1PPPPPP/RNBQKBNR w KQkq - 0 2
12:09:15 8/8/8/8/8/8/8/8 w - - 0 1
12:09:15 ['b2b3', 'c7c6']
12:09:15 rnbqkbnr/pp1ppppp/2p5/8/8/1P6/P1PPPPPP/RNBQKBNR w KQkq - 0 2
12:09:15 8/8/8/8/8/8/8/8 w - - 0 1
12:09:15 ['b2b3', 'c7c6']
12:09:15 rnbqkbnr/ppp1pppp/8/3p4/8/1P6/P1PPPPPP/RNBQKBNR w KQkq d6 0 2
12:09:15 8/8/8/8/8/8/8/8 w - - 0 1
12:09:15 ['b2b3', 'd7d5']
12:09:15 rnbqkbnr/ppp1pppp/8/3p4/8/1P6/P1PPPPPP/RNBQKBNR w KQkq d6 0 2
12:09:15 8/8/8/8/8/8/8/8 w - - 0 1
12:09:15 ['b2b3', 'd7d5']
12:09:15 rnbqkbnr/ppp1pppp/3p4/8/8/1P6/P1PPPPPP/RNBQKBNR w KQkq - 0 2
12:09:15 8/8/8/8/8/8/8/8 w - - 0 1
12:09:15 ['b2b3', 'd7d6']
12:09:15 rnbqkbnr/ppp1pppp/3p4/8/8/1P6/P1PPPPPP/RNBQKBNR w KQkq - 0 2
12:09:15 8/8/8/8/8/8/8/8 w - - 0 1
12:09:15 ['b2b3', 'd7d6']
12:09:15 rnbqkbnr/pppp1ppp/8/4p3/8/1P6/P1PPPPPP/RNBQKBNR w KQkq e6 0 2
12:09:15 8/8/8/8/8/8/8/8 w - - 0 1
12:09:15 ['b2b3', 'e7e5']
12:09:15 rnbqkbnr/pppp1ppp/8/4p3/8/1P6/P1PPPPPP/RNBQKBNR w KQkq e6 0 2
12:09:15 8/8/8/8/8/8/8/8 w - - 0 1
12:09:15 ['b2b3', 'e7e5']
12:09:15 rnbqkbnr/pppp1ppp/4p3/8/8/1P6/P1PPPPPP/RNBQKBNR w KQkq - 0 2
12:09:15 8/8/8/8/8/8/8/8 w - - 0 1
12:09:15 ['b2b3', 'e7e6']
12:09:15 rnbqkbnr/pppp1ppp/4p3/8/8/1P6/P1PPPPPP/RNBQKBNR w KQkq - 0 2
12:09:15 8/8/8/8/8/8/8/8 w - - 0 1
12:09:15 ['b2b3', 'e7e6']
12:09:15 rnbqkbnr/ppppp1pp/8/5p2/8/1P6/P1PPPPPP/RNBQKBNR w KQkq f6 0 2
12:09:15 8/8/8/8/8/8/8/8 w - - 0 1
12:09:15 ['b2b3', 'f7f5']
12:09:15 rnbqkbnr/ppppp1pp/8/5p2/8/1P6/P1PPPPPP/RNBQKBNR w KQkq f6 0 2
12:09:15 8/8/8/8/8/8/8/8 w - - 0 1
12:09:15 ['b2b3', 'f7f5']
12:09:15 rnbqkbnr/ppppp1pp/5p2/8/8/1P6/P1PPPPPP/RNBQKBNR w KQkq - 0 2
12:09:15 8/8/8/8/8/8/8/8 w - - 0 1
12:09:15 ['b2b3', 'f7f6']
12:09:15 rnbqkbnr/ppppp1pp/5p2/8/8/1P6/P1PPPPPP/RNBQKBNR w KQkq - 0 2
12:09:15 8/8/8/8/8/8/8/8 w - - 0 1
12:09:15 ['b2b3', 'f7f6']
12:09:15 rnbqkb1r/pppppppp/7n/8/8/1P6/P1PPPPPP/RNBQKBNR w KQkq - 1 2
12:09:15 8/8/8/8/8/8/8/8 w - - 0 1
12:09:15 ['b2b3', 'g8h6']
12:09:15 rnbqkb1r/pppppppp/7n/8/8/1P6/P1PPPPPP/RNBQKBNR w KQkq - 1 2
12:09:15 8/8/8/8/8/8/8/8 w - - 0 1
12:09:15 ['b2b3', 'g8h6']
12:09:15 rnbqkb1r/pppppppp/5n2/8/8/1P6/P1PPPPPP/RNBQKBNR w KQkq - 1 2
12:09:15 8/8/8/8/8/8/8/8 w - - 0 1
12:09:15 ['b2b3', 'g8f6']
12:09:15 rnbqkb1r/pppppppp/5n2/8/8/1P6/P1PPPPPP/RNBQKBNR w KQkq - 1 2
12:09:15 8/8/8/8/8/8/8/8 w - - 0 1
12:09:15 ['b2b3', 'g8f6']
12:09:15 rnbqkbnr/pppppp1p/8/6p1/8/1P6/P1PPPPPP/RNBQKBNR w KQkq g6 0 2
12:09:15 8/8/8/8/8/8/8/8 w - - 0 1
12:09:15 ['b2b3', 'g7g5']
12:09:15 rnbqkbnr/pppppp1p/8/6p1/8/1P6/P1PPPPPP/RNBQKBNR w KQkq g6 0 2
12:09:15 8/8/8/8/8/8/8/8 w - - 0 1
12:09:15 ['b2b3', 'g7g5']
12:09:15 rnbqkbnr/pppppp1p/6p1/8/8/1P6/P1PPPPPP/RNBQKBNR w KQkq - 0 2
12:09:15 8/8/8/8/8/8/8/8 w - - 0 1
12:09:15 ['b2b3', 'g7g6']
12:09:15 rnbqkbnr/pppppp1p/6p1/8/8/1P6/P1PPPPPP/RNBQKBNR w KQkq - 0 2
12:09:15 8/8/8/8/8/8/8/8 w - - 0 1
12:09:15 ['b2b3', 'g7g6']
12:09:15 rnbqkbnr/ppppppp1/8/7p/8/1P6/P1PPPPPP/RNBQKBNR w KQkq h6 0 2
12:09:15 8/8/8/8/8/8/8/8 w - - 0 1
12:09:15 ['b2b3', 'h7h5']
12:09:15 rnbqkbnr/ppppppp1/8/7p/8/1P6/P1PPPPPP/RNBQKBNR w KQkq h6 0 2
12:09:15 8/8/8/8/8/8/8/8 w - - 0 1
12:09:15 ['b2b3', 'h7h5']
12:09:15 rnbqkbnr/ppppppp1/7p/8/8/1P6/P1PPPPPP/RNBQKBNR w KQkq - 0 2
12:09:15 8/8/8/8/8/8/8/8 w - - 0 1
12:09:15 ['b2b3', 'h7h6']
12:09:15 rnbqkbnr/ppppppp1/7p/8/8/1P6/P1PPPPPP/RNBQKBNR w KQkq - 0 2
12:09:15 8/8/8/8/8/8/8/8 w - - 0 1
12:09:15 ['b2b3', 'h7h6']
12:09:15 rnbqkbnr/pppppppp/8/8/8/2N5/PPPPPPPP/R1BQKBNR b KQkq - 1 1
12:09:15 8/8/8/8/8/8/8/8 w - - 0 1
12:09:15 ['b1c3']
12:09:15 rnbqkbnr/1ppppppp/8/p7/8/2N5/PPPPPPPP/R1BQKBNR w KQkq a6 0 2
12:09:15 8/8/8/8/8/8/8/8 w - - 0 1
12:09:15 ['b1c3', 'a7a5']
12:09:15 rnbqkbnr/1ppppppp/8/p7/8/2N5/PPPPPPPP/R1BQKBNR w KQkq a6 0 2
12:09:15 8/8/8/8/8/8/8/8 w - - 0 1
12:09:15 ['b1c3', 'a7a5']
12:09:15 rnbqkbnr/1ppppppp/p7/8/8/2N5/PPPPPPPP/R1BQKBNR w KQkq - 0 2
12:09:15 8/8/8/8/8/8/8/8 w - - 0 1
12:09:15 ['b1c3', 'a7a6']
12:09:15 rnbqkbnr/1ppppppp/p7/8/8/2N5/PPPPPPPP/R1BQKBNR w KQkq - 0 2
12:09:15 8/8/8/8/8/8/8/8 w - - 0 1
12:09:15 ['b1c3', 'a7a6']
12:09:15 r1bqkbnr/pppppppp/2n5/8/8/2N5/PPPPPPPP/R1BQKBNR w KQkq - 2 2
12:09:15 8/8/8/8/8/8/8/8 w - - 0 1
12:09:15 ['b1c3', 'b8c6']
12:09:15 r1bqkbnr/pppppppp/2n5/8/8/2N5/PPPPPPPP/R1BQKBNR w KQkq - 2 2
12:09:15 8/8/8/8/8/8/8/8 w - - 0 1
12:09:15 ['b1c3', 'b8c6']
12:09:15 r1bqkbnr/pppppppp/n7/8/8/2N5/PPPPPPPP/R1BQKBNR w KQkq - 2 2
12:09:15 8/8/8/8/8/8/8/8 w - - 0 1
12:09:15 ['b1c3', 'b8a6']
12:09:15 r1bqkbnr/pppppppp/n7/8/8/2N5/PPPPPPPP/R1BQKBNR w KQkq - 2 2
12:09:15 8/8/8/8/8/8/8/8 w - - 0 1
12:09:15 ['b1c3', 'b8a6']
12:09:15 rnbqkbnr/p1pppppp/8/1p6/8/2N5/PPPPPPPP/R1BQKBNR w KQkq b6 0 2
12:09:15 8/8/8/8/8/8/8/8 w - - 0 1
12:09:15 ['b1c3', 'b7b5']
12:09:15 rnbqkbnr/p1pppppp/8/1p6/8/2N5/PPPPPPPP/R1BQKBNR w KQkq b6 0 2
12:09:15 8/8/8/8/8/8/8/8 w - - 0 1
12:09:15 ['b1c3', 'b7b5']
12:09:15 rnbqkbnr/p1pppppp/1p6/8/8/2N5/PPPPPPPP/R1BQKBNR w KQkq - 0 2
12:09:15 8/8/8/8/8/8/8/8 w - - 0 1
12:09:15 ['b1c3', 'b7b6']
12:09:15 rnbqkbnr/p1pppppp/1p6/8/8/2N5/PPPPPPPP/R1BQKBNR w KQkq - 0 2
12:09:15 8/8/8/8/8/8/8/8 w - - 0 1
12:09:15 ['b1c3', 'b7b6']
12:09:15 rnbqkbnr/pp1ppppp/8/2p5/8/2N5/PPPPPPPP/R1BQKBNR w KQkq c6 0 2
12:09:15 8/8/8/8/8/8/8/8 w - - 0 1
12:09:15 ['b1c3', 'c7c5']
12:09:15 rnbqkbnr/pp1ppppp/8/2p5/8/2N5/PPPPPPPP/R1BQKBNR w KQkq c6 0 2
12:09:15 8/8/8/8/8/8/8/8 w - - 0 1
12:09:15 ['b1c3', 'c7c5']
12:09:15 rnbqkbnr/pp1ppppp/2p5/8/8/2N5/PPPPPPPP/R1BQKBNR w KQkq - 0 2
12:09:15 8/8/8/8/8/8/8/8 w - - 0 1
12:09:15 ['b1c3', 'c7c6']
12:09:15 rnbqkbnr/pp1ppppp/2p5/8/8/2N5/PPPPPPPP/R1BQKBNR w KQkq - 0 2
12:09:15 8/8/8/8/8/8/8/8 w - - 0 1
12:09:15 ['b1c3', 'c7c6']
12:09:15 rnbqkbnr/ppp1pppp/8/3p4/8/2N5/PPPPPPPP/R1BQKBNR w KQkq d6 0 2
12:09:15 8/8/8/8/8/8/8/8 w - - 0 1
12:09:15 ['b1c3', 'd7d5']
12:09:15 rnbqkbnr/ppp1pppp/8/3p4/8/2N5/PPPPPPPP/R1BQKBNR w KQkq d6 0 2
12:09:15 8/8/8/8/8/8/8/8 w - - 0 1
12:09:15 ['b1c3', 'd7d5']
12:09:15 rnbqkbnr/ppp1pppp/3p4/8/8/2N5/PPPPPPPP/R1BQKBNR w KQkq - 0 2
12:09:15 8/8/8/8/8/8/8/8 w - - 0 1
12:09:15 ['b1c3', 'd7d6']
12:09:15 rnbqkbnr/ppp1pppp/3p4/8/8/2N5/PPPPPPPP/R1BQKBNR w KQkq - 0 2
12:09:15 8/8/8/8/8/8/8/8 w - - 0 1
12:09:15 ['b1c3', 'd7d6']
12:09:15 rnbqkbnr/pppp1ppp/8/4p3/8/2N5/PPPPPPPP/R1BQKBNR w KQkq e6 0 2
12:09:15 8/8/8/8/8/8/8/8 w - - 0 1
12:09:15 ['b1c3', 'e7e5']
12:09:15 rnbqkbnr/pppp1ppp/8/4p3/8/2N5/PPPPPPPP/R1BQKBNR w KQkq e6 0 2
12:09:15 8/8/8/8/8/8/8/8 w - - 0 1
12:09:15 ['b1c3', 'e7e5']
12:09:15 rnbqkbnr/pppp1ppp/4p3/8/8/2N5/PPPPPPPP/R1BQKBNR w KQkq - 0 2
12:09:15 8/8/8/8/8/8/8/8 w - - 0 1
12:09:15 ['b1c3', 'e7e6']
12:09:15 rnbqkbnr/pppp1ppp/4p3/8/8/2N5/PPPPPPPP/R1BQKBNR w KQkq - 0 2
12:09:15 8/8/8/8/8/8/8/8 w - - 0 1
12:09:15 ['b1c3', 'e7e6']
12:09:15 rnbqkbnr/ppppp1pp/8/5p2/8/2N5/PPPPPPPP/R1BQKBNR w KQkq f6 0 2
12:09:15 8/8/8/8/8/8/8/8 w - - 0 1
12:09:15 ['b1c3', 'f7f5']
12:09:15 rnbqkbnr/ppppp1pp/8/5p2/8/2N5/PPPPPPPP/R1BQKBNR w KQkq f6 0 2
12:09:15 8/8/8/8/8/8/8/8 w - - 0 1
12:09:15 ['b1c3', 'f7f5']
12:09:15 rnbqkbnr/ppppp1pp/5p2/8/8/2N5/PPPPPPPP/R1BQKBNR w KQkq - 0 2
12:09:15 8/8/8/8/8/8/8/8 w - - 0 1
12:09:15 ['b1c3', 'f7f6']
12:09:15 rnbqkbnr/ppppp1pp/5p2/8/8/2N5/PPPPPPPP/R1BQKBNR w KQkq - 0 2
12:09:15 8/8/8/8/8/8/8/8 w - - 0 1
12:09:15 ['b1c3', 'f7f6']
12:09:15 rnbqkb1r/pppppppp/7n/8/8/2N5/PPPPPPPP/R1BQKBNR w KQkq - 2 2
12:09:15 8/8/8/8/8/8/8/8 w - - 0 1
12:09:15 ['b1c3', 'g8h6']
12:09:15 rnbqkb1r/pppppppp/7n/8/8/2N5/PPPPPPPP/R1BQKBNR w KQkq - 2 2
12:09:15 8/8/8/8/8/8/8/8 w - - 0 1
12:09:15 ['b1c3', 'g8h6']
12:09:15 rnbqkb1r/pppppppp/5n2/8/8/2N5/PPPPPPPP/R1BQKBNR w KQkq - 2 2
12:09:15 8/8/8/8/8/8/8/8 w - - 0 1
12:09:15 ['b1c3', 'g8f6']
12:09:15 rnbqkb1r/pppppppp/5n2/8/8/2N5/PPPPPPPP/R1BQKBNR w KQkq - 2 2
12:09:15 8/8/8/8/8/8/8/8 w - - 0 1
12:09:15 ['b1c3', 'g8f6']
12:09:15 rnbqkbnr/pppppp1p/8/6p1/8/2N5/PPPPPPPP/R1BQKBNR w KQkq g6 0 2
12:09:15 8/8/8/8/8/8/8/8 w - - 0 1
12:09:15 ['b1c3', 'g7g5']
12:09:15 rnbqkbnr/pppppp1p/8/6p1/8/2N5/PPPPPPPP/R1BQKBNR w KQkq g6 0 2
12:09:15 8/8/8/8/8/8/8/8 w - - 0 1
12:09:15 ['b1c3', 'g7g5']
12:09:15 rnbqkbnr/pppppp1p/6p1/8/8/2N5/PPPPPPPP/R1BQKBNR w KQkq - 0 2
12:09:15 8/8/8/8/8/8/8/8 w - - 0 1
12:09:15 ['b1c3', 'g7g6']
12:09:15 rnbqkbnr/pppppp1p/6p1/8/8/2N5/PPPPPPPP/R1BQKBNR w KQkq - 0 2
12:09:15 8/8/8/8/8/8/8/8 w - - 0 1
12:09:15 ['b1c3', 'g7g6']
12:09:15 rnbqkbnr/ppppppp1/8/7p/8/2N5/PPPPPPPP/R1BQKBNR w KQkq h6 0 2
12:09:15 8/8/8/8/8/8/8/8 w - - 0 1
12:09:15 ['b1c3', 'h7h5']
12:09:15 rnbqkbnr/ppppppp1/8/7p/8/2N5/PPPPPPPP/R1BQKBNR w KQkq h6 0 2
12:09:15 8/8/8/8/8/8/8/8 w - - 0 1
12:09:15 ['b1c3', 'h7h5']
12:09:15 rnbqkbnr/ppppppp1/7p/8/8/2N5/PPPPPPPP/R1BQKBNR w KQkq - 0 2
12:09:15 8/8/8/8/8/8/8/8 w - - 0 1
12:09:15 ['b1c3', 'h7h6']
12:09:15 rnbqkbnr/ppppppp1/7p/8/8/2N5/PPPPPPPP/R1BQKBNR w KQkq - 0 2
12:09:15 8/8/8/8/8/8/8/8 w - - 0 1
12:09:15 ['b1c3', 'h7h6']
12:09:15 rnbqkbnr/pppppppp/8/8/8/N7/PPPPPPPP/R1BQKBNR b KQkq - 1 1
12:09:15 8/8/8/8/8/8/8/8 w - - 0 1
12:09:15 ['b1a3']
12:09:15 rnbqkbnr/1ppppppp/8/p7/8/N7/PPPPPPPP/R1BQKBNR w KQkq a6 0 2
12:09:15 8/8/8/8/8/8/8/8 w - - 0 1
12:09:15 ['b1a3', 'a7a5']
12:09:15 rnbqkbnr/1ppppppp/8/p7/8/N7/PPPPPPPP/R1BQKBNR w KQkq a6 0 2
12:09:15 8/8/8/8/8/8/8/8 w - - 0 1
12:09:15 ['b1a3', 'a7a5']
12:09:15 rnbqkbnr/1ppppppp/p7/8/8/N7/PPPPPPPP/R1BQKBNR w KQkq - 0 2
12:09:15 8/8/8/8/8/8/8/8 w - - 0 1
12:09:15 ['b1a3', 'a7a6']
12:09:15 rnbqkbnr/1ppppppp/p7/8/8/N7/PPPPPPPP/R1BQKBNR w KQkq - 0 2
12:09:15 8/8/8/8/8/8/8/8 w - - 0 1
12:09:15 ['b1a3', 'a7a6']
12:09:15 r1bqkbnr/pppppppp/2n5/8/8/N7/PPPPPPPP/R1BQKBNR w KQkq - 2 2
12:09:15 8/8/8/8/8/8/8/8 w - - 0 1
12:09:15 ['b1a3', 'b8c6']
12:09:15 r1bqkbnr/pppppppp/2n5/8/8/N7/PPPPPPPP/R1BQKBNR w KQkq - 2 2
12:09:15 8/8/8/8/8/8/8/8 w - - 0 1
12:09:15 ['b1a3', 'b8c6']
12:09:15 r1bqkbnr/pppppppp/n7/8/8/N7/PPPPPPPP/R1BQKBNR w KQkq - 2 2
12:09:15 8/8/8/8/8/8/8/8 w - - 0 1
12:09:15 ['b1a3', 'b8a6']
12:09:15 r1bqkbnr/pppppppp/n7/8/8/N7/PPPPPPPP/R1BQKBNR w KQkq - 2 2
12:09:15 8/8/8/8/8/8/8/8 w - - 0 1
12:09:15 ['b1a3', 'b8a6']
12:09:15 rnbqkbnr/p1pppppp/8/1p6/8/N7/PPPPPPPP/R1BQKBNR w KQkq b6 0 2
12:09:15 8/8/8/8/8/8/8/8 w - - 0 1
12:09:15 ['b1a3', 'b7b5']
12:09:15 rnbqkbnr/p1pppppp/8/1p6/8/N7/PPPPPPPP/R1BQKBNR w KQkq b6 0 2
12:09:15 8/8/8/8/8/8/8/8 w - - 0 1
12:09:15 ['b1a3', 'b7b5']
12:09:15 rnbqkbnr/p1pppppp/1p6/8/8/N7/PPPPPPPP/R1BQKBNR w KQkq - 0 2
12:09:15 8/8/8/8/8/8/8/8 w - - 0 1
12:09:15 ['b1a3', 'b7b6']
12:09:15 rnbqkbnr/p1pppppp/1p6/8/8/N7/PPPPPPPP/R1BQKBNR w KQkq - 0 2
12:09:15 8/8/8/8/8/8/8/8 w - - 0 1
12:09:15 ['b1a3', 'b7b6']
12:09:15 rnbqkbnr/pp1ppppp/8/2p5/8/N7/PPPPPPPP/R1BQKBNR w KQkq c6 0 2
12:09:15 8/8/8/8/8/8/8/8 w - - 0 1
12:09:15 ['b1a3', 'c7c5']
12:09:15 rnbqkbnr/pp1ppppp/8/2p5/8/N7/PPPPPPPP/R1BQKBNR w KQkq c6 0 2
12:09:15 8/8/8/8/8/8/8/8 w - - 0 1
12:09:15 ['b1a3', 'c7c5']
12:09:15 rnbqkbnr/pp1ppppp/2p5/8/8/N7/PPPPPPPP/R1BQKBNR w KQkq - 0 2
12:09:15 8/8/8/8/8/8/8/8 w - - 0 1
12:09:15 ['b1a3', 'c7c6']
12:09:15 rnbqkbnr/pp1ppppp/2p5/8/8/N7/PPPPPPPP/R1BQKBNR w KQkq - 0 2
12:09:15 8/8/8/8/8/8/8/8 w - - 0 1
12:09:15 ['b1a3', 'c7c6']
12:09:15 rnbqkbnr/ppp1pppp/8/3p4/8/N7/PPPPPPPP/R1BQKBNR w KQkq d6 0 2
12:09:15 8/8/8/8/8/8/8/8 w - - 0 1
12:09:15 ['b1a3', 'd7d5']
12:09:15 rnbqkbnr/ppp1pppp/8/3p4/8/N7/PPPPPPPP/R1BQKBNR w KQkq d6 0 2
12:09:15 8/8/8/8/8/8/8/8 w - - 0 1
12:09:15 ['b1a3', 'd7d5']
12:09:15 rnbqkbnr/ppp1pppp/3p4/8/8/N7/PPPPPPPP/R1BQKBNR w KQkq - 0 2
12:09:15 8/8/8/8/8/8/8/8 w - - 0 1
12:09:15 ['b1a3', 'd7d6']
12:09:15 rnbqkbnr/ppp1pppp/3p4/8/8/N7/PPPPPPPP/R1BQKBNR w KQkq - 0 2
12:09:15 8/8/8/8/8/8/8/8 w - - 0 1
12:09:15 ['b1a3', 'd7d6']
12:09:15 rnbqkbnr/pppp1ppp/8/4p3/8/N7/PPPPPPPP/R1BQKBNR w KQkq e6 0 2
12:09:15 8/8/8/8/8/8/8/8 w - - 0 1
12:09:15 ['b1a3', 'e7e5']
12:09:15 rnbqkbnr/pppp1ppp/8/4p3/8/N7/PPPPPPPP/R1BQKBNR w KQkq e6 0 2
12:09:15 8/8/8/8/8/8/8/8 w - - 0 1
12:09:15 ['b1a3', 'e7e5']
12:09:15 rnbqkbnr/pppp1ppp/4p3/8/8/N7/PPPPPPPP/R1BQKBNR w KQkq - 0 2
12:09:15 8/8/8/8/8/8/8/8 w - - 0 1
12:09:15 ['b1a3', 'e7e6']
12:09:15 rnbqkbnr/pppp1ppp/4p3/8/8/N7/PPPPPPPP/R1BQKBNR w KQkq - 0 2
12:09:15 8/8/8/8/8/8/8/8 w - - 0 1
12:09:15 ['b1a3', 'e7e6']
12:09:15 rnbqkbnr/ppppp1pp/8/5p2/8/N7/PPPPPPPP/R1BQKBNR w KQkq f6 0 2
12:09:15 8/8/8/8/8/8/8/8 w - - 0 1
12:09:15 ['b1a3', 'f7f5']
12:09:15 rnbqkbnr/ppppp1pp/8/5p2/8/N7/PPPPPPPP/R1BQKBNR w KQkq f6 0 2
12:09:15 8/8/8/8/8/8/8/8 w - - 0 1
12:09:15 ['b1a3', 'f7f5']
12:09:15 rnbqkbnr/ppppp1pp/5p2/8/8/N7/PPPPPPPP/R1BQKBNR w KQkq - 0 2
12:09:15 8/8/8/8/8/8/8/8 w - - 0 1
12:09:15 ['b1a3', 'f7f6']
12:09:15 rnbqkbnr/ppppp1pp/5p2/8/8/N7/PPPPPPPP/R1BQKBNR w KQkq - 0 2
12:09:15 8/8/8/8/8/8/8/8 w - - 0 1
12:09:15 ['b1a3', 'f7f6']
12:09:15 rnbqkb1r/pppppppp/7n/8/8/N7/PPPPPPPP/R1BQKBNR w KQkq - 2 2
12:09:15 8/8/8/8/8/8/8/8 w - - 0 1
12:09:15 ['b1a3', 'g8h6']
12:09:15 rnbqkb1r/pppppppp/7n/8/8/N7/PPPPPPPP/R1BQKBNR w KQkq - 2 2
12:09:15 8/8/8/8/8/8/8/8 w - - 0 1
12:09:15 ['b1a3', 'g8h6']
12:09:15 rnbqkb1r/pppppppp/5n2/8/8/N7/PPPPPPPP/R1BQKBNR w KQkq - 2 2
12:09:15 8/8/8/8/8/8/8/8 w - - 0 1
12:09:15 ['b1a3', 'g8f6']
12:09:15 rnbqkb1r/pppppppp/5n2/8/8/N7/PPPPPPPP/R1BQKBNR w KQkq - 2 2
12:09:15 8/8/8/8/8/8/8/8 w - - 0 1
12:09:15 ['b1a3', 'g8f6']
12:09:15 rnbqkbnr/pppppp1p/8/6p1/8/N7/PPPPPPPP/R1BQKBNR w KQkq g6 0 2
12:09:15 8/8/8/8/8/8/8/8 w - - 0 1
12:09:15 ['b1a3', 'g7g5']
12:09:15 rnbqkbnr/pppppp1p/8/6p1/8/N7/PPPPPPPP/R1BQKBNR w KQkq g6 0 2
12:09:15 8/8/8/8/8/8/8/8 w - - 0 1
12:09:15 ['b1a3', 'g7g5']
12:09:15 rnbqkbnr/pppppp1p/6p1/8/8/N7/PPPPPPPP/R1BQKBNR w KQkq - 0 2
12:09:15 8/8/8/8/8/8/8/8 w - - 0 1
12:09:15 ['b1a3', 'g7g6']
12:09:15 rnbqkbnr/pppppp1p/6p1/8/8/N7/PPPPPPPP/R1BQKBNR w KQkq - 0 2
12:09:15 8/8/8/8/8/8/8/8 w - - 0 1
12:09:15 ['b1a3', 'g7g6']
12:09:15 rnbqkbnr/ppppppp1/8/7p/8/N7/PPPPPPPP/R1BQKBNR w KQkq h6 0 2
12:09:15 8/8/8/8/8/8/8/8 w - - 0 1
12:09:15 ['b1a3', 'h7h5']
12:09:15 rnbqkbnr/ppppppp1/8/7p/8/N7/PPPPPPPP/R1BQKBNR w KQkq h6 0 2
12:09:15 8/8/8/8/8/8/8/8 w - - 0 1
12:09:15 ['b1a3', 'h7h5']
12:09:15 rnbqkbnr/ppppppp1/7p/8/8/N7/PPPPPPPP/R1BQKBNR w KQkq - 0 2
12:09:15 8/8/8/8/8/8/8/8 w - - 0 1
12:09:15 ['b1a3', 'h7h6']
12:09:15 rnbqkbnr/ppppppp1/7p/8/8/N7/PPPPPPPP/R1BQKBNR w KQkq - 0 2
12:09:15 8/8/8/8/8/8/8/8 w - - 0 1
12:09:15 ['b1a3', 'h7h6']
12:09:15 rnbqkbnr/pppppppp/8/8/2P5/8/PP1PPPPP/RNBQKBNR b KQkq c3 0 1
12:09:15 8/8/8/8/8/8/8/8 w - - 0 1
12:09:15 ['c2c4']
12:09:15 rnbqkbnr/1ppppppp/8/p7/2P5/8/PP1PPPPP/RNBQKBNR w KQkq a6 0 2
12:09:15 8/8/8/8/8/8/8/8 w - - 0 1
12:09:15 ['c2c4', 'a7a5']
12:09:15 rnbqkbnr/1ppppppp/8/p7/2P5/8/PP1PPPPP/RNBQKBNR w KQkq a6 0 2
12:09:15 8/8/8/8/8/8/8/8 w - - 0 1
12:09:15 ['c2c4', 'a7a5']
12:09:15 rnbqkbnr/1ppppppp/p7/8/2P5/8/PP1PPPPP/RNBQKBNR w KQkq - 0 2
12:09:15 8/8/8/8/8/8/8/8 w - - 0 1
12:09:15 ['c2c4', 'a7a6']
12:09:15 rnbqkbnr/1ppppppp/p7/8/2P5/8/PP1PPPPP/RNBQKBNR w KQkq - 0 2
12:09:15 8/8/8/8/8/8/8/8 w - - 0 1
12:09:15 ['c2c4', 'a7a6']
12:09:15 r1bqkbnr/pppppppp/2n5/8/2P5/8/PP1PPPPP/RNBQKBNR w KQkq - 1 2
12:09:15 8/8/8/8/8/8/8/8 w - - 0 1
12:09:15 ['c2c4', 'b8c6']
12:09:15 r1bqkbnr/pppppppp/2n5/8/2P5/8/PP1PPPPP/RNBQKBNR w KQkq - 1 2
12:09:15 8/8/8/8/8/8/8/8 w - - 0 1
12:09:15 ['c2c4', 'b8c6']
12:09:15 r1bqkbnr/pppppppp/n7/8/2P5/8/PP1PPPPP/RNBQKBNR w KQkq - 1 2
12:09:15 8/8/8/8/8/8/8/8 w - - 0 1
12:09:15 ['c2c4', 'b8a6']
12:09:15 r1bqkbnr/pppppppp/n7/8/2P5/8/PP1PPPPP/RNBQKBNR w KQkq - 1 2
12:09:15 8/8/8/8/8/8/8/8 w - - 0 1
12:09:15 ['c2c4', 'b8a6']
12:09:15 rnbqkbnr/p1pppppp/8/1p6/2P5/8/PP1PPPPP/RNBQKBNR w KQkq b6 0 2
12:09:15 8/8/8/8/8/8/8/8 w - - 0 1
12:09:15 ['c2c4', 'b7b5']
12:09:15 rnbqkbnr/p1pppppp/8/1p6/2P5/8/PP1PPPPP/RNBQKBNR w KQkq b6 0 2
12:09:15 8/8/8/8/8/8/8/8 w - - 0 1
12:09:15 ['c2c4', 'b7b5']
12:09:15 rnbqkbnr/p1pppppp/1p6/8/2P5/8/PP1PPPPP/RNBQKBNR w KQkq - 0 2
12:09:15 8/8/8/8/8/8/8/8 w - - 0 1
12:09:15 ['c2c4', 'b7b6']
12:09:15 rnbqkbnr/p1pppppp/1p6/8/2P5/8/PP1PPPPP/RNBQKBNR w KQkq - 0 2
12:09:15 8/8/8/8/8/8/8/8 w - - 0 1
12:09:15 ['c2c4', 'b7b6']
12:09:15 rnbqkbnr/pp1ppppp/8/2p5/2P5/8/PP1PPPPP/RNBQKBNR w KQkq c6 0 2
12:09:15 8/8/8/8/8/8/8/8 w - - 0 1
12:09:15 ['c2c4', 'c7c5']
12:09:15 rnbqkbnr/pp1ppppp/8/2p5/2P5/8/PP1PPPPP/RNBQKBNR w KQkq c6 0 2
12:09:15 8/8/8/8/8/8/8/8 w - - 0 1
12:09:15 ['c2c4', 'c7c5']
12:09:15 rnbqkbnr/pp1ppppp/2p5/8/2P5/8/PP1PPPPP/RNBQKBNR w KQkq - 0 2
12:09:15 8/8/8/8/8/8/8/8 w - - 0 1
12:09:15 ['c2c4', 'c7c6']
12:09:15 rnbqkbnr/pp1ppppp/2p5/8/2P5/8/PP1PPPPP/RNBQKBNR w KQkq - 0 2
12:09:15 8/8/8/8/8/8/8/8 w - - 0 1
12:09:15 ['c2c4', 'c7c6']
12:09:15 rnbqkbnr/ppp1pppp/8/3p4/2P5/8/PP1PPPPP/RNBQKBNR w KQkq d6 0 2
12:09:15 8/8/8/8/8/8/8/8 w - - 0 1
12:09:15 ['c2c4', 'd7d5']
12:09:15 rnbqkbnr/ppp1pppp/8/3p4/2P5/8/PP1PPPPP/RNBQKBNR w KQkq d6 0 2
12:09:15 8/8/8/8/8/8/8/8 w - - 0 1
12:09:15 ['c2c4', 'd7d5']
12:09:15 rnbqkbnr/ppp1pppp/3p4/8/2P5/8/PP1PPPPP/RNBQKBNR w KQkq - 0 2
12:09:15 8/8/8/8/8/8/8/8 w - - 0 1
12:09:15 ['c2c4', 'd7d6']
12:09:15 rnbqkbnr/ppp1pppp/3p4/8/2P5/8/PP1PPPPP/RNBQKBNR w KQkq - 0 2
12:09:15 8/8/8/8/8/8/8/8 w - - 0 1
12:09:15 ['c2c4', 'd7d6']
12:09:15 rnbqkbnr/pppp1ppp/8/4p3/2P5/8/PP1PPPPP/RNBQKBNR w KQkq e6 0 2
12:09:15 8/8/8/8/8/8/8/8 w - - 0 1
12:09:15 ['c2c4', 'e7e5']
12:09:15 rnbqkbnr/pppp1ppp/8/4p3/2P5/8/PP1PPPPP/RNBQKBNR w KQkq e6 0 2
12:09:15 8/8/8/8/8/8/8/8 w - - 0 1
12:09:15 ['c2c4', 'e7e5']
12:09:15 rnbqkbnr/pppp1ppp/4p3/8/2P5/8/PP1PPPPP/RNBQKBNR w KQkq - 0 2
12:09:15 8/8/8/8/8/8/8/8 w - - 0 1
12:09:15 ['c2c4', 'e7e6']
12:09:15 rnbqkbnr/pppp1ppp/4p3/8/2P5/8/PP1PPPPP/RNBQKBNR w KQkq - 0 2
12:09:15 8/8/8/8/8/8/8/8 w - - 0 1
12:09:15 ['c2c4', 'e7e6']
12:09:15 rnbqkbnr/ppppp1pp/8/5p2/2P5/8/PP1PPPPP/RNBQKBNR w KQkq f6 0 2
12:09:15 8/8/8/8/8/8/8/8 w - - 0 1
12:09:15 ['c2c4', 'f7f5']
12:09:15 rnbqkbnr/ppppp1pp/8/5p2/2P5/8/PP1PPPPP/RNBQKBNR w KQkq f6 0 2
12:09:15 8/8/8/8/8/8/8/8 w - - 0 1
12:09:15 ['c2c4', 'f7f5']
12:09:15 rnbqkbnr/ppppp1pp/5p2/8/2P5/8/PP1PPPPP/RNBQKBNR w KQkq - 0 2
12:09:15 8/8/8/8/8/8/8/8 w - - 0 1
12:09:15 ['c2c4', 'f7f6']
12:09:15 rnbqkbnr/ppppp1pp/5p2/8/2P5/8/PP1PPPPP/RNBQKBNR w KQkq - 0 2
12:09:15 8/8/8/8/8/8/8/8 w - - 0 1
12:09:15 ['c2c4', 'f7f6']
12:09:15 rnbqkb1r/pppppppp/7n/8/2P5/8/PP1PPPPP/RNBQKBNR w KQkq - 1 2
12:09:15 8/8/8/8/8/8/8/8 w - - 0 1
12:09:15 ['c2c4', 'g8h6']
12:09:15 rnbqkb1r/pppppppp/7n/8/2P5/8/PP1PPPPP/RNBQKBNR w KQkq - 1 2
12:09:15 8/8/8/8/8/8/8/8 w - - 0 1
12:09:15 ['c2c4', 'g8h6']
12:09:15 rnbqkb1r/pppppppp/5n2/8/2P5/8/PP1PPPPP/RNBQKBNR w KQkq - 1 2
12:09:15 8/8/8/8/8/8/8/8 w - - 0 1
12:09:15 ['c2c4', 'g8f6']
12:09:15 rnbqkb1r/pppppppp/5n2/8/2P5/8/PP1PPPPP/RNBQKBNR w KQkq - 1 2
12:09:15 8/8/8/8/8/8/8/8 w - - 0 1
12:09:15 ['c2c4', 'g8f6']
12:09:15 rnbqkbnr/pppppp1p/8/6p1/2P5/8/PP1PPPPP/RNBQKBNR w KQkq g6 0 2
12:09:15 8/8/8/8/8/8/8/8 w - - 0 1
12:09:15 ['c2c4', 'g7g5']
12:09:15 rnbqkbnr/pppppp1p/8/6p1/2P5/8/PP1PPPPP/RNBQKBNR w KQkq g6 0 2
12:09:15 8/8/8/8/8/8/8/8 w - - 0 1
12:09:15 ['c2c4', 'g7g5']
12:09:15 rnbqkbnr/pppppp1p/6p1/8/2P5/8/PP1PPPPP/RNBQKBNR w KQkq - 0 2
12:09:15 8/8/8/8/8/8/8/8 w - - 0 1
12:09:15 ['c2c4', 'g7g6']
12:09:15 rnbqkbnr/pppppp1p/6p1/8/2P5/8/PP1PPPPP/RNBQKBNR w KQkq - 0 2
12:09:15 8/8/8/8/8/8/8/8 w - - 0 1
12:09:15 ['c2c4', 'g7g6']
12:09:15 rnbqkbnr/ppppppp1/8/7p/2P5/8/PP1PPPPP/RNBQKBNR w KQkq h6 0 2
12:09:15 8/8/8/8/8/8/8/8 w - - 0 1
12:09:15 ['c2c4', 'h7h5']
12:09:15 rnbqkbnr/ppppppp1/8/7p/2P5/8/PP1PPPPP/RNBQKBNR w KQkq h6 0 2
12:09:15 8/8/8/8/8/8/8/8 w - - 0 1
12:09:15 ['c2c4', 'h7h5']
12:09:15 rnbqkbnr/ppppppp1/7p/8/2P5/8/PP1PPPPP/RNBQKBNR w KQkq - 0 2
12:09:15 8/8/8/8/8/8/8/8 w - - 0 1
12:09:15 ['c2c4', 'h7h6']
12:09:15 rnbqkbnr/ppppppp1/7p/8/2P5/8/PP1PPPPP/RNBQKBNR w KQkq - 0 2
12:09:15 8/8/8/8/8/8/8/8 w - - 0 1
12:09:15 ['c2c4', 'h7h6']
12:09:15 rnbqkbnr/pppppppp/8/8/8/2P5/PP1PPPPP/RNBQKBNR b KQkq - 0 1
12:09:15 8/8/8/8/8/8/8/8 w - - 0 1
12:09:15 ['c2c3']
12:09:15 rnbqkbnr/1ppppppp/8/p7/8/2P5/PP1PPPPP/RNBQKBNR w KQkq a6 0 2
12:09:15 8/8/8/8/8/8/8/8 w - - 0 1
12:09:15 ['c2c3', 'a7a5']
12:09:15 rnbqkbnr/1ppppppp/8/p7/8/2P5/PP1PPPPP/RNBQKBNR w KQkq a6 0 2
12:09:15 8/8/8/8/8/8/8/8 w - - 0 1
12:09:15 ['c2c3', 'a7a5']
12:09:15 rnbqkbnr/1ppppppp/p7/8/8/2P5/PP1PPPPP/RNBQKBNR w KQkq - 0 2
12:09:15 8/8/8/8/8/8/8/8 w - - 0 1
12:09:15 ['c2c3', 'a7a6']
12:09:15 rnbqkbnr/1ppppppp/p7/8/8/2P5/PP1PPPPP/RNBQKBNR w KQkq - 0 2
12:09:15 8/8/8/8/8/8/8/8 w - - 0 1
12:09:15 ['c2c3', 'a7a6']
12:09:15 r1bqkbnr/pppppppp/2n5/8/8/2P5/PP1PPPPP/RNBQKBNR w KQkq - 1 2
12:09:15 8/8/8/8/8/8/8/8 w - - 0 1
12:09:15 ['c2c3', 'b8c6']
12:09:15 r1bqkbnr/pppppppp/2n5/8/8/2P5/PP1PPPPP/RNBQKBNR w KQkq - 1 2
12:09:15 8/8/8/8/8/8/8/8 w - - 0 1
12:09:15 ['c2c3', 'b8c6']
12:09:15 r1bqkbnr/pppppppp/n7/8/8/2P5/PP1PPPPP/RNBQKBNR w KQkq - 1 2
12:09:15 8/8/8/8/8/8/8/8 w - - 0 1
12:09:15 ['c2c3', 'b8a6']
12:09:15 r1bqkbnr/pppppppp/n7/8/8/2P5/PP1PPPPP/RNBQKBNR w KQkq - 1 2
12:09:15 8/8/8/8/8/8/8/8 w - - 0 1
12:09:15 ['c2c3', 'b8a6']
12:09:15 rnbqkbnr/p1pppppp/8/1p6/8/2P5/PP1PPPPP/RNBQKBNR w KQkq b6 0 2
12:09:15 8/8/8/8/8/8/8/8 w - - 0 1
12:09:15 ['c2c3', 'b7b5']
12:09:15 rnbqkbnr/p1pppppp/8/1p6/8/2P5/PP1PPPPP/RNBQKBNR w KQkq b6 0 2
12:09:15 8/8/8/8/8/8/8/8 w - - 0 1
12:09:15 ['c2c3', 'b7b5']
12:09:15 rnbqkbnr/p1pppppp/1p6/8/8/2P5/PP1PPPPP/RNBQKBNR w KQkq - 0 2
12:09:15 8/8/8/8/8/8/8/8 w - - 0 1
12:09:15 ['c2c3', 'b7b6']
12:09:15 rnbqkbnr/p1pppppp/1p6/8/8/2P5/PP1PPPPP/RNBQKBNR w KQkq - 0 2
12:09:15 8/8/8/8/8/8/8/8 w - - 0 1
12:09:15 ['c2c3', 'b7b6']
12:09:15 rnbqkbnr/pp1ppppp/8/2p5/8/2P5/PP1PPPPP/RNBQKBNR w KQkq c6 0 2
12:09:15 8/8/8/8/8/8/8/8 w - - 0 1
12:09:15 ['c2c3', 'c7c5']
12:09:15 rnbqkbnr/pp1ppppp/8/2p5/8/2P5/PP1PPPPP/RNBQKBNR w KQkq c6 0 2
12:09:15 8/8/8/8/8/8/8/8 w - - 0 1
12:09:15 ['c2c3', 'c7c5']
12:09:15 rnbqkbnr/pp1ppppp/2p5/8/8/2P5/PP1PPPPP/RNBQKBNR w KQkq - 0 2
12:09:15 8/8/8/8/8/8/8/8 w - - 0 1
12:09:15 ['c2c3', 'c7c6']
12:09:15 rnbqkbnr/pp1ppppp/2p5/8/8/2P5/PP1PPPPP/RNBQKBNR w KQkq - 0 2
12:09:15 8/8/8/8/8/8/8/8 w - - 0 1
12:09:15 ['c2c3', 'c7c6']
12:09:15 rnbqkbnr/ppp1pppp/8/3p4/8/2P5/PP1PPPPP/RNBQKBNR w KQkq d6 0 2
12:09:15 8/8/8/8/8/8/8/8 w - - 0 1
12:09:15 ['c2c3', 'd7d5']
12:09:15 rnbqkbnr/ppp1pppp/8/3p4/8/2P5/PP1PPPPP/RNBQKBNR w KQkq d6 0 2
12:09:15 8/8/8/8/8/8/8/8 w - - 0 1
12:09:15 ['c2c3', 'd7d5']
12:09:15 rnbqkbnr/ppp1pppp/3p4/8/8/2P5/PP1PPPPP/RNBQKBNR w KQkq - 0 2
12:09:15 8/8/8/8/8/8/8/8 w - - 0 1
12:09:15 ['c2c3', 'd7d6']
12:09:15 rnbqkbnr/ppp1pppp/3p4/8/8/2P5/PP1PPPPP/RNBQKBNR w KQkq - 0 2
12:09:15 8/8/8/8/8/8/8/8 w - - 0 1
12:09:15 ['c2c3', 'd7d6']
12:09:15 rnbqkbnr/pppp1ppp/8/4p3/8/2P5/PP1PPPPP/RNBQKBNR w KQkq e6 0 2
12:09:15 8/8/8/8/8/8/8/8 w - - 0 1
12:09:15 ['c2c3', 'e7e5']
12:09:15 rnbqkbnr/pppp1ppp/8/4p3/8/2P5/PP1PPPPP/RNBQKBNR w KQkq e6 0 2
12:09:15 8/8/8/8/8/8/8/8 w - - 0 1
12:09:15 ['c2c3', 'e7e5']
12:09:15 rnbqkbnr/pppp1ppp/4p3/8/8/2P5/PP1PPPPP/RNBQKBNR w KQkq - 0 2
12:09:15 8/8/8/8/8/8/8/8 w - - 0 1
12:09:15 ['c2c3', 'e7e6']
12:09:15 rnbqkbnr/pppp1ppp/4p3/8/8/2P5/PP1PPPPP/RNBQKBNR w KQkq - 0 2
12:09:15 8/8/8/8/8/8/8/8 w - - 0 1
12:09:15 ['c2c3', 'e7e6']
12:09:15 rnbqkbnr/ppppp1pp/8/5p2/8/2P5/PP1PPPPP/RNBQKBNR w KQkq f6 0 2
12:09:15 8/8/8/8/8/8/8/8 w - - 0 1
12:09:15 ['c2c3', 'f7f5']
12:09:15 rnbqkbnr/ppppp1pp/8/5p2/8/2P5/PP1PPPPP/RNBQKBNR w KQkq f6 0 2
12:09:15 8/8/8/8/8/8/8/8 w - - 0 1
12:09:15 ['c2c3', 'f7f5']
12:09:15 rnbqkbnr/ppppp1pp/5p2/8/8/2P5/PP1PPPPP/RNBQKBNR w KQkq - 0 2
12:09:15 8/8/8/8/8/8/8/8 w - - 0 1
12:09:15 ['c2c3', 'f7f6']
12:09:15 rnbqkbnr/ppppp1pp/5p2/8/8/2P5/PP1PPPPP/RNBQKBNR w KQkq - 0 2
12:09:15 8/8/8/8/8/8/8/8 w - - 0 1
12:09:15 ['c2c3', 'f7f6']
12:09:15 rnbqkb1r/pppppppp/7n/8/8/2P5/PP1PPPPP/RNBQKBNR w KQkq - 1 2
12:09:15 8/8/8/8/8/8/8/8 w - - 0 1
12:09:15 ['c2c3', 'g8h6']
12:09:15 rnbqkb1r/pppppppp/7n/8/8/2P5/PP1PPPPP/RNBQKBNR w KQkq - 1 2
12:09:15 8/8/8/8/8/8/8/8 w - - 0 1
12:09:15 ['c2c3', 'g8h6']
12:09:15 rnbqkb1r/pppppppp/5n2/8/8/2P5/PP1PPPPP/RNBQKBNR w KQkq - 1 2
12:09:15 8/8/8/8/8/8/8/8 w - - 0 1
12:09:15 ['c2c3', 'g8f6']
12:09:15 rnbqkb1r/pppppppp/5n2/8/8/2P5/PP1PPPPP/RNBQKBNR w KQkq - 1 2
12:09:15 8/8/8/8/8/8/8/8 w - - 0 1
12:09:15 ['c2c3', 'g8f6']
12:09:15 rnbqkbnr/pppppp1p/8/6p1/8/2P5/PP1PPPPP/RNBQKBNR w KQkq g6 0 2
12:09:15 8/8/8/8/8/8/8/8 w - - 0 1
12:09:15 ['c2c3', 'g7g5']
12:09:15 rnbqkbnr/pppppp1p/8/6p1/8/2P5/PP1PPPPP/RNBQKBNR w KQkq g6 0 2
12:09:15 8/8/8/8/8/8/8/8 w - - 0 1
12:09:15 ['c2c3', 'g7g5']
12:09:15 rnbqkbnr/pppppp1p/6p1/8/8/2P5/PP1PPPPP/RNBQKBNR w KQkq - 0 2
12:09:15 8/8/8/8/8/8/8/8 w - - 0 1
12:09:15 ['c2c3', 'g7g6']
12:09:15 rnbqkbnr/pppppp1p/6p1/8/8/2P5/PP1PPPPP/RNBQKBNR w KQkq - 0 2
12:09:15 8/8/8/8/8/8/8/8 w - - 0 1
12:09:15 ['c2c3', 'g7g6']
12:09:15 rnbqkbnr/ppppppp1/8/7p/8/2P5/PP1PPPPP/RNBQKBNR w KQkq h6 0 2
12:09:15 8/8/8/8/8/8/8/8 w - - 0 1
12:09:15 ['c2c3', 'h7h5']
12:09:15 rnbqkbnr/ppppppp1/8/7p/8/2P5/PP1PPPPP/RNBQKBNR w KQkq h6 0 2
12:09:15 8/8/8/8/8/8/8/8 w - - 0 1
12:09:15 ['c2c3', 'h7h5']
12:09:15 rnbqkbnr/ppppppp1/7p/8/8/2P5/PP1PPPPP/RNBQKBNR w KQkq - 0 2
12:09:15 8/8/8/8/8/8/8/8 w - - 0 1
12:09:15 ['c2c3', 'h7h6']
12:09:15 rnbqkbnr/ppppppp1/7p/8/8/2P5/PP1PPPPP/RNBQKBNR w KQkq - 0 2
12:09:15 8/8/8/8/8/8/8/8 w - - 0 1
12:09:15 ['c2c3', 'h7h6']
12:09:15 rnbqkbnr/pppppppp/8/8/3P4/8/PPP1PPPP/RNBQKBNR b KQkq d3 0 1
12:09:15 8/8/8/8/8/8/8/8 w - - 0 1
12:09:15 ['d2d4']
12:09:15 rnbqkbnr/1ppppppp/8/p7/3P4/8/PPP1PPPP/RNBQKBNR w KQkq a6 0 2
12:09:15 8/8/8/8/8/8/8/8 w - - 0 1
12:09:15 ['d2d4', 'a7a5']
12:09:15 rnbqkbnr/1ppppppp/8/p7/3P4/8/PPP1PPPP/RNBQKBNR w KQkq a6 0 2
12:09:15 8/8/8/8/8/8/8/8 w - - 0 1
12:09:15 ['d2d4', 'a7a5']
12:09:15 rnbqkbnr/1ppppppp/p7/8/3P4/8/PPP1PPPP/RNBQKBNR w KQkq - 0 2
12:09:15 8/8/8/8/8/8/8/8 w - - 0 1
12:09:15 ['d2d4', 'a7a6']
12:09:15 rnbqkbnr/1ppppppp/p7/8/3P4/8/PPP1PPPP/RNBQKBNR w KQkq - 0 2
12:09:15 8/8/8/8/8/8/8/8 w - - 0 1
12:09:15 ['d2d4', 'a7a6']
12:09:15 r1bqkbnr/pppppppp/2n5/8/3P4/8/PPP1PPPP/RNBQKBNR w KQkq - 1 2
12:09:15 8/8/8/8/8/8/8/8 w - - 0 1
12:09:15 ['d2d4', 'b8c6']
12:09:15 r1bqkbnr/pppppppp/2n5/8/3P4/8/PPP1PPPP/RNBQKBNR w KQkq - 1 2
12:09:15 8/8/8/8/8/8/8/8 w - - 0 1
12:09:15 ['d2d4', 'b8c6']
12:09:15 r1bqkbnr/pppppppp/n7/8/3P4/8/PPP1PPPP/RNBQKBNR w KQkq - 1 2
12:09:15 8/8/8/8/8/8/8/8 w - - 0 1
12:09:15 ['d2d4', 'b8a6']
12:09:15 r1bqkbnr/pppppppp/n7/8/3P4/8/PPP1PPPP/RNBQKBNR w KQkq - 1 2
12:09:15 8/8/8/8/8/8/8/8 w - - 0 1
12:09:15 ['d2d4', 'b8a6']
12:09:15 rnbqkbnr/p1pppppp/8/1p6/3P4/8/PPP1PPPP/RNBQKBNR w KQkq b6 0 2
12:09:15 8/8/8/8/8/8/8/8 w - - 0 1
12:09:15 ['d2d4', 'b7b5']
12:09:15 rnbqkbnr/p1pppppp/8/1p6/3P4/8/PPP1PPPP/RNBQKBNR w KQkq b6 0 2
12:09:15 8/8/8/8/8/8/8/8 w - - 0 1
12:09:15 ['d2d4', 'b7b5']
12:09:15 rnbqkbnr/p1pppppp/1p6/8/3P4/8/PPP1PPPP/RNBQKBNR w KQkq - 0 2
12:09:15 8/8/8/8/8/8/8/8 w - - 0 1
12:09:15 ['d2d4', 'b7b6']
12:09:15 rnbqkbnr/p1pppppp/1p6/8/3P4/8/PPP1PPPP/RNBQKBNR w KQkq - 0 2
12:09:15 8/8/8/8/8/8/8/8 w - - 0 1
12:09:15 ['d2d4', 'b7b6']
12:09:15 rnbqkbnr/pp1ppppp/8/2p5/3P4/8/PPP1PPPP/RNBQKBNR w KQkq c6 0 2
12:09:15 8/8/8/8/8/8/8/8 w - - 0 1
12:09:15 ['d2d4', 'c7c5']
12:09:15 rnbqkbnr/pp1ppppp/8/2p5/3P4/8/PPP1PPPP/RNBQKBNR w KQkq c6 0 2
12:09:15 8/8/8/8/8/8/8/8 w - - 0 1
12:09:15 ['d2d4', 'c7c5']
12:09:15 rnbqkbnr/pp1ppppp/2p5/8/3P4/8/PPP1PPPP/RNBQKBNR w KQkq - 0 2
12:09:15 8/8/8/8/8/8/8/8 w - - 0 1
12:09:15 ['d2d4', 'c7c6']
12:09:15 rnbqkbnr/pp1ppppp/2p5/8/3P4/8/PPP1PPPP/RNBQKBNR w KQkq - 0 2
12:09:15 8/8/8/8/8/8/8/8 w - - 0 1
12:09:15 ['d2d4', 'c7c6']
12:09:15 rnbqkbnr/ppp1pppp/8/3p4/3P4/8/PPP1PPPP/RNBQKBNR w KQkq d6 0 2
12:09:15 8/8/8/8/8/8/8/8 w - - 0 1
12:09:15 ['d2d4', 'd7d5']
12:09:15 rnbqkbnr/ppp1pppp/8/3p4/3P4/8/PPP1PPPP/RNBQKBNR w KQkq d6 0 2
12:09:15 8/8/8/8/8/8/8/8 w - - 0 1
12:09:15 ['d2d4', 'd7d5']
12:09:15 rnbqkbnr/ppp1pppp/3p4/8/3P4/8/PPP1PPPP/RNBQKBNR w KQkq - 0 2
12:09:15 8/8/8/8/8/8/8/8 w - - 0 1
12:09:15 ['d2d4', 'd7d6']
12:09:15 rnbqkbnr/ppp1pppp/3p4/8/3P4/8/PPP1PPPP/RNBQKBNR w KQkq - 0 2
12:09:15 8/8/8/8/8/8/8/8 w - - 0 1
12:09:15 ['d2d4', 'd7d6']
12:09:15 rnbqkbnr/pppp1ppp/8/4p3/3P4/8/PPP1PPPP/RNBQKBNR w KQkq e6 0 2
12:09:15 8/8/8/8/8/8/8/8 w - - 0 1
12:09:15 ['d2d4', 'e7e5']
12:09:15 rnbqkbnr/pppp1ppp/8/4p3/3P4/8/PPP1PPPP/RNBQKBNR w KQkq e6 0 2
12:09:15 8/8/8/8/8/8/8/8 w - - 0 1
12:09:15 ['d2d4', 'e7e5']
12:09:15 rnbqkbnr/pppp1ppp/4p3/8/3P4/8/PPP1PPPP/RNBQKBNR w KQkq - 0 2
12:09:15 8/8/8/8/8/8/8/8 w - - 0 1
12:09:15 ['d2d4', 'e7e6']
12:09:15 rnbqkbnr/pppp1ppp/4p3/8/3P4/8/PPP1PPPP/RNBQKBNR w KQkq - 0 2
12:09:15 8/8/8/8/8/8/8/8 w - - 0 1
12:09:15 ['d2d4', 'e7e6']
12:09:15 rnbqkbnr/ppppp1pp/8/5p2/3P4/8/PPP1PPPP/RNBQKBNR w KQkq f6 0 2
12:09:15 8/8/8/8/8/8/8/8 w - - 0 1
12:09:15 ['d2d4', 'f7f5']
12:09:15 rnbqkbnr/ppppp1pp/8/5p2/3P4/8/PPP1PPPP/RNBQKBNR w KQkq f6 0 2
12:09:15 8/8/8/8/8/8/8/8 w - - 0 1
12:09:15 ['d2d4', 'f7f5']
12:09:15 rnbqkbnr/ppppp1pp/5p2/8/3P4/8/PPP1PPPP/RNBQKBNR w KQkq - 0 2
12:09:15 8/8/8/8/8/8/8/8 w - - 0 1
12:09:15 ['d2d4', 'f7f6']
12:09:15 rnbqkbnr/ppppp1pp/5p2/8/3P4/8/PPP1PPPP/RNBQKBNR w KQkq - 0 2
12:09:15 8/8/8/8/8/8/8/8 w - - 0 1
12:09:15 ['d2d4', 'f7f6']
12:09:15 rnbqkb1r/pppppppp/7n/8/3P4/8/PPP1PPPP/RNBQKBNR w KQkq - 1 2
12:09:15 8/8/8/8/8/8/8/8 w - - 0 1
12:09:15 ['d2d4', 'g8h6']
12:09:15 rnbqkb1r/pppppppp/7n/8/3P4/8/PPP1PPPP/RNBQKBNR w KQkq - 1 2
12:09:15 8/8/8/8/8/8/8/8 w - - 0 1
12:09:15 ['d2d4', 'g8h6']
12:09:15 rnbqkb1r/pppppppp/5n2/8/3P4/8/PPP1PPPP/RNBQKBNR w KQkq - 1 2
12:09:15 8/8/8/8/8/8/8/8 w - - 0 1
12:09:15 ['d2d4', 'g8f6']
12:09:15 rnbqkb1r/pppppppp/5n2/8/3P4/8/PPP1PPPP/RNBQKBNR w KQkq - 1 2
12:09:15 8/8/8/8/8/8/8/8 w - - 0 1
12:09:15 ['d2d4', 'g8f6']
12:09:15 rnbqkbnr/pppppp1p/8/6p1/3P4/8/PPP1PPPP/RNBQKBNR w KQkq g6 0 2
12:09:15 8/8/8/8/8/8/8/8 w - - 0 1
12:09:15 ['d2d4', 'g7g5']
12:09:15 rnbqkbnr/pppppp1p/8/6p1/3P4/8/PPP1PPPP/RNBQKBNR w KQkq g6 0 2
12:09:15 8/8/8/8/8/8/8/8 w - - 0 1
12:09:15 ['d2d4', 'g7g5']
12:09:15 rnbqkbnr/pppppp1p/6p1/8/3P4/8/PPP1PPPP/RNBQKBNR w KQkq - 0 2
12:09:15 8/8/8/8/8/8/8/8 w - - 0 1
12:09:15 ['d2d4', 'g7g6']
12:09:15 rnbqkbnr/pppppp1p/6p1/8/3P4/8/PPP1PPPP/RNBQKBNR w KQkq - 0 2
12:09:15 8/8/8/8/8/8/8/8 w - - 0 1
12:09:15 ['d2d4', 'g7g6']
12:09:15 rnbqkbnr/ppppppp1/8/7p/3P4/8/PPP1PPPP/RNBQKBNR w KQkq h6 0 2
12:09:15 8/8/8/8/8/8/8/8 w - - 0 1
12:09:15 ['d2d4', 'h7h5']
12:09:15 rnbqkbnr/ppppppp1/8/7p/3P4/8/PPP1PPPP/RNBQKBNR w KQkq h6 0 2
12:09:15 8/8/8/8/8/8/8/8 w - - 0 1
12:09:15 ['d2d4', 'h7h5']
12:09:15 rnbqkbnr/ppppppp1/7p/8/3P4/8/PPP1PPPP/RNBQKBNR w KQkq - 0 2
12:09:15 8/8/8/8/8/8/8/8 w - - 0 1
12:09:15 ['d2d4', 'h7h6']
12:09:15 rnbqkbnr/ppppppp1/7p/8/3P4/8/PPP1PPPP/RNBQKBNR w KQkq - 0 2
12:09:15 8/8/8/8/8/8/8/8 w - - 0 1
12:09:15 ['d2d4', 'h7h6']
12:09:15 rnbqkbnr/pppppppp/8/8/8/3P4/PPP1PPPP/RNBQKBNR b KQkq - 0 1
12:09:15 8/8/8/8/8/8/8/8 w - - 0 1
12:09:15 ['d2d3']
12:09:15 rnbqkbnr/1ppppppp/8/p7/8/3P4/PPP1PPPP/RNBQKBNR w KQkq a6 0 2
12:09:15 8/8/8/8/8/8/8/8 w - - 0 1
12:09:15 ['d2d3', 'a7a5']
12:09:15 rnbqkbnr/1ppppppp/8/p7/8/3P4/PPP1PPPP/RNBQKBNR w KQkq a6 0 2
12:09:15 8/8/8/8/8/8/8/8 w - - 0 1
12:09:15 ['d2d3', 'a7a5']
12:09:15 rnbqkbnr/1ppppppp/p7/8/8/3P4/PPP1PPPP/RNBQKBNR w KQkq - 0 2
12:09:15 8/8/8/8/8/8/8/8 w - - 0 1
12:09:15 ['d2d3', 'a7a6']
12:09:15 rnbqkbnr/1ppppppp/p7/8/8/3P4/PPP1PPPP/RNBQKBNR w KQkq - 0 2
12:09:15 8/8/8/8/8/8/8/8 w - - 0 1
12:09:15 ['d2d3', 'a7a6']
12:09:15 r1bqkbnr/pppppppp/2n5/8/8/3P4/PPP1PPPP/RNBQKBNR w KQkq - 1 2
12:09:15 8/8/8/8/8/8/8/8 w - - 0 1
12:09:15 ['d2d3', 'b8c6']
12:09:15 r1bqkbnr/pppppppp/2n5/8/8/3P4/PPP1PPPP/RNBQKBNR w KQkq - 1 2
12:09:15 8/8/8/8/8/8/8/8 w - - 0 1
12:09:15 ['d2d3', 'b8c6']
12:09:15 r1bqkbnr/pppppppp/n7/8/8/3P4/PPP1PPPP/RNBQKBNR w KQkq - 1 2
12:09:15 8/8/8/8/8/8/8/8 w - - 0 1
12:09:15 ['d2d3', 'b8a6']
12:09:15 r1bqkbnr/pppppppp/n7/8/8/3P4/PPP1PPPP/RNBQKBNR w KQkq - 1 2
12:09:15 8/8/8/8/8/8/8/8 w - - 0 1
12:09:15 ['d2d3', 'b8a6']
12:09:15 rnbqkbnr/p1pppppp/8/1p6/8/3P4/PPP1PPPP/RNBQKBNR w KQkq b6 0 2
12:09:15 8/8/8/8/8/8/8/8 w - - 0 1
12:09:15 ['d2d3', 'b7b5']
12:09:15 rnbqkbnr/p1pppppp/8/1p6/8/3P4/PPP1PPPP/RNBQKBNR w KQkq b6 0 2
12:09:15 8/8/8/8/8/8/8/8 w - - 0 1
12:09:15 ['d2d3', 'b7b5']
12:09:15 rnbqkbnr/p1pppppp/1p6/8/8/3P4/PPP1PPPP/RNBQKBNR w KQkq - 0 2
12:09:15 8/8/8/8/8/8/8/8 w - - 0 1
12:09:15 ['d2d3', 'b7b6']
12:09:15 rnbqkbnr/p1pppppp/1p6/8/8/3P4/PPP1PPPP/RNBQKBNR w KQkq - 0 2
12:09:15 8/8/8/8/8/8/8/8 w - - 0 1
12:09:15 ['d2d3', 'b7b6']
12:09:15 rnbqkbnr/pp1ppppp/8/2p5/8/3P4/PPP1PPPP/RNBQKBNR w KQkq c6 0 2
12:09:15 8/8/8/8/8/8/8/8 w - - 0 1
12:09:15 ['d2d3', 'c7c5']
12:09:15 rnbqkbnr/pp1ppppp/8/2p5/8/3P4/PPP1PPPP/RNBQKBNR w KQkq c6 0 2
12:09:15 8/8/8/8/8/8/8/8 w - - 0 1
12:09:15 ['d2d3', 'c7c5']
12:09:15 rnbqkbnr/pp1ppppp/2p5/8/8/3P4/PPP1PPPP/RNBQKBNR w KQkq - 0 2
12:09:15 8/8/8/8/8/8/8/8 w - - 0 1
12:09:15 ['d2d3', 'c7c6']
12:09:15 rnbqkbnr/pp1ppppp/2p5/8/8/3P4/PPP1PPPP/RNBQKBNR w KQkq - 0 2
12:09:15 8/8/8/8/8/8/8/8 w - - 0 1
12:09:15 ['d2d3', 'c7c6']
12:09:15 rnbqkbnr/ppp1pppp/8/3p4/8/3P4/PPP1PPPP/RNBQKBNR w KQkq d6 0 2
12:09:15 8/8/8/8/8/8/8/8 w - - 0 1
12:09:15 ['d2d3', 'd7d5']
12:09:15 rnbqkbnr/ppp1pppp/8/3p4/8/3P4/PPP1PPPP/RNBQKBNR w KQkq d6 0 2
12:09:15 8/8/8/8/8/8/8/8 w - - 0 1
12:09:15 ['d2d3', 'd7d5']
12:09:15 rnbqkbnr/ppp1pppp/3p4/8/8/3P4/PPP1PPPP/RNBQKBNR w KQkq - 0 2
12:09:15 8/8/8/8/8/8/8/8 w - - 0 1
12:09:15 ['d2d3', 'd7d6']
12:09:15 rnbqkbnr/ppp1pppp/3p4/8/8/3P4/PPP1PPPP/RNBQKBNR w KQkq - 0 2
12:09:15 8/8/8/8/8/8/8/8 w - - 0 1
12:09:15 ['d2d3', 'd7d6']
12:09:15 rnbqkbnr/pppp1ppp/8/4p3/8/3P4/PPP1PPPP/RNBQKBNR w KQkq e6 0 2
12:09:15 8/8/8/8/8/8/8/8 w - - 0 1
12:09:15 ['d2d3', 'e7e5']
12:09:15 rnbqkbnr/pppp1ppp/8/4p3/8/3P4/PPP1PPPP/RNBQKBNR w KQkq e6 0 2
12:09:15 8/8/8/8/8/8/8/8 w - - 0 1
12:09:15 ['d2d3', 'e7e5']
12:09:15 rnbqkbnr/pppp1ppp/4p3/8/8/3P4/PPP1PPPP/RNBQKBNR w KQkq - 0 2
12:09:15 8/8/8/8/8/8/8/8 w - - 0 1
12:09:15 ['d2d3', 'e7e6']
12:09:15 rnbqkbnr/pppp1ppp/4p3/8/8/3P4/PPP1PPPP/RNBQKBNR w KQkq - 0 2
12:09:15 8/8/8/8/8/8/8/8 w - - 0 1
12:09:15 ['d2d3', 'e7e6']
12:09:15 rnbqkbnr/ppppp1pp/8/5p2/8/3P4/PPP1PPPP/RNBQKBNR w KQkq f6 0 2
12:09:15 8/8/8/8/8/8/8/8 w - - 0 1
12:09:15 ['d2d3', 'f7f5']
12:09:15 rnbqkbnr/ppppp1pp/8/5p2/8/3P4/PPP1PPPP/RNBQKBNR w KQkq f6 0 2
12:09:15 8/8/8/8/8/8/8/8 w - - 0 1
12:09:15 ['d2d3', 'f7f5']
12:09:15 rnbqkbnr/ppppp1pp/5p2/8/8/3P4/PPP1PPPP/RNBQKBNR w KQkq - 0 2
12:09:15 8/8/8/8/8/8/8/8 w - - 0 1
12:09:15 ['d2d3', 'f7f6']
12:09:15 rnbqkbnr/ppppp1pp/5p2/8/8/3P4/PPP1PPPP/RNBQKBNR w KQkq - 0 2
12:09:15 8/8/8/8/8/8/8/8 w - - 0 1
12:09:15 ['d2d3', 'f7f6']
12:09:15 rnbqkb1r/pppppppp/7n/8/8/3P4/PPP1PPPP/RNBQKBNR w KQkq - 1 2
12:09:15 8/8/8/8/8/8/8/8 w - - 0 1
12:09:15 ['d2d3', 'g8h6']
12:09:15 rnbqkb1r/pppppppp/7n/8/8/3P4/PPP1PPPP/RNBQKBNR w KQkq - 1 2
12:09:15 8/8/8/8/8/8/8/8 w - - 0 1
12:09:15 ['d2d3', 'g8h6']
12:09:15 rnbqkb1r/pppppppp/5n2/8/8/3P4/PPP1PPPP/RNBQKBNR w KQkq - 1 2
12:09:15 8/8/8/8/8/8/8/8 w - - 0 1
12:09:15 ['d2d3', 'g8f6']
12:09:15 rnbqkb1r/pppppppp/5n2/8/8/3P4/PPP1PPPP/RNBQKBNR w KQkq - 1 2
12:09:15 8/8/8/8/8/8/8/8 w - - 0 1
12:09:15 ['d2d3', 'g8f6']
12:09:15 rnbqkbnr/pppppp1p/8/6p1/8/3P4/PPP1PPPP/RNBQKBNR w KQkq g6 0 2
12:09:15 8/8/8/8/8/8/8/8 w - - 0 1
12:09:15 ['d2d3', 'g7g5']
12:09:15 rnbqkbnr/pppppp1p/8/6p1/8/3P4/PPP1PPPP/RNBQKBNR w KQkq g6 0 2
12:09:15 8/8/8/8/8/8/8/8 w - - 0 1
12:09:15 ['d2d3', 'g7g5']
12:09:15 rnbqkbnr/pppppp1p/6p1/8/8/3P4/PPP1PPPP/RNBQKBNR w KQkq - 0 2
12:09:15 8/8/8/8/8/8/8/8 w - - 0 1
12:09:15 ['d2d3', 'g7g6']
12:09:15 rnbqkbnr/pppppp1p/6p1/8/8/3P4/PPP1PPPP/RNBQKBNR w KQkq - 0 2
12:09:15 8/8/8/8/8/8/8/8 w - - 0 1
12:09:15 ['d2d3', 'g7g6']
12:09:15 rnbqkbnr/ppppppp1/8/7p/8/3P4/PPP1PPPP/RNBQKBNR w KQkq h6 0 2
12:09:15 8/8/8/8/8/8/8/8 w - - 0 1
12:09:15 ['d2d3', 'h7h5']
12:09:15 rnbqkbnr/ppppppp1/8/7p/8/3P4/PPP1PPPP/RNBQKBNR w KQkq h6 0 2
12:09:15 8/8/8/8/8/8/8/8 w - - 0 1
12:09:15 ['d2d3', 'h7h5']
12:09:15 rnbqkbnr/ppppppp1/7p/8/8/3P4/PPP1PPPP/RNBQKBNR w KQkq - 0 2
12:09:15 8/8/8/8/8/8/8/8 w - - 0 1
12:09:15 ['d2d3', 'h7h6']
12:09:15 rnbqkbnr/ppppppp1/7p/8/8/3P4/PPP1PPPP/RNBQKBNR w KQkq - 0 2
12:09:15 8/8/8/8/8/8/8/8 w - - 0 1
12:09:15 ['d2d3', 'h7h6']
12:09:15 rnbqkbnr/pppppppp/8/8/4P3/8/PPPP1PPP/RNBQKBNR b KQkq e3 0 1
12:09:15 8/8/8/8/8/8/8/8 w - - 0 1
12:09:15 ['e2e4']
12:09:15 rnbqkbnr/1ppppppp/8/p7/4P3/8/PPPP1PPP/RNBQKBNR w KQkq a6 0 2
12:09:15 8/8/8/8/8/8/8/8 w - - 0 1
12:09:15 ['e2e4', 'a7a5']
12:09:15 rnbqkbnr/1ppppppp/8/p7/4P3/8/PPPP1PPP/RNBQKBNR w KQkq a6 0 2
12:09:15 8/8/8/8/8/8/8/8 w - - 0 1
12:09:15 ['e2e4', 'a7a5']
12:09:15 rnbqkbnr/1ppppppp/p7/8/4P3/8/PPPP1PPP/RNBQKBNR w KQkq - 0 2
12:09:15 8/8/8/8/8/8/8/8 w - - 0 1
12:09:15 ['e2e4', 'a7a6']
12:09:15 rnbqkbnr/1ppppppp/p7/8/4P3/8/PPPP1PPP/RNBQKBNR w KQkq - 0 2
12:09:15 8/8/8/8/8/8/8/8 w - - 0 1
12:09:15 ['e2e4', 'a7a6']
12:09:15 r1bqkbnr/pppppppp/2n5/8/4P3/8/PPPP1PPP/RNBQKBNR w KQkq - 1 2
12:09:15 8/8/8/8/8/8/8/8 w - - 0 1
12:09:15 ['e2e4', 'b8c6']
12:09:15 r1bqkbnr/pppppppp/2n5/8/4P3/8/PPPP1PPP/RNBQKBNR w KQkq - 1 2
12:09:15 8/8/8/8/8/8/8/8 w - - 0 1
12:09:15 ['e2e4', 'b8c6']
12:09:15 r1bqkbnr/pppppppp/n7/8/4P3/8/PPPP1PPP/RNBQKBNR w KQkq - 1 2
12:09:15 8/8/8/8/8/8/8/8 w - - 0 1
12:09:15 ['e2e4', 'b8a6']
12:09:15 r1bqkbnr/pppppppp/n7/8/4P3/8/PPPP1PPP/RNBQKBNR w KQkq - 1 2
12:09:15 8/8/8/8/8/8/8/8 w - - 0 1
12:09:15 ['e2e4', 'b8a6']
12:09:15 rnbqkbnr/p1pppppp/8/1p6/4P3/8/PPPP1PPP/RNBQKBNR w KQkq b6 0 2
12:09:15 8/8/8/8/8/8/8/8 w - - 0 1
12:09:15 ['e2e4', 'b7b5']
12:09:15 rnbqkbnr/p1pppppp/8/1p6/4P3/8/PPPP1PPP/RNBQKBNR w KQkq b6 0 2
12:09:15 8/8/8/8/8/8/8/8 w - - 0 1
12:09:15 ['e2e4', 'b7b5']
12:09:15 rnbqkbnr/p1pppppp/1p6/8/4P3/8/PPPP1PPP/RNBQKBNR w KQkq - 0 2
12:09:15 8/8/8/8/8/8/8/8 w - - 0 1
12:09:15 ['e2e4', 'b7b6']
12:09:15 rnbqkbnr/p1pppppp/1p6/8/4P3/8/PPPP1PPP/RNBQKBNR w KQkq - 0 2
12:09:15 8/8/8/8/8/8/8/8 w - - 0 1
12:09:15 ['e2e4', 'b7b6']
12:09:15 rnbqkbnr/pp1ppppp/8/2p5/4P3/8/PPPP1PPP/RNBQKBNR w KQkq c6 0 2
12:09:15 8/8/8/8/8/8/8/8 w - - 0 1
12:09:15 ['e2e4', 'c7c5']
12:09:15 rnbqkbnr/pp1ppppp/8/2p5/4P3/8/PPPP1PPP/RNBQKBNR w KQkq c6 0 2
12:09:15 8/8/8/8/8/8/8/8 w - - 0 1
12:09:15 ['e2e4', 'c7c5']
12:09:15 rnbqkbnr/pp1ppppp/2p5/8/4P3/8/PPPP1PPP/RNBQKBNR w KQkq - 0 2
12:09:15 8/8/8/8/8/8/8/8 w - - 0 1
12:09:15 ['e2e4', 'c7c6']
12:09:15 rnbqkbnr/pp1ppppp/2p5/8/4P3/8/PPPP1PPP/RNBQKBNR w KQkq - 0 2
12:09:15 8/8/8/8/8/8/8/8 w - - 0 1
12:09:15 ['e2e4', 'c7c6']
12:09:15 rnbqkbnr/ppp1pppp/8/3p4/4P3/8/PPPP1PPP/RNBQKBNR w KQkq d6 0 2
12:09:15 8/8/8/8/8/8/8/8 w - - 0 1
12:09:15 ['e2e4', 'd7d5']
12:09:15 rnbqkbnr/ppp1pppp/8/3p4/4P3/8/PPPP1PPP/RNBQKBNR w KQkq d6 0 2
12:09:15 8/8/8/8/8/8/8/8 w - - 0 1
12:09:15 ['e2e4', 'd7d5']
12:09:15 rnbqkbnr/ppp1pppp/3p4/8/4P3/8/PPPP1PPP/RNBQKBNR w KQkq - 0 2
12:09:15 8/8/8/8/8/8/8/8 w - - 0 1
12:09:15 ['e2e4', 'd7d6']
12:09:15 rnbqkbnr/ppp1pppp/3p4/8/4P3/8/PPPP1PPP/RNBQKBNR w KQkq - 0 2
12:09:15 8/8/8/8/8/8/8/8 w - - 0 1
12:09:15 ['e2e4', 'd7d6']
12:09:15 rnbqkbnr/pppp1ppp/8/4p3/4P3/8/PPPP1PPP/RNBQKBNR w KQkq e6 0 2
12:09:15 8/8/8/8/8/8/8/8 w - - 0 1
12:09:15 ['e2e4', 'e7e5']
12:09:15 rnbqkbnr/pppp1ppp/8/4p3/4P3/8/PPPP1PPP/RNBQKBNR w KQkq e6 0 2
12:09:15 8/8/8/8/8/8/8/8 w - - 0 1
12:09:15 ['e2e4', 'e7e5']
12:09:15 rnbqkbnr/pppp1ppp/4p3/8/4P3/8/PPPP1PPP/RNBQKBNR w KQkq - 0 2
12:09:15 8/8/8/8/8/8/8/8 w - - 0 1
12:09:15 ['e2e4', 'e7e6']
12:09:15 rnbqkbnr/pppp1ppp/4p3/8/4P3/8/PPPP1PPP/RNBQKBNR w KQkq - 0 2
12:09:15 8/8/8/8/8/8/8/8 w - - 0 1
12:09:15 ['e2e4', 'e7e6']
12:09:15 rnbqkbnr/ppppp1pp/8/5p2/4P3/8/PPPP1PPP/RNBQKBNR w KQkq f6 0 2
12:09:15 8/8/8/8/8/8/8/8 w - - 0 1
12:09:15 ['e2e4', 'f7f5']
12:09:15 rnbqkbnr/ppppp1pp/8/5p2/4P3/8/PPPP1PPP/RNBQKBNR w KQkq f6 0 2
12:09:15 8/8/8/8/8/8/8/8 w - - 0 1
12:09:15 ['e2e4', 'f7f5']
12:09:15 rnbqkbnr/ppppp1pp/5p2/8/4P3/8/PPPP1PPP/RNBQKBNR w KQkq - 0 2
12:09:15 8/8/8/8/8/8/8/8 w - - 0 1
12:09:15 ['e2e4', 'f7f6']
12:09:15 rnbqkbnr/ppppp1pp/5p2/8/4P3/8/PPPP1PPP/RNBQKBNR w KQkq - 0 2
12:09:15 8/8/8/8/8/8/8/8 w - - 0 1
12:09:15 ['e2e4', 'f7f6']
12:09:15 rnbqkb1r/pppppppp/7n/8/4P3/8/PPPP1PPP/RNBQKBNR w KQkq - 1 2
12:09:15 8/8/8/8/8/8/8/8 w - - 0 1
12:09:15 ['e2e4', 'g8h6']
12:09:15 rnbqkb1r/pppppppp/7n/8/4P3/8/PPPP1PPP/RNBQKBNR w KQkq - 1 2
12:09:15 8/8/8/8/8/8/8/8 w - - 0 1
12:09:15 ['e2e4', 'g8h6']
12:09:15 rnbqkb1r/pppppppp/5n2/8/4P3/8/PPPP1PPP/RNBQKBNR w KQkq - 1 2
12:09:15 8/8/8/8/8/8/8/8 w - - 0 1
12:09:15 ['e2e4', 'g8f6']
12:09:15 rnbqkb1r/pppppppp/5n2/8/4P3/8/PPPP1PPP/RNBQKBNR w KQkq - 1 2
12:09:15 8/8/8/8/8/8/8/8 w - - 0 1
12:09:15 ['e2e4', 'g8f6']
12:09:15 rnbqkbnr/pppppp1p/8/6p1/4P3/8/PPPP1PPP/RNBQKBNR w KQkq g6 0 2
12:09:15 8/8/8/8/8/8/8/8 w - - 0 1
12:09:15 ['e2e4', 'g7g5']
12:09:15 rnbqkbnr/pppppp1p/8/6p1/4P3/8/PPPP1PPP/RNBQKBNR w KQkq g6 0 2
12:09:15 8/8/8/8/8/8/8/8 w - - 0 1
12:09:15 ['e2e4', 'g7g5']
12:09:15 rnbqkbnr/pppppp1p/6p1/8/4P3/8/PPPP1PPP/RNBQKBNR w KQkq - 0 2
12:09:15 8/8/8/8/8/8/8/8 w - - 0 1
12:09:15 ['e2e4', 'g7g6']
12:09:15 rnbqkbnr/pppppp1p/6p1/8/4P3/8/PPPP1PPP/RNBQKBNR w KQkq - 0 2
12:09:15 8/8/8/8/8/8/8/8 w - - 0 1
12:09:15 ['e2e4', 'g7g6']
12:09:15 rnbqkbnr/ppppppp1/8/7p/4P3/8/PPPP1PPP/RNBQKBNR w KQkq h6 0 2
12:09:15 8/8/8/8/8/8/8/8 w - - 0 1
12:09:15 ['e2e4', 'h7h5']
12:09:15 rnbqkbnr/ppppppp1/8/7p/4P3/8/PPPP1PPP/RNBQKBNR w KQkq h6 0 2
12:09:15 8/8/8/8/8/8/8/8 w - - 0 1
12:09:15 ['e2e4', 'h7h5']
12:09:15 rnbqkbnr/ppppppp1/7p/8/4P3/8/PPPP1PPP/RNBQKBNR w KQkq - 0 2
12:09:15 8/8/8/8/8/8/8/8 w - - 0 1
12:09:15 ['e2e4', 'h7h6']
12:09:15 rnbqkbnr/ppppppp1/7p/8/4P3/8/PPPP1PPP/RNBQKBNR w KQkq - 0 2
12:09:15 8/8/8/8/8/8/8/8 w - - 0 1
12:09:15 ['e2e4', 'h7h6']
12:09:16 rnbqkbnr/pppppppp/8/8/8/4P3/PPPP1PPP/RNBQKBNR b KQkq - 0 1
12:09:16 8/8/8/8/8/8/8/8 w - - 0 1
12:09:16 ['e2e3']
12:09:16 rnbqkbnr/1ppppppp/8/p7/8/4P3/PPPP1PPP/RNBQKBNR w KQkq a6 0 2
12:09:16 8/8/8/8/8/8/8/8 w - - 0 1
12:09:16 ['e2e3', 'a7a5']
12:09:16 rnbqkbnr/1ppppppp/8/p7/8/4P3/PPPP1PPP/RNBQKBNR w KQkq a6 0 2
12:09:16 8/8/8/8/8/8/8/8 w - - 0 1
12:09:16 ['e2e3', 'a7a5']
